#
# A fatal error has been detected by the Java Runtime Environment:
#
#  EXCEPTION_ACCESS_VIOLATION (0xc0000005) at pc=0x00000000566ba3c5, pid=6580, tid=5264
#
# JRE version: Java(TM) SE Runtime Environment (8.0_25-b18) (build 1.8.0_25-b18)
# Java VM: Java HotSpot(TM) 64-Bit Server VM (25.25-b02 mixed mode windows-amd64 compressed oops)
# Problematic frame:
# V  [jvm.dll+0x11a3c5]
#
# Failed to write core dump. Minidumps are not enabled by default on client versions of Windows
#
# If you would like to submit a bug report, please visit:
#   http://bugreport.sun.com/bugreport/crash.jsp
#

---------------  T H R E A D  ---------------

Current thread (0x0000000054b83000):  JavaThread "JDWP Transport Listener: dt_socket" daemon [_thread_in_vm, id=5264, stack(0x0000000056400000,0x0000000056500000)]

siginfo: ExceptionCode=0xc0000005, reading address 0xffffffffffffffff

Registers:
RAX=0x00000000564ff701, RBX=0x0000000054b83000, RCX=0x472479726f746361, RDX=0x0000000000000000
RSP=0x00000000564ff740, RBP=0x472479726f746361, RSI=0x00000000564ff858, RDI=0x0000000002578a00
R8 =0x0000000054b83000, R9 =0x00039130001a000d, R10=0x0000000000000000, R11=0x00000000564ff9d5
R12=0x0000000000000000, R13=0x0000000054b83d98, R14=0x0000000000000000, R15=0x0000000000000000
RIP=0x00000000566ba3c5, EFLAGS=0x0000000000010202

Top of Stack: (sp=0x00000000564ff740)
0x00000000564ff740:   0000000054b83000 0000000054b83000
0x00000000564ff750:   00000000564ff808 00000000568b78db
0x00000000564ff760:   0000000054b83000 00000000568d413d
0x00000000564ff770:   0000000000000000 0000000060259149
0x00000000564ff780:   0000000057fbf740 0000000060262912
0x00000000564ff790:   0000000054b83000 0000000000000000
0x00000000564ff7a0:   0000000000000000 0000000000000000
0x00000000564ff7b0:   472479726f746361 0000000060261a09
0x00000000564ff7c0:   00000000564ff858 00000000564ff830
0x00000000564ff7d0:   0000000000000001 0000000057fbf740
0x00000000564ff7e0:   472479726f746361 00000000602453b3
0x00000000564ff7f0:   00000000564ff920 0000000000000001
0x00000000564ff800:   0000000000000001 0000000057fbf740
0x00000000564ff810:   0000000000000001 0000000000000000
0x00000000564ff820:   0000000000000000 0000000000000000
0x00000000564ff830:   0000000000000001 0000000060245571 

Instructions: (pc=0x00000000566ba3c5)
0x00000000566ba3a5:   cc cc cc cc cc cc cc cc cc cc cc 48 83 ec 28 48
0x00000000566ba3b5:   85 c9 75 07 33 c0 48 83 c4 28 c3 48 89 5c 24 20
0x00000000566ba3c5:   48 8b 19 48 85 db 74 20 48 83 fb 37 74 1a 48 8b
0x00000000566ba3d5:   13 48 8b cb ff 52 10 84 c0 74 0d 48 8b c3 48 8b 


Register to memory mapping:

RAX=0x00000000564ff701 is pointing into the stack for thread: 0x0000000054b83000
RBX=0x0000000054b83000 is a thread
RCX=0x472479726f746361 is an unknown value
RDX=0x0000000000000000 is an unknown value
RSP=0x00000000564ff740 is pointing into the stack for thread: 0x0000000054b83000
RBP=0x472479726f746361 is an unknown value
RSI=0x00000000564ff858 is pointing into the stack for thread: 0x0000000054b83000
RDI=0x0000000002578a00 is an unknown value
R8 =0x0000000054b83000 is a thread
R9 =0x00039130001a000d is an unknown value
R10=0x0000000000000000 is an unknown value
R11=0x00000000564ff9d5 is pointing into the stack for thread: 0x0000000054b83000
R12=0x0000000000000000 is an unknown value
R13=0x0000000054b83d98 is an unknown value
R14=0x0000000000000000 is an unknown value
R15=0x0000000000000000 is an unknown value


Stack: [0x0000000056400000,0x0000000056500000],  sp=0x00000000564ff740,  free space=1021k
Native frames: (J=compiled Java code, j=interpreted, Vv=VM code, C=native code)
V  [jvm.dll+0x11a3c5]
V  [jvm.dll+0x33413d]
C  [jdwp.dll+0x21a09]
C  [jdwp.dll+0x53b3]
C  [jdwp.dll+0x5571]
C  [jdwp.dll+0xf09c]
C  [jdwp.dll+0x1f2c9]
C  [jdwp.dll+0x1f49e]
V  [jvm.dll+0x1abba8]
V  [jvm.dll+0x22bde4]
V  [jvm.dll+0x2852fa]
C  [msvcr100.dll+0x21d9f]
C  [msvcr100.dll+0x21e3b]
C  [kernel32.dll+0x1652d]
C  [ntdll.dll+0x2c521]


---------------  P R O C E S S  ---------------

Java Threads: ( => current thread )
  0x00000000579c1000 JavaThread "LWJGL Timer" daemon [_thread_blocked, id=7084, stack(0x000000005e090000,0x000000005e190000)]
  0x000000005799c800 JavaThread "AsynchExecutor-Thread" daemon [_thread_blocked, id=6496, stack(0x000000005e330000,0x000000005e430000)]
  0x0000000057955800 JavaThread "AWT-Windows" daemon [_thread_in_native, id=5876, stack(0x000000005dab0000,0x000000005dbb0000)]
  0x000000005794c800 JavaThread "Java2D Disposer" daemon [_thread_blocked, id=2200, stack(0x000000005cd20000,0x000000005ce20000)]
  0x000000000257f000 JavaThread "DestroyJavaVM" [_thread_blocked, id=8164, stack(0x00000000028b0000,0x00000000029b0000)]
  0x0000000057542000 JavaThread "LWJGL Application" [_thread_blocked, id=5896, stack(0x0000000058630000,0x0000000058730000)]
  0x0000000054bbe800 JavaThread "Service Thread" daemon [_thread_blocked, id=8064, stack(0x0000000056140000,0x0000000056240000)]
  0x0000000054bbd000 JavaThread "C1 CompilerThread1" daemon [_thread_blocked, id=8168, stack(0x00000000576f0000,0x00000000577f0000)]
  0x0000000054b99800 JavaThread "C2 CompilerThread0" daemon [_thread_blocked, id=7284, stack(0x0000000057190000,0x0000000057290000)]
  0x0000000054b8b000 JavaThread "JDWP Command Reader" daemon [_thread_in_native, id=4476, stack(0x0000000057020000,0x0000000057120000)]
  0x0000000054b87800 JavaThread "JDWP Event Helper Thread" daemon [_thread_blocked, id=8008, stack(0x0000000056f20000,0x0000000057020000)]
=>0x0000000054b83000 JavaThread "JDWP Transport Listener: dt_socket" daemon [_thread_in_vm, id=5264, stack(0x0000000056400000,0x0000000056500000)]
  0x0000000054b75800 JavaThread "Attach Listener" daemon [_thread_blocked, id=7540, stack(0x0000000055cc0000,0x0000000055dc0000)]
  0x0000000054b55000 JavaThread "Signal Dispatcher" daemon [_thread_blocked, id=7312, stack(0x0000000055ad0000,0x0000000055bd0000)]
  0x0000000054af9000 JavaThread "Finalizer" daemon [_thread_blocked, id=7520, stack(0x0000000055990000,0x0000000055a90000)]
  0x0000000054af2000 JavaThread "Reference Handler" daemon [_thread_blocked, id=804, stack(0x0000000055820000,0x0000000055920000)]

Other Threads:
  0x0000000054aec000 VMThread [stack: 0x00000000555c0000,0x00000000556c0000] [id=7848]
  0x0000000054bbf800 WatcherThread [stack: 0x0000000056e20000,0x0000000056f20000] [id=4692]

VM state:not at safepoint (normal execution)

VM Mutex/Monitor currently owned by a thread: None

Heap:
 PSYoungGen      total 20480K, used 4220K [0x00000000eb500000, 0x00000000ecd00000, 0x0000000100000000)
  eden space 16384K, 25% used [0x00000000eb500000,0x00000000eb9170a8,0x00000000ec500000)
  from space 4096K, 0% used [0x00000000ec500000,0x00000000ec508000,0x00000000ec900000)
  to   space 4096K, 0% used [0x00000000ec900000,0x00000000ec900000,0x00000000ecd00000)
 ParOldGen       total 44032K, used 6200K [0x00000000c1e00000, 0x00000000c4900000, 0x00000000eb500000)
  object space 44032K, 14% used [0x00000000c1e00000,0x00000000c240e2a8,0x00000000c4900000)
 Metaspace       used 12428K, capacity 12685K, committed 12800K, reserved 1060864K
  class space    used 1229K, capacity 1271K, committed 1280K, reserved 1048576K

Card table byte_map: [0x0000000011d70000,0x0000000011f70000] byte_map_base: 0x0000000011761000

Marking Bits: (ParMarkBitMap*) 0x0000000056d7d490
 Begin Bits: [0x00000000120b0000, 0x0000000013038000)
 End Bits:   [0x0000000013038000, 0x0000000013fc0000)

Polling page: 0x0000000000320000

CodeCache: size=245760Kb used=6610Kb max_used=6617Kb free=239149Kb
 bounds [0x00000000029b0000, 0x0000000003030000, 0x00000000119b0000]
 total_blobs=2328 nmethods=1761 adapters=489
 compilation: enabled

Compilation events (10 events):
Event: 422.825 Thread 0x0000000054b99800 1950       4       com.badlogic.gdx.graphics.g2d.SpriteBatch::setTransformMatrix (32 bytes)
Event: 422.827 Thread 0x0000000054b99800 nmethod 1950 0x0000000003021090 code [0x0000000003021200, 0x0000000003021438]
Event: 422.875 Thread 0x0000000054b99800 1951       4       com.badlogic.gdx.math.Vector3::mul (107 bytes)
Event: 422.876 Thread 0x0000000054b99800 nmethod 1951 0x0000000003023550 code [0x00000000030236a0, 0x0000000003023838]
Event: 423.151 Thread 0x0000000054bbd000 1952       3       java.util.LinkedList::add (32 bytes)
Event: 423.152 Thread 0x0000000054bbd000 nmethod 1952 0x0000000003022bd0 code [0x0000000003022da0, 0x00000000030232c8]
Event: 423.152 Thread 0x0000000054bbd000 1953       3       java.util.LinkedList::linkBefore (63 bytes)
Event: 423.152 Thread 0x0000000054bbd000 nmethod 1953 0x0000000002b088d0 code [0x0000000002b08a40, 0x0000000002b08d90]
Event: 425.184 Thread 0x0000000054b99800 1954       4       com.badlogic.gdx.graphics.Camera::project (57 bytes)
Event: 425.187 Thread 0x0000000054b99800 nmethod 1954 0x0000000003024490 code [0x0000000003024620, 0x0000000003024958]

GC Heap History (10 events):
Event: 388.598 GC heap before
{Heap before GC invocations=17 (full 0):
 PSYoungGen      total 20480K, used 16416K [0x00000000eb500000, 0x00000000ece00000, 0x0000000100000000)
  eden space 16384K, 100% used [0x00000000eb500000,0x00000000ec500000,0x00000000ec500000)
  from space 4096K, 0% used [0x00000000eca00000,0x00000000eca08000,0x00000000ece00000)
  to   space 4608K, 0% used [0x00000000ec500000,0x00000000ec500000,0x00000000ec980000)
 ParOldGen       total 44032K, used 5344K [0x00000000c1e00000, 0x00000000c4900000, 0x00000000eb500000)
  object space 44032K, 12% used [0x00000000c1e00000,0x00000000c2338038,0x00000000c4900000)
 Metaspace       used 11596K, capacity 11885K, committed 12032K, reserved 1060864K
  class space    used 1148K, capacity 1201K, committed 1280K, reserved 1048576K
Event: 388.724 GC heap after
Heap after GC invocations=17 (full 0):
 PSYoungGen      total 20992K, used 32K [0x00000000eb500000, 0x00000000ece00000, 0x0000000100000000)
  eden space 16384K, 0% used [0x00000000eb500000,0x00000000eb500000,0x00000000ec500000)
  from space 4608K, 0% used [0x00000000ec500000,0x00000000ec508000,0x00000000ec980000)
  to   space 4608K, 0% used [0x00000000ec980000,0x00000000ec980000,0x00000000ece00000)
 ParOldGen       total 44032K, used 5352K [0x00000000c1e00000, 0x00000000c4900000, 0x00000000eb500000)
  object space 44032K, 12% used [0x00000000c1e00000,0x00000000c233a038,0x00000000c4900000)
 Metaspace       used 11596K, capacity 11885K, committed 12032K, reserved 1060864K
  class space    used 1148K, capacity 1201K, committed 1280K, reserved 1048576K
}
Event: 408.858 GC heap before
{Heap before GC invocations=18 (full 0):
 PSYoungGen      total 20992K, used 15994K [0x00000000eb500000, 0x00000000ece00000, 0x0000000100000000)
  eden space 16384K, 97% used [0x00000000eb500000,0x00000000ec4968a8,0x00000000ec500000)
  from space 4608K, 0% used [0x00000000ec500000,0x00000000ec508000,0x00000000ec980000)
  to   space 4608K, 0% used [0x00000000ec980000,0x00000000ec980000,0x00000000ece00000)
 ParOldGen       total 44032K, used 5352K [0x00000000c1e00000, 0x00000000c4900000, 0x00000000eb500000)
  object space 44032K, 12% used [0x00000000c1e00000,0x00000000c233a038,0x00000000c4900000)
 Metaspace       used 11839K, capacity 12109K, committed 12288K, reserved 1060864K
  class space    used 1167K, capacity 1233K, committed 1280K, reserved 1048576K
Event: 408.859 GC heap after
Heap after GC invocations=18 (full 0):
 PSYoungGen      total 20992K, used 2454K [0x00000000eb500000, 0x00000000ece00000, 0x0000000100000000)
  eden space 16384K, 0% used [0x00000000eb500000,0x00000000eb500000,0x00000000ec500000)
  from space 4608K, 53% used [0x00000000ec980000,0x00000000ecbe5a70,0x00000000ece00000)
  to   space 4608K, 0% used [0x00000000ec500000,0x00000000ec500000,0x00000000ec980000)
 ParOldGen       total 44032K, used 5360K [0x00000000c1e00000, 0x00000000c4900000, 0x00000000eb500000)
  object space 44032K, 12% used [0x00000000c1e00000,0x00000000c233c038,0x00000000c4900000)
 Metaspace       used 11839K, capacity 12109K, committed 12288K, reserved 1060864K
  class space    used 1167K, capacity 1233K, committed 1280K, reserved 1048576K
}
Event: 413.221 GC heap before
{Heap before GC invocations=19 (full 0):
 PSYoungGen      total 20992K, used 18838K [0x00000000eb500000, 0x00000000ece00000, 0x0000000100000000)
  eden space 16384K, 100% used [0x00000000eb500000,0x00000000ec500000,0x00000000ec500000)
  from space 4608K, 53% used [0x00000000ec980000,0x00000000ecbe5a70,0x00000000ece00000)
  to   space 4608K, 0% used [0x00000000ec500000,0x00000000ec500000,0x00000000ec980000)
 ParOldGen       total 44032K, used 5360K [0x00000000c1e00000, 0x00000000c4900000, 0x00000000eb500000)
  object space 44032K, 12% used [0x00000000c1e00000,0x00000000c233c038,0x00000000c4900000)
 Metaspace       used 12290K, capacity 12551K, committed 12800K, reserved 1060864K
  class space    used 1224K, capacity 1270K, committed 1280K, reserved 1048576K
Event: 413.222 GC heap after
Heap after GC invocations=19 (full 0):
 PSYoungGen      total 20992K, used 840K [0x00000000eb500000, 0x00000000ece00000, 0x0000000100000000)
  eden space 16384K, 0% used [0x00000000eb500000,0x00000000eb500000,0x00000000ec500000)
  from space 4608K, 18% used [0x00000000ec500000,0x00000000ec5d20e0,0x00000000ec980000)
  to   space 4608K, 0% used [0x00000000ec980000,0x00000000ec980000,0x00000000ece00000)
 ParOldGen       total 44032K, used 5376K [0x00000000c1e00000, 0x00000000c4900000, 0x00000000eb500000)
  object space 44032K, 12% used [0x00000000c1e00000,0x00000000c2340038,0x00000000c4900000)
 Metaspace       used 12290K, capacity 12551K, committed 12800K, reserved 1060864K
  class space    used 1224K, capacity 1270K, committed 1280K, reserved 1048576K
}
Event: 418.845 GC heap before
{Heap before GC invocations=20 (full 0):
 PSYoungGen      total 20992K, used 17224K [0x00000000eb500000, 0x00000000ece00000, 0x0000000100000000)
  eden space 16384K, 100% used [0x00000000eb500000,0x00000000ec500000,0x00000000ec500000)
  from space 4608K, 18% used [0x00000000ec500000,0x00000000ec5d20e0,0x00000000ec980000)
  to   space 4608K, 0% used [0x00000000ec980000,0x00000000ec980000,0x00000000ece00000)
 ParOldGen       total 44032K, used 5376K [0x00000000c1e00000, 0x00000000c4900000, 0x00000000eb500000)
  object space 44032K, 12% used [0x00000000c1e00000,0x00000000c2340038,0x00000000c4900000)
 Metaspace       used 12389K, capacity 12621K, committed 12800K, reserved 1060864K
  class space    used 1228K, capacity 1271K, committed 1280K, reserved 1048576K
Event: 418.848 GC heap after
Heap after GC invocations=20 (full 0):
 PSYoungGen      total 19968K, used 288K [0x00000000eb500000, 0x00000000ecd00000, 0x0000000100000000)
  eden space 16384K, 0% used [0x00000000eb500000,0x00000000eb500000,0x00000000ec500000)
  from space 3584K, 8% used [0x00000000ec980000,0x00000000ec9c8000,0x00000000ecd00000)
  to   space 4096K, 0% used [0x00000000ec500000,0x00000000ec500000,0x00000000ec900000)
 ParOldGen       total 44032K, used 5968K [0x00000000c1e00000, 0x00000000c4900000, 0x00000000eb500000)
  object space 44032K, 13% used [0x00000000c1e00000,0x00000000c23d4288,0x00000000c4900000)
 Metaspace       used 12389K, capacity 12621K, committed 12800K, reserved 1060864K
  class space    used 1228K, capacity 1271K, committed 1280K, reserved 1048576K
}
Event: 424.867 GC heap before
{Heap before GC invocations=21 (full 0):
 PSYoungGen      total 19968K, used 16672K [0x00000000eb500000, 0x00000000ecd00000, 0x0000000100000000)
  eden space 16384K, 100% used [0x00000000eb500000,0x00000000ec500000,0x00000000ec500000)
  from space 3584K, 8% used [0x00000000ec980000,0x00000000ec9c8000,0x00000000ecd00000)
  to   space 4096K, 0% used [0x00000000ec500000,0x00000000ec500000,0x00000000ec900000)
 ParOldGen       total 44032K, used 5968K [0x00000000c1e00000, 0x00000000c4900000, 0x00000000eb500000)
  object space 44032K, 13% used [0x00000000c1e00000,0x00000000c23d4288,0x00000000c4900000)
 Metaspace       used 12411K, capacity 12621K, committed 12800K, reserved 1060864K
  class space    used 1229K, capacity 1271K, committed 1280K, reserved 1048576K
Event: 424.874 GC heap after
Heap after GC invocations=21 (full 0):
 PSYoungGen      total 20480K, used 32K [0x00000000eb500000, 0x00000000ecd00000, 0x0000000100000000)
  eden space 16384K, 0% used [0x00000000eb500000,0x00000000eb500000,0x00000000ec500000)
  from space 4096K, 0% used [0x00000000ec500000,0x00000000ec508000,0x00000000ec900000)
  to   space 4096K, 0% used [0x00000000ec900000,0x00000000ec900000,0x00000000ecd00000)
 ParOldGen       total 44032K, used 6200K [0x00000000c1e00000, 0x00000000c4900000, 0x00000000eb500000)
  object space 44032K, 14% used [0x00000000c1e00000,0x00000000c240e2a8,0x00000000c4900000)
 Metaspace       used 12411K, capacity 12621K, committed 12800K, reserved 1060864K
  class space    used 1229K, capacity 1271K, committed 1280K, reserved 1048576K
}

Deoptimization events (10 events):
Event: 426.366 Thread 0x0000000057542000 Uncommon trap: reason=null_check action=none pc=0x0000000002e5a8ac method=com.rpsg.rpg.object.rpg.Collide.getID(Lcom/badlogic/gdx/maps/tiled/TiledMapTileLayer;II)I @ 6
Event: 426.376 Thread 0x0000000057542000 Uncommon trap: reason=null_check action=none pc=0x0000000002e9d5a8 method=com.rpsg.rpg.object.rpg.Collide.getID(Lcom/badlogic/gdx/maps/tiled/TiledMapTileLayer;II)I @ 6
Event: 426.376 Thread 0x0000000057542000 Uncommon trap: reason=null_check action=none pc=0x0000000002e5a8ac method=com.rpsg.rpg.object.rpg.Collide.getID(Lcom/badlogic/gdx/maps/tiled/TiledMapTileLayer;II)I @ 6
Event: 426.376 Thread 0x0000000057542000 Uncommon trap: reason=null_check action=none pc=0x0000000002e5a8ac method=com.rpsg.rpg.object.rpg.Collide.getID(Lcom/badlogic/gdx/maps/tiled/TiledMapTileLayer;II)I @ 6
Event: 426.376 Thread 0x0000000057542000 Uncommon trap: reason=null_check action=none pc=0x0000000002e9d5a8 method=com.rpsg.rpg.object.rpg.Collide.getID(Lcom/badlogic/gdx/maps/tiled/TiledMapTileLayer;II)I @ 6
Event: 426.376 Thread 0x0000000057542000 Uncommon trap: reason=null_check action=none pc=0x0000000002e5a8ac method=com.rpsg.rpg.object.rpg.Collide.getID(Lcom/badlogic/gdx/maps/tiled/TiledMapTileLayer;II)I @ 6
Event: 426.376 Thread 0x0000000057542000 Uncommon trap: reason=null_check action=none pc=0x0000000002e5a8ac method=com.rpsg.rpg.object.rpg.Collide.getID(Lcom/badlogic/gdx/maps/tiled/TiledMapTileLayer;II)I @ 6
Event: 426.376 Thread 0x0000000057542000 Uncommon trap: reason=null_check action=none pc=0x0000000002e5a8ac method=com.rpsg.rpg.object.rpg.Collide.getID(Lcom/badlogic/gdx/maps/tiled/TiledMapTileLayer;II)I @ 6
Event: 426.376 Thread 0x0000000057542000 Uncommon trap: reason=null_check action=none pc=0x0000000002e9d5a8 method=com.rpsg.rpg.object.rpg.Collide.getID(Lcom/badlogic/gdx/maps/tiled/TiledMapTileLayer;II)I @ 6
Event: 426.376 Thread 0x0000000057542000 Uncommon trap: reason=null_check action=none pc=0x0000000002e5a8ac method=com.rpsg.rpg.object.rpg.Collide.getID(Lcom/badlogic/gdx/maps/tiled/TiledMapTileLayer;II)I @ 6

Internal exceptions (10 events):
Event: 413.176 Thread 0x0000000057542000 Exception <a 'java/security/PrivilegedActionException'> (0x00000000ec48a358) thrown at [D:\re\workspace\8-2-build-windows-amd64-cygwin\jdk8u25\1677\hotspot\src\share\vm\prims\jvm.cpp, line 1312]
Event: 413.176 Thread 0x0000000057542000 Exception <a 'java/security/PrivilegedActionException'> (0x00000000ec48c160) thrown at [D:\re\workspace\8-2-build-windows-amd64-cygwin\jdk8u25\1677\hotspot\src\share\vm\prims\jvm.cpp, line 1312]
Event: 413.177 Thread 0x0000000057542000 Exception <a 'java/security/PrivilegedActionException'> (0x00000000ec48f850) thrown at [D:\re\workspace\8-2-build-windows-amd64-cygwin\jdk8u25\1677\hotspot\src\share\vm\prims\jvm.cpp, line 1312]
Event: 413.192 Thread 0x0000000057542000 Exception <a 'java/security/PrivilegedActionException'> (0x00000000ec499fe8) thrown at [D:\re\workspace\8-2-build-windows-amd64-cygwin\jdk8u25\1677\hotspot\src\share\vm\prims\jvm.cpp, line 1312]
Event: 413.212 Thread 0x0000000057542000 Exception <a 'java/security/PrivilegedActionException'> (0x00000000ec49ec30) thrown at [D:\re\workspace\8-2-build-windows-amd64-cygwin\jdk8u25\1677\hotspot\src\share\vm\prims\jvm.cpp, line 1312]
Event: 413.376 Thread 0x0000000057542000 Exception <a 'java/security/PrivilegedActionException'> (0x00000000eb54dc08) thrown at [D:\re\workspace\8-2-build-windows-amd64-cygwin\jdk8u25\1677\hotspot\src\share\vm\prims\jvm.cpp, line 1312]
Event: 413.377 Thread 0x0000000057542000 Exception <a 'java/security/PrivilegedActionException'> (0x00000000eb54fbb8) thrown at [D:\re\workspace\8-2-build-windows-amd64-cygwin\jdk8u25\1677\hotspot\src\share\vm\prims\jvm.cpp, line 1312]
Event: 413.378 Thread 0x0000000057542000 Exception <a 'java/security/PrivilegedActionException'> (0x00000000eb55e718) thrown at [D:\re\workspace\8-2-build-windows-amd64-cygwin\jdk8u25\1677\hotspot\src\share\vm\prims\jvm.cpp, line 1312]
Event: 413.379 Thread 0x0000000057542000 Exception <a 'java/security/PrivilegedActionException'> (0x00000000eb564c00) thrown at [D:\re\workspace\8-2-build-windows-amd64-cygwin\jdk8u25\1677\hotspot\src\share\vm\prims\jvm.cpp, line 1312]
Event: 413.379 Thread 0x0000000057542000 Exception <a 'java/security/PrivilegedActionException'> (0x00000000eb569da8) thrown at [D:\re\workspace\8-2-build-windows-amd64-cygwin\jdk8u25\1677\hotspot\src\share\vm\prims\jvm.cpp, line 1312]

Events (10 events):
Event: 426.376 Thread 0x0000000057542000 DEOPT UNPACKING pc=0x00000000029f556a sp=0x000000005872f090 mode 2
Event: 426.376 Thread 0x0000000057542000 Uncommon trap: trap_request=0xfffffff7 fr.pc=0x0000000002e5a8ac
Event: 426.376 Thread 0x0000000057542000 DEOPT PACKING pc=0x0000000002e5a8ac sp=0x000000005872f0d0
Event: 426.376 Thread 0x0000000057542000 DEOPT UNPACKING pc=0x00000000029f556a sp=0x000000005872f090 mode 2
Event: 426.376 Thread 0x0000000057542000 Uncommon trap: trap_request=0xfffffff7 fr.pc=0x0000000002e9d5a8
Event: 426.376 Thread 0x0000000057542000 DEOPT PACKING pc=0x0000000002e9d5a8 sp=0x000000005872f170
Event: 426.376 Thread 0x0000000057542000 DEOPT UNPACKING pc=0x00000000029f556a sp=0x000000005872f0a0 mode 2
Event: 426.376 Thread 0x0000000057542000 Uncommon trap: trap_request=0xfffffff7 fr.pc=0x0000000002e5a8ac
Event: 426.376 Thread 0x0000000057542000 DEOPT PACKING pc=0x0000000002e5a8ac sp=0x000000005872f0d0
Event: 426.376 Thread 0x0000000057542000 DEOPT UNPACKING pc=0x00000000029f556a sp=0x000000005872f090 mode 2


Dynamic libraries:
0x000000013f630000 - 0x000000013f664000 	C:\Program Files\Java\jre1.8.0_25\bin\javaw.exe
0x0000000076fc0000 - 0x0000000077169000 	C:\Windows\SYSTEM32\ntdll.dll
0x0000000076ea0000 - 0x0000000076fbf000 	C:\Windows\system32\kernel32.dll
0x000007fefcfe0000 - 0x000007fefd04c000 	C:\Windows\system32\KERNELBASE.dll
0x000007fefd710000 - 0x000007fefd7eb000 	C:\Windows\system32\ADVAPI32.dll
0x000007fefd920000 - 0x000007fefd9bf000 	C:\Windows\system32\msvcrt.dll
0x000007fefd490000 - 0x000007fefd4af000 	C:\Windows\SYSTEM32\sechost.dll
0x000007fefe100000 - 0x000007fefe22d000 	C:\Windows\system32\RPCRT4.dll
0x0000000076da0000 - 0x0000000076e9a000 	C:\Windows\system32\USER32.dll
0x000007fefd2e0000 - 0x000007fefd347000 	C:\Windows\system32\GDI32.dll
0x000007fefde70000 - 0x000007fefde7e000 	C:\Windows\system32\LPK.dll
0x000007feff200000 - 0x000007feff2c9000 	C:\Windows\system32\USP10.dll
0x000007fefb720000 - 0x000007fefb914000 	C:\Windows\WinSxS\amd64_microsoft.windows.common-controls_6595b64144ccf1df_6.0.7601.17514_none_fa396087175ac9ac\COMCTL32.dll
0x000007fefe080000 - 0x000007fefe0f1000 	C:\Windows\system32\SHLWAPI.dll
0x000007fefe230000 - 0x000007fefe25e000 	C:\Windows\system32\IMM32.DLL
0x000007fefd380000 - 0x000007fefd489000 	C:\Windows\system32\MSCTF.dll
0x0000000060100000 - 0x00000000601d2000 	C:\Program Files\Java\jre1.8.0_25\bin\msvcr100.dll
0x00000000565a0000 - 0x0000000056dfa000 	C:\Program Files\Java\jre1.8.0_25\bin\server\jvm.dll
0x000007fef5f10000 - 0x000007fef5f19000 	C:\Windows\system32\WSOCK32.dll
0x000007fefdbe0000 - 0x000007fefdc2d000 	C:\Windows\system32\WS2_32.dll
0x000007fefd350000 - 0x000007fefd358000 	C:\Windows\system32\NSI.dll
0x000007fefaa10000 - 0x000007fefaa4b000 	C:\Windows\system32\WINMM.dll
0x0000000077180000 - 0x0000000077187000 	C:\Windows\system32\PSAPI.DLL
0x00000000602b0000 - 0x00000000602bf000 	C:\Program Files\Java\jre1.8.0_25\bin\verify.dll
0x0000000060280000 - 0x00000000602a8000 	C:\Program Files\Java\jre1.8.0_25\bin\java.dll
0x0000000060240000 - 0x0000000060275000 	C:\Program Files\Java\jre1.8.0_25\bin\jdwp.dll
0x0000000060230000 - 0x0000000060238000 	C:\Program Files\Java\jre1.8.0_25\bin\npt.dll
0x0000000060210000 - 0x0000000060226000 	C:\Program Files\Java\jre1.8.0_25\bin\zip.dll
0x000007fefe470000 - 0x000007feff1f8000 	C:\Windows\system32\SHELL32.dll
0x000007fefe260000 - 0x000007fefe463000 	C:\Windows\system32\ole32.dll
0x000007fefcf10000 - 0x000007fefcf1f000 	C:\Windows\system32\profapi.dll
0x0000000060200000 - 0x0000000060209000 	C:\Program Files\Java\jre1.8.0_25\bin\dt_socket.dll
0x000007fefb280000 - 0x000007fefb295000 	C:\Windows\system32\NLAapi.dll
0x000007fef75b0000 - 0x000007fef75c5000 	C:\Windows\system32\napinsp.dll
0x000007fef5f90000 - 0x000007fef5fa9000 	C:\Windows\system32\pnrpnsp.dll
0x000007fefc740000 - 0x000007fefc795000 	C:\Windows\System32\mswsock.dll
0x000007fefc5c0000 - 0x000007fefc61b000 	C:\Windows\system32\DNSAPI.dll
0x000007fef5f80000 - 0x000007fef5f8b000 	C:\Windows\System32\winrnr.dll
0x000007fefadc0000 - 0x000007fefade7000 	C:\Windows\system32\IPHLPAPI.DLL
0x000007fefada0000 - 0x000007fefadab000 	C:\Windows\system32\WINNSI.DLL
0x000007fefad00000 - 0x000007fefad53000 	C:\Windows\System32\fwpuclnt.dll
0x000007fef95e0000 - 0x000007fef95e8000 	C:\Windows\system32\rasadhlp.dll
0x000007fefc140000 - 0x000007fefc147000 	C:\Windows\System32\wshtcpip.dll
0x0000000065580000 - 0x000000006561b000 	C:\Users\Administrator\AppData\Local\Temp\libgdxAdministrator\d642c71e\gdx64.dll
0x000007fefc7a0000 - 0x000007fefc7b7000 	C:\Windows\system32\CRYPTSP.dll
0x000007fefc4a0000 - 0x000007fefc4e7000 	C:\Windows\system32\rsaenh.dll
0x000007fefc260000 - 0x000007fefc27e000 	C:\Windows\system32\USERENV.dll
0x000007fefce00000 - 0x000007fefce0f000 	C:\Windows\system32\CRYPTBASE.dll
0x00000000601e0000 - 0x00000000601fa000 	C:\Program Files\Java\jre1.8.0_25\bin\net.dll
0x000007fefc730000 - 0x000007fefc737000 	C:\Windows\System32\wship6.dll
0x000007fefac30000 - 0x000007fefac41000 	C:\Windows\system32\dhcpcsvc6.DLL
0x000007fefabd0000 - 0x000007fefabe8000 	C:\Windows\system32\dhcpcsvc.DLL
0x00000000600c0000 - 0x00000000600d1000 	C:\Program Files\Java\jre1.8.0_25\bin\nio.dll
0x0000000180000000 - 0x0000000180051000 	C:\Users\Administrator\AppData\Local\Temp\libgdxAdministrator\15a3d019\lwjgl64.dll
0x000007fef4c60000 - 0x000007fef4d7d000 	C:\Windows\system32\OPENGL32.dll
0x000007fef4ec0000 - 0x000007fef4eed000 	C:\Windows\system32\GLU32.dll
0x000007fef4a40000 - 0x000007fef4b31000 	C:\Windows\system32\DDRAW.dll
0x000007fef4eb0000 - 0x000007fef4eb8000 	C:\Windows\system32\DCIMAN32.dll
0x000007fefdc90000 - 0x000007fefde67000 	C:\Windows\system32\SETUPAPI.dll
0x000007fefd1c0000 - 0x000007fefd1f6000 	C:\Windows\system32\CFGMGR32.dll
0x000007fefdb00000 - 0x000007fefdbd7000 	C:\Windows\system32\OLEAUT32.dll
0x000007fefcfc0000 - 0x000007fefcfda000 	C:\Windows\system32\DEVOBJ.dll
0x000007fefb0c0000 - 0x000007fefb0d8000 	C:\Windows\system32\dwmapi.dll
0x000007fefc070000 - 0x000007fefc07c000 	C:\Windows\system32\VERSION.dll
0x00000000004c0000 - 0x0000000000524000 	C:\Users\ADMINI~1\AppData\Local\Temp\libgdxAdministrator\15a3d019\OpenAL64.dll
0x000007fefb6a0000 - 0x000007fefb6f6000 	C:\Windows\system32\uxtheme.dll
0x000007fefda60000 - 0x000007fefdaf9000 	C:\Windows\system32\CLBCatQ.DLL
0x000007fefb920000 - 0x000007fefba4c000 	C:\Windows\System32\PROPSYS.dll
0x000007fefd2a0000 - 0x000007fefd2d9000 	C:\Windows\system32\WINTRUST.dll
0x000007fefd050000 - 0x000007fefd1ba000 	C:\Windows\system32\CRYPT32.dll
0x000007fefcfb0000 - 0x000007fefcfbf000 	C:\Windows\system32\MSASN1.dll
0x000007fef4e00000 - 0x000007fef4e88000 	C:\Windows\system32\dsound.dll
0x000007fefbaa0000 - 0x000007fefbacc000 	C:\Windows\system32\POWRPROF.dll
0x000007fefba50000 - 0x000007fefba9b000 	C:\Windows\System32\MMDevApi.dll
0x000007fefa980000 - 0x000007fefa9cf000 	C:\Windows\system32\AUDIOSES.DLL
0x00000000589b0000 - 0x0000000059157000 	C:\Windows\system32\ig75icd64.dll
0x000007fef8590000 - 0x000007fef89db000 	C:\Windows\system32\igdusc64.dll
0x000007fef9230000 - 0x000007fef92cc000 	C:\Windows\system32\mscms.dll
0x000007fef26e0000 - 0x000007fef2722000 	C:\Windows\system32\icm32.dll
0x000000005ff20000 - 0x00000000600b8000 	C:\Program Files\Java\jre1.8.0_25\bin\awt.dll
0x000007fef02d0000 - 0x000007fef04cf000 	C:\Windows\system32\d3d9.dll
0x000007fef6120000 - 0x000007fef6127000 	C:\Windows\system32\d3d8thk.dll
0x000007feef040000 - 0x000007fef02cb000 	C:\Windows\system32\igdumdim64.dll
0x000000006a740000 - 0x000000006a7e7000 	C:\Users\Administrator\AppData\Local\Temp\libgdxAdministrator\c129e95b\gdx-freetype64.dll
0x000007fef76b0000 - 0x000007fef77d5000 	C:\Windows\system32\dbghelp.dll

VM Arguments:
jvm_args: -agentlib:jdwp=transport=dt_socket,suspend=y,address=localhost:50263 -Dfile.encoding=UTF-8 
java_command: com.rpsg.rpg.core.Main
java_class_path (initial): E:\Workspaces\MyEclipse 8.5\rpg\bin;E:\Workspaces\MyEclipse 8.5\rpg\libs\box2dlights-1.4-SNAPSHOT-sources.jar;E:\Workspaces\MyEclipse 8.5\rpg\libs\box2dlights-1.4-SNAPSHOT.jar;E:\Workspaces\MyEclipse 8.5\rpg\libs\gdx-backend-gwt-sources.jar;E:\Workspaces\MyEclipse 8.5\rpg\libs\gdx-backend-lwjgl-natives.jar;E:\Workspaces\MyEclipse 8.5\rpg\libs\gdx-backend-lwjgl-sources.jar;E:\Workspaces\MyEclipse 8.5\rpg\libs\gdx-backend-lwjgl.jar;E:\Workspaces\MyEclipse 8.5\rpg\libs\gdx-box2d-gwt.jar;E:\Workspaces\MyEclipse 8.5\rpg\libs\gdx-box2d-natives.jar;E:\Workspaces\MyEclipse 8.5\rpg\libs\gdx-box2d.jar;E:\Workspaces\MyEclipse 8.5\rpg\libs\gdx-freetype-natives.jar;E:\Workspaces\MyEclipse 8.5\rpg\libs\gdx-freetype-sources.jar;E:\Workspaces\MyEclipse 8.5\rpg\libs\gdx-freetype.jar;E:\Workspaces\MyEclipse 8.5\rpg\libs\gdx-natives.jar;E:\Workspaces\MyEclipse 8.5\rpg\libs\gdx-sources.jar;E:\Workspaces\MyEclipse 8.5\rpg\libs\gdx.jar
Launcher Type: SUN_STANDARD

Environment Variables:
JAVA_HOME=C:\Program Files\Java\jdk1.8.0_25
CLASSPATH=.;C:\Program Files\Java\jdk1.8.0_25lib;C:\Program Files\Java\jdk1.8.0_25lib\tools.jar
PATH=C:/Program Files/Java/jdk1.8.0_25/bin/../jre/bin/server;C:/Program Files/Java/jdk1.8.0_25/bin/../jre/bin;C:/Program Files/Java/jdk1.8.0_25/bin/../jre/lib/amd64;C:\Program Files (x86)\Common Files\NetSarang;c:\apache-ant-1.9.4\bin;C:\Program Files\Java\jdk1.8.0_25\bin;C:\Program Files\Java\jdk1.8.0_25\bin;C:\Program Files\Java\jdk1.8.0_25\jre\bin;D:\adt-bundle-windows-x86_64-20140702\sdk\tools;C:\Program Files\TortoiseSVN\bin;F:\eclipse;
USERNAME=Administrator
OS=Windows_NT
PROCESSOR_IDENTIFIER=Intel64 Family 6 Model 60 Stepping 3, GenuineIntel



---------------  S Y S T E M  ---------------

OS: Windows 7 , 64 bit Build 7601 Service Pack 1

CPU:total 2 (2 cores per cpu, 1 threads per core) family 6 model 60 stepping 3, cmov, cx8, fxsr, mmx, sse, sse2, sse3, ssse3, sse4.1, sse4.2, popcnt, clmul, erms, lzcnt, tsc, tscinvbit

Memory: 4k page, physical 4063380k(1025572k free), swap 8124908k(2782724k free)

vm_info: Java HotSpot(TM) 64-Bit Server VM (25.25-b02) for windows-amd64 JRE (1.8.0_25-b18), built on Oct  7 2014 14:25:37 by "java_re" with MS VC++ 10.0 (VS2010)

time: Tue Apr 14 10:43:36 2015
elapsed time: 426 seconds (0d 0h 7m 6s)

