[00:23:45] [Server thread/INFO]: Starting minecraft server version 1.7.10
[00:23:51] [Server thread/INFO]: Loading properties
[00:23:51] [Server thread/INFO]: Default game type: SURVIVAL
[00:23:51] [Server thread/INFO]: Generating keypair
[00:23:51] [Server thread/INFO]: Starting Minecraft server on *:25565
[00:23:51] [Server thread/WARN]: **** SERVER IS RUNNING IN OFFLINE/INSECURE MODE!
[00:23:51] [Server thread/WARN]: The server will make no attempt to authenticate usernames. Beware.
[00:23:51] [Server thread/WARN]: While this makes the game possible to play without internet access, it also opens up the ability for hackers to connect with any username they choose.
[00:23:51] [Server thread/WARN]: To change this, set "online-mode" to "true" in the server.properties file.
[00:23:52] [Server thread/INFO]: Preparing level "world"
[00:23:52] [Server thread/INFO]: Preparing start region for level 0
[00:23:53] [Server thread/INFO]: Preparing spawn area: 9%
[00:23:54] [Server thread/INFO]: Preparing spawn area: 24%
[00:23:55] [Server thread/INFO]: Preparing spawn area: 40%
[00:23:56] [Server thread/INFO]: Preparing spawn area: 53%
[00:23:57] [Server thread/INFO]: Preparing spawn area: 64%
[00:23:58] [Server thread/INFO]: Preparing spawn area: 85%
[00:23:59] [Server thread/INFO]: Done (7.239s)! For help, type "help" or "?"
[00:24:06] [Server thread/INFO]: Opped skarnskarn
[00:24:06] [Server thread/WARN]: Can't keep up! Did the system time change, or is the server overloaded? Running 2152ms behind, skipping 43 tick(s)
