[00:25:54] [main/INFO]: Loading tweak class name cpw.mods.fml.common.launcher.FMLServerTweaker
[00:25:55] [main/INFO]: Using primary tweak class name cpw.mods.fml.common.launcher.FMLServerTweaker
[00:25:55] [main/INFO]: Calling tweak class cpw.mods.fml.common.launcher.FMLServerTweaker
[00:25:55] [main/INFO]: Forge Mod Loader version 7.10.24.1187 for Minecraft 1.7.10 loading
[00:25:56] [main/INFO]: Java is Java HotSpot(TM) 64-Bit Server VM, version 1.7.0_21, running on Windows 7:amd64:6.1, installed at C:\Program Files\Java\jre7
[00:25:56] [main/INFO]: Loading tweak class name cpw.mods.fml.common.launcher.FMLInjectionAndSortingTweaker
[00:25:56] [main/INFO]: Loading tweak class name cpw.mods.fml.common.launcher.FMLDeobfTweaker
[00:25:56] [main/INFO]: Calling tweak class cpw.mods.fml.common.launcher.FMLInjectionAndSortingTweaker
[00:25:56] [main/INFO]: Calling tweak class cpw.mods.fml.common.launcher.FMLInjectionAndSortingTweaker
[00:25:56] [main/INFO]: Calling tweak class cpw.mods.fml.relauncher.CoreModManager$FMLPluginWrapper
[00:25:57] [main/INFO]: Calling tweak class cpw.mods.fml.relauncher.CoreModManager$FMLPluginWrapper
[00:25:57] [main/INFO]: Calling tweak class cpw.mods.fml.common.launcher.FMLDeobfTweaker
[00:25:58] [main/INFO]: Loading tweak class name cpw.mods.fml.common.launcher.TerminalTweaker
[00:25:58] [main/INFO]: Calling tweak class cpw.mods.fml.common.launcher.TerminalTweaker
[00:25:58] [main/INFO]: Launching wrapped minecraft {net.minecraft.server.MinecraftServer}
[00:26:04] [Server thread/INFO]: Starting minecraft server version 1.7.10
[00:26:04] [Server thread/INFO]: Attempting early MinecraftForge initialization
[00:26:04] [Server thread/INFO]: MinecraftForge v10.13.0.1187 Initialized
[00:26:04] [Server thread/INFO]: Replaced 182 ore recipies
[00:26:04] [Server thread/INFO]: Completed early MinecraftForge initialization
[00:26:04] [Server thread/INFO]: Searching C:\Users\Administrator\Desktop\（开服器）Cauldron服务端\mods for mods
[00:26:05] [Server thread/INFO]: Forge Mod Loader has identified 3 mods to load
[00:26:05] [Server thread/INFO]: Processing ObjectHolder annotations
[00:26:05] [Server thread/INFO]: Found 341 ObjectHolder annotations
[00:26:05] [Server thread/INFO]: Configured a dormant chunk cache size of 0
[00:26:05] [Server thread/INFO]: Applying holder lookups
[00:26:05] [Server thread/INFO]: Holder lookups applied
[00:26:05] [Server thread/INFO]: Loading properties
[00:26:05] [Server thread/INFO]: Default game type: SURVIVAL
[00:26:05] [Server thread/INFO]: This server is running Cauldron-MCPC-Plus version git-Cauldron-MCPC-Plus-1.7.10-1.1187.03.119 (MC: 1.7.10) (Implementing API version 1.7.10-R0.3-SNAPSHOT)
[00:26:05] [Server thread/INFO]: Server Ping Player Sample Count: 12
[00:26:05] [Server thread/WARN]: =============================================================
[00:26:05] [Server thread/WARN]: MOD HAS DIRECT REFERENCE System.exit() THIS IS NOT ALLOWED REROUTING TO FMLCommonHandler!
[00:26:05] [Server thread/WARN]: Offendor: org/spigotmc/RestartCommand.restart()V
[00:26:05] [Server thread/WARN]: =============================================================
[00:26:06] [Server thread/INFO]: Using 4 threads for Netty based IO
[00:26:06] [Server thread/INFO]: Generating keypair
[00:26:06] [Server thread/INFO]: Starting Minecraft server on *:25565
[00:26:06] [Server thread/WARN]: **** SERVER IS RUNNING IN OFFLINE/INSECURE MODE!
[00:26:06] [Server thread/WARN]: The server will make no attempt to authenticate usernames. Beware.
[00:26:06] [Server thread/WARN]: While this makes the game possible to play without internet access, it also opens up the ability for hackers to connect with any username they choose.
[00:26:06] [Server thread/WARN]: To change this, set "online-mode" to "true" in the server.properties file.
[00:26:06] [Server thread/INFO]: Forge Mod Loader has successfully loaded 3 mods
[00:26:06] [Server thread/INFO]: Preparing level "world"
[00:26:06] [Server thread/INFO]: Registered command debug with permission node vanilla.command.debug
[00:26:06] [Server thread/INFO]: Registered command spreadplayers with permission node vanilla.command.spreadplayers
[00:26:06] [Server thread/INFO]: Registered command playsound with permission node vanilla.command.playsound
[00:26:06] [Server thread/INFO]: Registered command scoreboard with permission node vanilla.command.scoreboard
[00:26:06] [Server thread/INFO]: Registered command achievement with permission node vanilla.command.achievement
[00:26:06] [Server thread/INFO]: Registered command summon with permission node vanilla.command.summon
[00:26:06] [Server thread/INFO]: Registered command setblock with permission node vanilla.command.setblock
[00:26:06] [Server thread/INFO]: Registered command testforblock with permission node vanilla.command.testforblock
[00:26:06] [Server thread/INFO]: Registered command tellraw with permission node vanilla.command.tellraw
[00:26:06] [Server thread/INFO]: Registered command netstat with permission node vanilla.command.netstat
[00:26:07] [Server thread/INFO]: Loading dimension 0 (world) (net.minecraft.server.dedicated.DedicatedServer@54afc7a9)
[00:26:07] [Server thread/INFO]: Loading dimension 1 (DIM1) (net.minecraft.server.dedicated.DedicatedServer@54afc7a9)
[00:26:07] [Server thread/INFO]: Loading dimension -1 (DIM-1) (net.minecraft.server.dedicated.DedicatedServer@54afc7a9)
[00:26:07] [Server thread/INFO]: Preparing start region for level 0
[00:26:08] [Server thread/INFO]: Preparing spawn area: 10%
[00:26:09] [Server thread/INFO]: Preparing spawn area: 25%
[00:26:10] [Server thread/INFO]: Preparing spawn area: 41%
[00:26:11] [Server thread/INFO]: Preparing spawn area: 62%
[00:26:12] [Server thread/INFO]: Preparing spawn area: 82%
[00:26:13] [Server thread/INFO]: Done (6.599s)! For help, type "help" or "?"
[00:26:13] [Server thread/INFO]: Registered command forge with permission node net.minecraftforge.server.command.ForgeCommand
