[18:22:35] [main/INFO]: Loading tweak class name cpw.mods.fml.common.launcher.FMLServerTweaker
[18:22:35] [main/INFO]: Using primary tweak class name cpw.mods.fml.common.launcher.FMLServerTweaker
[18:22:35] [main/INFO]: Calling tweak class cpw.mods.fml.common.launcher.FMLServerTweaker
[18:22:35] [main/INFO]: Forge Mod Loader version 7.10.25.1206 for Minecraft 1.7.10 loading
[18:22:35] [main/INFO]: Java is Java HotSpot(TM) 64-Bit Server VM, version 1.7.0_21, running on Windows 7:amd64:6.1, installed at C:\Program Files\Java\jre7
[18:22:36] [main/WARN]: The following coremods do not have a @MCVersion annotation. They may cause problems if this is not the correct version of Minecraft for them.
[18:22:36] [main/WARN]: Missing @MCVersion: codechicken.core.launch.CodeChickenCorePlugin  lain.mods.inputfix.InputFix  codechicken.nei.asm.NEICorePlugin  
[18:22:36] [main/INFO]: Loading tweak class name cpw.mods.fml.common.launcher.FMLInjectionAndSortingTweaker
[18:22:36] [main/INFO]: Loading tweak class name cpw.mods.fml.common.launcher.FMLDeobfTweaker
[18:22:36] [main/INFO]: Calling tweak class cpw.mods.fml.common.launcher.FMLInjectionAndSortingTweaker
[18:22:36] [main/INFO]: Calling tweak class cpw.mods.fml.common.launcher.FMLInjectionAndSortingTweaker
[18:22:36] [main/INFO]: Calling tweak class cpw.mods.fml.relauncher.CoreModManager$FMLPluginWrapper
[18:22:39] [main/INFO]: Calling tweak class cpw.mods.fml.relauncher.CoreModManager$FMLPluginWrapper
[18:22:39] [main/INFO]: Calling tweak class cpw.mods.fml.relauncher.CoreModManager$FMLPluginWrapper
[18:22:39] [main/INFO]: Calling tweak class cpw.mods.fml.relauncher.CoreModManager$FMLPluginWrapper
[18:22:39] [main/INFO]: Calling tweak class cpw.mods.fml.relauncher.CoreModManager$FMLPluginWrapper
[18:22:39] [main/INFO]: Calling tweak class cpw.mods.fml.relauncher.CoreModManager$FMLPluginWrapper
[18:22:39] [main/INFO]: Calling tweak class cpw.mods.fml.relauncher.CoreModManager$FMLPluginWrapper
[18:22:39] [main/INFO]: Calling tweak class cpw.mods.fml.relauncher.CoreModManager$FMLPluginWrapper
[18:22:39] [main/INFO]: Calling tweak class cpw.mods.fml.relauncher.CoreModManager$FMLPluginWrapper
[18:22:39] [main/INFO]: Calling tweak class cpw.mods.fml.common.launcher.FMLDeobfTweaker
[18:22:40] [main/INFO]: Loading tweak class name cpw.mods.fml.common.launcher.TerminalTweaker
[18:22:40] [main/INFO]: Calling tweak class cpw.mods.fml.common.launcher.TerminalTweaker
[18:22:42] [main/INFO]: Launching wrapped minecraft {net.minecraft.server.MinecraftServer}
[18:22:45] [Server thread/INFO]: Starting minecraft server version 1.7.10
[18:22:46] [Server thread/INFO]: Attempting early MinecraftForge initialization
[18:22:46] [Server thread/INFO]: MinecraftForge v10.13.0.1206 Initialized
[18:22:46] [Server thread/INFO]: Replaced 182 ore recipies
[18:22:46] [Server thread/INFO]: Completed early MinecraftForge initialization
[18:22:46] [Server thread/INFO]: Searching E:\Minecraft整合包\Minecraft 1.6.2.skarn的简单整合（高清修复+光影）\1.7.10\Minecraft 1.7.10 基础向小型整合包（附Cauldron开服器+中文输入，Forge10.13.0.1206）\（开服器）Cauldron服务端\mods for mods
[18:22:46] [Server thread/INFO]: Also searching E:\Minecraft整合包\Minecraft 1.6.2.skarn的简单整合（高清修复+光影）\1.7.10\Minecraft 1.7.10 基础向小型整合包（附Cauldron开服器+中文输入，Forge10.13.0.1206）\（开服器）Cauldron服务端\mods\1.7.10 for mods
[18:22:48] [Server thread/INFO]: Forge Mod Loader has identified 13 mods to load
[18:22:48] [Server thread/INFO]: FML has found a non-mod file CodeChickenLib-1.7.10-1.1.1.96-universal.jar in your mods directory. It will now be injected into your classpath. This could severe stability issues, it should be removed if possible.
