[22:43:39] [main/INFO]: Loading tweak class name cpw.mods.fml.common.launcher.FMLServerTweaker
[22:43:40] [main/INFO]: Using primary tweak class name cpw.mods.fml.common.launcher.FMLServerTweaker
[22:43:40] [main/INFO]: Calling tweak class cpw.mods.fml.common.launcher.FMLServerTweaker
[22:43:40] [main/INFO]: Forge Mod Loader version 7.10.25.1206 for Minecraft 1.7.10 loading
[22:43:40] [main/INFO]: Java is Java HotSpot(TM) 64-Bit Server VM, version 1.7.0_67, running on Windows 8.1:amd64:6.3, installed at C:\Program Files\Java\jre7
[22:43:42] [main/WARN]: The following coremods do not have a @MCVersion annotation. They may cause problems if this is not the correct version of Minecraft for them.
[22:43:42] [main/WARN]: Missing @MCVersion: codechicken.core.launch.CodeChickenCorePlugin  lain.mods.inputfix.InputFix  codechicken.nei.asm.NEICorePlugin  
[22:43:42] [main/INFO]: Loading tweak class name cpw.mods.fml.common.launcher.FMLInjectionAndSortingTweaker
[22:43:42] [main/INFO]: Loading tweak class name cpw.mods.fml.common.launcher.FMLDeobfTweaker
[22:43:42] [main/INFO]: Calling tweak class cpw.mods.fml.common.launcher.FMLInjectionAndSortingTweaker
[22:43:42] [main/INFO]: Calling tweak class cpw.mods.fml.common.launcher.FMLInjectionAndSortingTweaker
[22:43:42] [main/INFO]: Calling tweak class cpw.mods.fml.relauncher.CoreModManager$FMLPluginWrapper
[22:43:43] [main/INFO]: Calling tweak class cpw.mods.fml.relauncher.CoreModManager$FMLPluginWrapper
[22:43:43] [main/INFO]: Calling tweak class cpw.mods.fml.relauncher.CoreModManager$FMLPluginWrapper
[22:43:43] [main/INFO]: Calling tweak class cpw.mods.fml.relauncher.CoreModManager$FMLPluginWrapper
[22:43:43] [main/INFO]: Calling tweak class cpw.mods.fml.relauncher.CoreModManager$FMLPluginWrapper
[22:43:43] [main/INFO]: Calling tweak class cpw.mods.fml.relauncher.CoreModManager$FMLPluginWrapper
[22:43:43] [main/INFO]: Calling tweak class cpw.mods.fml.common.launcher.FMLDeobfTweaker
[22:43:44] [main/INFO]: Loading tweak class name cpw.mods.fml.common.launcher.TerminalTweaker
[22:43:44] [main/INFO]: Calling tweak class cpw.mods.fml.common.launcher.TerminalTweaker
[22:43:45] [main/INFO]: Launching wrapped minecraft {net.minecraft.server.MinecraftServer}
[22:43:46] [Server thread/INFO]: Starting minecraft server version 1.7.10
[22:43:46] [Server thread/INFO]: Attempting early MinecraftForge initialization
[22:43:46] [Server thread/INFO]: MinecraftForge v10.13.0.1206 Initialized
[22:43:46] [Server thread/INFO]: Replaced 182 ore recipies
[22:43:46] [Server thread/INFO]: Completed early MinecraftForge initialization
[22:43:46] [Server thread/INFO]: Searching I:\Minecraft 1.7.10 with Forge10.13.0.1206纯净版（附Cauldron开服器）\（开服器）Cauldron服务端\mods for mods
[22:43:46] [Server thread/INFO]: Also searching I:\Minecraft 1.7.10 with Forge10.13.0.1206纯净版（附Cauldron开服器）\（开服器）Cauldron服务端\mods\1.7.10 for mods
[22:43:47] [Server thread/INFO]: Forge Mod Loader has identified 8 mods to load
[22:43:47] [Server thread/INFO]: FML has found a non-mod file CodeChickenLib-1.7.10-1.1.1.99-universal.jar in your mods directory. It will now be injected into your classpath. This could severe stability issues, it should be removed if possible.
[22:43:47] [Server thread/INFO]: Processing ObjectHolder annotations
[22:43:47] [Server thread/INFO]: Found 341 ObjectHolder annotations
[22:43:47] [Server thread/INFO]: Configured a dormant chunk cache size of 0
[22:43:48] [Server thread/INFO]: Applying holder lookups
[22:43:48] [Server thread/INFO]: Holder lookups applied
[22:43:48] [Server thread/INFO]: Loading properties
[22:43:48] [Server thread/INFO]: Default game type: SURVIVAL
[22:43:48] [Server thread/INFO]: This server is running Cauldron-MCPC-Plus version git-Cauldron-MCPC-Plus-1.7.10-1.1206.01.170 (MC: 1.7.10) (Implementing API version 1.7.10-R0.1-SNAPSHOT)
[22:43:48] [Server thread/INFO]: Server Ping Player Sample Count: 12
[22:43:48] [Server thread/INFO]: Using 4 threads for Netty based IO
[22:43:48] [Server thread/WARN]: =============================================================
[22:43:48] [Server thread/WARN]: MOD HAS DIRECT REFERENCE System.exit() THIS IS NOT ALLOWED REROUTING TO FMLCommonHandler!
[22:43:48] [Server thread/WARN]: Offendor: org/spigotmc/RestartCommand.restart()V
[22:43:48] [Server thread/WARN]: =============================================================
[22:43:48] [Server thread/INFO]: Generating keypair
[22:43:48] [Server thread/INFO]: Starting Minecraft server on *:25563
[22:43:49] [Server thread/WARN]: **** SERVER IS RUNNING IN OFFLINE/INSECURE MODE!
[22:43:49] [Server thread/WARN]: The server will make no attempt to authenticate usernames. Beware.
[22:43:49] [Server thread/WARN]: While this makes the game possible to play without internet access, it also opens up the ability for hackers to connect with any username they choose.
[22:43:49] [Server thread/WARN]: To change this, set "online-mode" to "true" in the server.properties file.
[22:43:49] [Server thread/INFO]: WorldEdit for Forge (version 6.1.1-SNAPSHOT) is loaded
[22:43:49] [Server thread/INFO]: Forge Mod Loader has successfully loaded 8 mods
[22:43:49] [Server thread/INFO]: Preparing level "skarn"
[22:43:49] [Server thread/INFO]: Registered command debug with permission node vanilla.command.debug
[22:43:49] [Server thread/INFO]: Registered command spreadplayers with permission node vanilla.command.spreadplayers
[22:43:49] [Server thread/INFO]: Registered command playsound with permission node vanilla.command.playsound
[22:43:49] [Server thread/INFO]: Registered command scoreboard with permission node vanilla.command.scoreboard
[22:43:49] [Server thread/INFO]: Registered command achievement with permission node vanilla.command.achievement
[22:43:49] [Server thread/INFO]: Registered command summon with permission node vanilla.command.summon
[22:43:49] [Server thread/INFO]: Registered command setblock with permission node vanilla.command.setblock
[22:43:49] [Server thread/INFO]: Registered command testforblock with permission node vanilla.command.testforblock
[22:43:49] [Server thread/INFO]: Registered command tellraw with permission node vanilla.command.tellraw
[22:43:49] [Server thread/INFO]: Registered command netstat with permission node vanilla.command.netstat
[22:43:49] [Server thread/INFO]: Injecting existing block and item data into this server instance
[22:43:49] [Server thread/INFO]: Applying holder lookups
[22:43:49] [Server thread/INFO]: Holder lookups applied
[22:43:49] [Server thread/INFO]: Injected new Forge block material TWILIGHTFOREST_TILE_TFLOG with ID 165.
[22:43:49] [Server thread/INFO]: Injected new Forge block material TWILIGHTFOREST_TILE_TFROOTS with ID 166.
[22:43:49] [Server thread/INFO]: Injected new Forge block material TWILIGHTFOREST_TILE_TFLEAVES with ID 167.
[22:43:49] [Server thread/INFO]: Injected new Forge block material TWILIGHTFOREST_TILE_TFFIREFLY with ID 168.
[22:43:49] [Server thread/INFO]: Injected new Forge block material TWILIGHTFOREST_TILE_TFCICADA with ID 169.
[22:43:49] [Server thread/INFO]: Injected new Forge block material TWILIGHTFOREST_TILE_TFPORTAL with ID 176.
[22:43:49] [Server thread/INFO]: Injected new Forge block material TWILIGHTFOREST_TILE_TFMAZESTONE with ID 177.
[22:43:49] [Server thread/INFO]: Injected new Forge block material TWILIGHTFOREST_TILE_TFHEDGE with ID 178.
[22:43:49] [Server thread/INFO]: Injected new Forge block material TWILIGHTFOREST_TILE_TFBOSSSPAWNER with ID 179.
[22:43:49] [Server thread/INFO]: Injected new Forge block material TWILIGHTFOREST_TILE_TFFIREFLYJAR with ID 180.
[22:43:49] [Server thread/INFO]: Injected new Forge block material TWILIGHTFOREST_TILE_TFPLANT with ID 181.
[22:43:49] [Server thread/INFO]: Injected new Forge block material TWILIGHTFOREST_TILE_TFUNCRAFTINGTABLE with ID 182.
[22:43:49] [Server thread/INFO]: Injected new Forge block material TWILIGHTFOREST_TILE_TFFIREJET with ID 183.
[22:43:49] [Server thread/INFO]: Injected new Forge block material TWILIGHTFOREST_TILE_TFNAGASTONE with ID 184.
[22:43:49] [Server thread/INFO]: Injected new Forge block material TWILIGHTFOREST_TILE_TFSAPLING with ID 185.
[22:43:49] [Server thread/INFO]: Injected new Forge block material TWILIGHTFOREST_TILE_TFMOONWORM with ID 186.
[22:43:49] [Server thread/INFO]: Injected new Forge block material TWILIGHTFOREST_TILE_TFMAGICLOG with ID 187.
[22:43:49] [Server thread/INFO]: Injected new Forge block material TWILIGHTFOREST_TILE_TFMAGICLEAVES with ID 188.
[22:43:49] [Server thread/INFO]: Injected new Forge block material TWILIGHTFOREST_TILE_TFMAGICLOGSPECIAL with ID 189.
[22:43:49] [Server thread/INFO]: Injected new Forge block material TWILIGHTFOREST_TILE_TFTOWERSTONE with ID 190.
[22:43:49] [Server thread/INFO]: Injected new Forge block material TWILIGHTFOREST_TILE_TFTOWERDEVICE with ID 191.
[22:43:49] [Server thread/INFO]: Injected new Forge block material TWILIGHTFOREST_TILE_TFTOWERTRANSLUCENT with ID 192.
[22:43:49] [Server thread/INFO]: Injected new Forge block material TWILIGHTFOREST_TILE_TFTROPHY with ID 193.
[22:43:49] [Server thread/INFO]: Injected new Forge block material TWILIGHTFOREST_TILE_TFSHIELD with ID 194.
[22:43:49] [Server thread/INFO]: Injected new Forge block material TWILIGHTFOREST_TILE_TFTROPHYPEDESTAL with ID 195.
[22:43:49] [Server thread/INFO]: Injected new Forge block material TWILIGHTFOREST_TILE_TFAURORABRICK with ID 196.
[22:43:49] [Server thread/INFO]: Injected new Forge block material TWILIGHTFOREST_TILE_TFUNDERBRICK with ID 197.
[22:43:49] [Server thread/INFO]: Injected new Forge block material TWILIGHTFOREST_TILE_TFTHORNS with ID 198.
[22:43:49] [Server thread/INFO]: Injected new Forge block material TWILIGHTFOREST_TILE_TFBURNTTHORNS with ID 199.
[22:43:49] [Server thread/INFO]: Injected new Forge block material TWILIGHTFOREST_TILE_TFTHORNROSE with ID 200.
[22:43:49] [Server thread/INFO]: Injected new Forge block material TWILIGHTFOREST_TILE_TFLEAVES3 with ID 201.
[22:43:49] [Server thread/INFO]: Injected new Forge block material TWILIGHTFOREST_TILE_TFDEADROCK with ID 202.
[22:43:49] [Server thread/INFO]: Injected new Forge block material TWILIGHTFOREST_TILE_DARKLEAVES with ID 203.
[22:43:49] [Server thread/INFO]: Injected new Forge block material TWILIGHTFOREST_TILE_AURORAPILLAR with ID 204.
[22:43:49] [Server thread/INFO]: Injected new Forge block material TWILIGHTFOREST_TILE_AURORASLAB with ID 205.
[22:43:49] [Server thread/INFO]: Injected new Forge block material TWILIGHTFOREST_TILE_AURORADOUBLESLAB with ID 206.
[22:43:49] [Server thread/INFO]: Injected new Forge block material TWILIGHTFOREST_TILE_TROLLSTEINN with ID 207.
[22:43:49] [Server thread/INFO]: Injected new Forge block material TWILIGHTFOREST_TILE_WISPYCLOUD with ID 208.
[22:43:49] [Server thread/INFO]: Injected new Forge block material TWILIGHTFOREST_TILE_FLUFFYCLOUD with ID 209.
[22:43:49] [Server thread/INFO]: Injected new Forge block material TWILIGHTFOREST_TILE_GIANTCOBBLE with ID 210.
[22:43:49] [Server thread/INFO]: Injected new Forge block material TWILIGHTFOREST_TILE_GIANTLOG with ID 211.
[22:43:49] [Server thread/INFO]: Injected new Forge block material TWILIGHTFOREST_TILE_GIANTLEAVES with ID 212.
[22:43:49] [Server thread/INFO]: Injected new Forge block material TWILIGHTFOREST_TILE_GIANTOBSIDIAN with ID 213.
[22:43:49] [Server thread/INFO]: Injected new Forge block material TWILIGHTFOREST_TILE_UBEROUSSOIL with ID 214.
[22:43:49] [Server thread/INFO]: Injected new Forge block material TWILIGHTFOREST_TILE_HUGESTALK with ID 215.
[22:43:49] [Server thread/INFO]: Injected new Forge block material TWILIGHTFOREST_TILE_HUGEGLOOMBLOCK with ID 216.
[22:43:49] [Server thread/INFO]: Injected new Forge block material TWILIGHTFOREST_TILE_TROLLVIDR with ID 217.
[22:43:49] [Server thread/INFO]: Injected new Forge block material TWILIGHTFOREST_TILE_UNRIPETROLLBER with ID 218.
[22:43:49] [Server thread/INFO]: Injected new Forge block material TWILIGHTFOREST_TILE_TROLLBER with ID 219.
[22:43:49] [Server thread/INFO]: Injected new Forge item material TWILIGHTFOREST_ITEM_NAGASCALE with ID 4096.
[22:43:49] [Server thread/INFO]: Injected new Forge item material TWILIGHTFOREST_ITEM_PLATENAGA with ID 4097.
[22:43:49] [Server thread/INFO]: Injected new Forge item material TWILIGHTFOREST_ITEM_LEGSNAGA with ID 4098.
[22:43:49] [Server thread/INFO]: Injected new Forge item material TWILIGHTFOREST_ITEM_SCEPTERTWILIGHT with ID 4099.
[22:43:49] [Server thread/INFO]: Injected new Forge item material TWILIGHTFOREST_ITEM_SCEPTERLIFEDRAIN with ID 4100.
[22:43:49] [Server thread/INFO]: Injected new Forge item material TWILIGHTFOREST_ITEM_SCEPTERZOMBIE with ID 4101.
[22:43:49] [Server thread/INFO]: Injected new Forge item material TWILIGHTFOREST_ITEM_OREMETER with ID 4102.
[22:43:49] [Server thread/INFO]: Injected new Forge item material TWILIGHTFOREST_ITEM_MAGICMAP with ID 4103.
[22:43:49] [Server thread/INFO]: Injected new Forge item material TWILIGHTFOREST_ITEM_MAZEMAP with ID 4104.
[22:43:49] [Server thread/INFO]: Injected new Forge item material TWILIGHTFOREST_ITEM_OREMAP with ID 4105.
[22:43:49] [Server thread/INFO]: Injected new Forge item material TWILIGHTFOREST_ITEM_TFFEATHER with ID 4106.
[22:43:49] [Server thread/INFO]: Injected new Forge item material TWILIGHTFOREST_ITEM_MAGICMAPFOCUS with ID 4107.
[22:43:49] [Server thread/INFO]: Injected new Forge item material TWILIGHTFOREST_ITEM_MAZEMAPFOCUS with ID 4108.
[22:43:49] [Server thread/INFO]: Injected new Forge item material TWILIGHTFOREST_ITEM_LIVEROOT with ID 4109.
[22:43:49] [Server thread/INFO]: Injected new Forge item material TWILIGHTFOREST_ITEM_IRONWOODRAW with ID 4110.
[22:43:49] [Server thread/INFO]: Injected new Forge item material TWILIGHTFOREST_ITEM_IRONWOODINGOT with ID 4111.
[22:43:49] [Server thread/INFO]: Injected new Forge item material TWILIGHTFOREST_ITEM_IRONWOODHELM with ID 4112.
[22:43:49] [Server thread/INFO]: Injected new Forge item material TWILIGHTFOREST_ITEM_IRONWOODPLATE with ID 4113.
[22:43:49] [Server thread/INFO]: Injected new Forge item material TWILIGHTFOREST_ITEM_IRONWOODLEGS with ID 4114.
[22:43:49] [Server thread/INFO]: Injected new Forge item material TWILIGHTFOREST_ITEM_IRONWOODBOOTS with ID 4115.
[22:43:49] [Server thread/INFO]: Injected new Forge item material TWILIGHTFOREST_ITEM_IRONWOODSWORD with ID 4116.
[22:43:49] [Server thread/INFO]: Injected new Forge item material TWILIGHTFOREST_ITEM_IRONWOODSHOVEL with ID 4117.
[22:43:49] [Server thread/INFO]: Injected new Forge item material TWILIGHTFOREST_ITEM_IRONWOODPICK with ID 4118.
[22:43:49] [Server thread/INFO]: Injected new Forge item material TWILIGHTFOREST_ITEM_IRONWOODAXE with ID 4119.
[22:43:49] [Server thread/INFO]: Injected new Forge item material TWILIGHTFOREST_ITEM_IRONWOODHOE with ID 4120.
[22:43:49] [Server thread/INFO]: Injected new Forge item material TWILIGHTFOREST_ITEM_TORCHBERRIES with ID 4121.
[22:43:49] [Server thread/INFO]: Injected new Forge item material TWILIGHTFOREST_ITEM_VENISONRAW with ID 4122.
[22:43:49] [Server thread/INFO]: Injected new Forge item material TWILIGHTFOREST_ITEM_VENISONCOOKED with ID 4123.
[22:43:49] [Server thread/INFO]: Injected new Forge item material TWILIGHTFOREST_ITEM_HYDRACHOP with ID 4124.
[22:43:49] [Server thread/INFO]: Injected new Forge item material TWILIGHTFOREST_ITEM_FIERYBLOOD with ID 4125.
[22:43:49] [Server thread/INFO]: Injected new Forge item material TWILIGHTFOREST_ITEM_TROPHY with ID 4126.
[22:43:49] [Server thread/INFO]: Injected new Forge item material TWILIGHTFOREST_ITEM_FIERYINGOT with ID 4127.
[22:43:49] [Server thread/INFO]: Injected new Forge item material TWILIGHTFOREST_ITEM_FIERYHELM with ID 4128.
[22:43:49] [Server thread/INFO]: Injected new Forge item material TWILIGHTFOREST_ITEM_FIERYPLATE with ID 4129.
[22:43:49] [Server thread/INFO]: Injected new Forge item material TWILIGHTFOREST_ITEM_FIERYLEGS with ID 4130.
[22:43:49] [Server thread/INFO]: Injected new Forge item material TWILIGHTFOREST_ITEM_FIERYBOOTS with ID 4131.
[22:43:49] [Server thread/INFO]: Injected new Forge item material TWILIGHTFOREST_ITEM_FIERYSWORD with ID 4132.
[22:43:49] [Server thread/INFO]: Injected new Forge item material TWILIGHTFOREST_ITEM_FIERYPICK with ID 4133.
[22:43:49] [Server thread/INFO]: Injected new Forge item material TWILIGHTFOREST_ITEM_STEELEAFINGOT with ID 4134.
[22:43:49] [Server thread/INFO]: Injected new Forge item material TWILIGHTFOREST_ITEM_STEELEAFHELM with ID 4135.
[22:43:49] [Server thread/INFO]: Injected new Forge item material TWILIGHTFOREST_ITEM_STEELEAFPLATE with ID 4136.
[22:43:49] [Server thread/INFO]: Injected new Forge item material TWILIGHTFOREST_ITEM_STEELEAFLEGS with ID 4137.
[22:43:49] [Server thread/INFO]: Injected new Forge item material TWILIGHTFOREST_ITEM_STEELEAFBOOTS with ID 4138.
[22:43:49] [Server thread/INFO]: Injected new Forge item material TWILIGHTFOREST_ITEM_STEELEAFSWORD with ID 4139.
[22:43:49] [Server thread/INFO]: Injected new Forge item material TWILIGHTFOREST_ITEM_STEELEAFSHOVEL with ID 4140.
[22:43:49] [Server thread/INFO]: Injected new Forge item material TWILIGHTFOREST_ITEM_STEELEAFPICK with ID 4141.
[22:43:49] [Server thread/INFO]: Injected new Forge item material TWILIGHTFOREST_ITEM_STEELEAFAXE with ID 4142.
[22:43:49] [Server thread/INFO]: Injected new Forge item material TWILIGHTFOREST_ITEM_STEELEAFHOE with ID 4143.
[22:43:49] [Server thread/INFO]: Injected new Forge item material TWILIGHTFOREST_ITEM_MINOTAURAXE with ID 4144.
[22:43:49] [Server thread/INFO]: Injected new Forge item material TWILIGHTFOREST_ITEM_MAZEBREAKERPICK with ID 4145.
[22:43:49] [Server thread/INFO]: Injected new Forge item material TWILIGHTFOREST_ITEM_TRANSFORMPOWDER with ID 4146.
[22:43:49] [Server thread/INFO]: Injected new Forge item material TWILIGHTFOREST_ITEM_MEEFRAW with ID 4147.
[22:43:49] [Server thread/INFO]: Injected new Forge item material TWILIGHTFOREST_ITEM_MEEFSTEAK with ID 4148.
[22:43:49] [Server thread/INFO]: Injected new Forge item material TWILIGHTFOREST_ITEM_MEEFSTROGANOFF with ID 4149.
[22:43:49] [Server thread/INFO]: Injected new Forge item material TWILIGHTFOREST_ITEM_MAZEWAFER with ID 4150.
[22:43:49] [Server thread/INFO]: Injected new Forge item material TWILIGHTFOREST_ITEM_EMPTYMAGICMAP with ID 4151.
[22:43:49] [Server thread/INFO]: Injected new Forge item material TWILIGHTFOREST_ITEM_EMPTYMAZEMAP with ID 4152.
[22:43:49] [Server thread/INFO]: Injected new Forge item material TWILIGHTFOREST_ITEM_EMPTYOREMAP with ID 4153.
[22:43:49] [Server thread/INFO]: Injected new Forge item material TWILIGHTFOREST_ITEM_OREMAGNET with ID 4154.
[22:43:49] [Server thread/INFO]: Injected new Forge item material TWILIGHTFOREST_ITEM_CRUMBLEHORN with ID 4155.
[22:43:49] [Server thread/INFO]: Injected new Forge item material TWILIGHTFOREST_ITEM_PEACOCKFAN with ID 4156.
[22:43:49] [Server thread/INFO]: Injected new Forge item material TWILIGHTFOREST_ITEM_MOONWORMQUEEN with ID 4157.
[22:43:49] [Server thread/INFO]: Injected new Forge item material TWILIGHTFOREST_ITEM_CHARMOFLIFE1 with ID 4158.
[22:43:49] [Server thread/INFO]: Injected new Forge item material TWILIGHTFOREST_ITEM_CHARMOFLIFE2 with ID 4159.
[22:43:49] [Server thread/INFO]: Injected new Forge item material TWILIGHTFOREST_ITEM_CHARMOFKEEPING1 with ID 4160.
[22:43:49] [Server thread/INFO]: Injected new Forge item material TWILIGHTFOREST_ITEM_CHARMOFKEEPING2 with ID 4161.
[22:43:49] [Server thread/INFO]: Injected new Forge item material TWILIGHTFOREST_ITEM_CHARMOFKEEPING3 with ID 4162.
[22:43:49] [Server thread/INFO]: Injected new Forge item material TWILIGHTFOREST_ITEM_TOWERKEY with ID 4163.
[22:43:49] [Server thread/INFO]: Injected new Forge item material TWILIGHTFOREST_ITEM_BORERESSENCE with ID 4164.
[22:43:49] [Server thread/INFO]: Injected new Forge item material TWILIGHTFOREST_ITEM_CARMINITE with ID 4165.
[22:43:49] [Server thread/INFO]: Injected new Forge item material TWILIGHTFOREST_ITEM_EXPERIMENT115 with ID 4166.
[22:43:49] [Server thread/INFO]: Injected new Forge item material TWILIGHTFOREST_ITEM_ARMORSHARDS with ID 4167.
[22:43:49] [Server thread/INFO]: Injected new Forge item material TWILIGHTFOREST_ITEM_KNIGHTMETAL with ID 4168.
[22:43:49] [Server thread/INFO]: Injected new Forge item material TWILIGHTFOREST_ITEM_SHARDCLUSTER with ID 4169.
[22:43:49] [Server thread/INFO]: Injected new Forge item material TWILIGHTFOREST_ITEM_KNIGHTLYHELM with ID 4170.
[22:43:49] [Server thread/INFO]: Injected new Forge item material TWILIGHTFOREST_ITEM_KNIGHTLYPLATE with ID 4171.
[22:43:49] [Server thread/INFO]: Injected new Forge item material TWILIGHTFOREST_ITEM_KNIGHTLYLEGS with ID 4172.
[22:43:49] [Server thread/INFO]: Injected new Forge item material TWILIGHTFOREST_ITEM_KNIGHTLYBOOTS with ID 4173.
[22:43:49] [Server thread/INFO]: Injected new Forge item material TWILIGHTFOREST_ITEM_KNIGHTLYSWORD with ID 4174.
[22:43:49] [Server thread/INFO]: Injected new Forge item material TWILIGHTFOREST_ITEM_KNIGHTLYPICK with ID 4175.
[22:43:49] [Server thread/INFO]: Injected new Forge item material TWILIGHTFOREST_ITEM_KNIGHTLYAXE with ID 4176.
[22:43:49] [Server thread/INFO]: Injected new Forge item material TWILIGHTFOREST_ITEM_PHANTOMHELM with ID 4177.
[22:43:49] [Server thread/INFO]: Injected new Forge item material TWILIGHTFOREST_ITEM_PHANTOMPLATE with ID 4178.
[22:43:49] [Server thread/INFO]: Injected new Forge item material TWILIGHTFOREST_ITEM_LAMPOFCINDERS with ID 4179.
[22:43:49] [Server thread/INFO]: Injected new Forge item material TWILIGHTFOREST_ITEM_FIERYTEARS with ID 4180.
[22:43:49] [Server thread/INFO]: Injected new Forge item material TWILIGHTFOREST_ITEM_ALPHAFUR with ID 4181.
[22:43:49] [Server thread/INFO]: Injected new Forge item material TWILIGHTFOREST_ITEM_YETIHELM with ID 4182.
[22:43:49] [Server thread/INFO]: Injected new Forge item material TWILIGHTFOREST_ITEM_YETIPLATE with ID 4183.
[22:43:49] [Server thread/INFO]: Injected new Forge item material TWILIGHTFOREST_ITEM_YETILEGS with ID 4184.
[22:43:49] [Server thread/INFO]: Injected new Forge item material TWILIGHTFOREST_ITEM_YETIBOOTS with ID 4185.
[22:43:49] [Server thread/INFO]: Injected new Forge item material TWILIGHTFOREST_ITEM_ICEBOMB with ID 4186.
[22:43:49] [Server thread/INFO]: Injected new Forge item material TWILIGHTFOREST_ITEM_ARCTICFUR with ID 4187.
[22:43:49] [Server thread/INFO]: Injected new Forge item material TWILIGHTFOREST_ITEM_ARCTICHELM with ID 4188.
[22:43:49] [Server thread/INFO]: Injected new Forge item material TWILIGHTFOREST_ITEM_ARCTICPLATE with ID 4189.
[22:43:49] [Server thread/INFO]: Injected new Forge item material TWILIGHTFOREST_ITEM_ARCTICLEGS with ID 4190.
[22:43:49] [Server thread/INFO]: Injected new Forge item material TWILIGHTFOREST_ITEM_ARCTICBOOTS with ID 4191.
[22:43:49] [Server thread/INFO]: Injected new Forge item material TWILIGHTFOREST_ITEM_MAGICBEANS with ID 4192.
[22:43:49] [Server thread/INFO]: Injected new Forge item material TWILIGHTFOREST_ITEM_GIANTPICK with ID 4193.
[22:43:49] [Server thread/INFO]: Injected new Forge item material TWILIGHTFOREST_ITEM_GIANTSWORD with ID 4194.
[22:43:49] [Server thread/INFO]: Injected new Forge item material TWILIGHTFOREST_ITEM_TRIPLEBOW with ID 4195.
[22:43:49] [Server thread/INFO]: Injected new Forge item material TWILIGHTFOREST_ITEM_SEEKERBOW with ID 4196.
[22:43:49] [Server thread/INFO]: Injected new Forge item material TWILIGHTFOREST_ITEM_ICEBOW with ID 4197.
[22:43:49] [Server thread/INFO]: Injected new Forge item material TWILIGHTFOREST_ITEM_ENDERBOW with ID 4198.
[22:43:49] [Server thread/INFO]: Injected new Forge item material TWILIGHTFOREST_ITEM_ICESWORD with ID 4199.
[22:43:49] [Server thread/INFO]: Injected new Forge item material TWILIGHTFOREST_ITEM_GLASSSWORD with ID 4200.
[22:43:49] [Server thread/INFO]: Injected new Forge item material TWILIGHTFOREST_ITEM_TFSPAWNEGG with ID 4201.
[22:43:50] [Server thread/INFO]: Mapping loaded 11 packages, 7841 classes, 26711 fields, 53884 methods, flags 1ffa
[22:43:50] [Server thread/INFO]: Loaded inheritance map of 895 classes
[22:43:50] [Server thread/WARN]: =============================================================
[22:43:50] [Server thread/WARN]: MOD HAS DIRECT REFERENCE System.exit() THIS IS NOT ALLOWED REROUTING TO FMLCommonHandler!
[22:43:50] [Server thread/WARN]: Offendor: net/md_5/specialsource/SpecialSource.main([Ljava/lang/String;)V
[22:43:50] [Server thread/WARN]: =============================================================
[22:43:50] [Server thread/WARN]: =============================================================
[22:43:50] [Server thread/WARN]: MOD HAS DIRECT REFERENCE System.exit() THIS IS NOT ALLOWED REROUTING TO FMLCommonHandler!
[22:43:50] [Server thread/WARN]: Offendor: net/md_5/specialsource/SpecialSource.main([Ljava/lang/String;)V
[22:43:50] [Server thread/WARN]: =============================================================
[22:43:50] [Server thread/WARN]: =============================================================
[22:43:50] [Server thread/WARN]: MOD HAS DIRECT REFERENCE System.exit() THIS IS NOT ALLOWED REROUTING TO FMLCommonHandler!
[22:43:50] [Server thread/WARN]: Offendor: net/md_5/specialsource/SpecialSource.main([Ljava/lang/String;)V
[22:43:50] [Server thread/WARN]: =============================================================
[22:43:50] [Server thread/WARN]: =============================================================
[22:43:50] [Server thread/WARN]: MOD HAS DIRECT REFERENCE System.exit() THIS IS NOT ALLOWED REROUTING TO FMLCommonHandler!
[22:43:50] [Server thread/WARN]: Offendor: net/md_5/specialsource/SpecialSource.main([Ljava/lang/String;)V
[22:43:50] [Server thread/WARN]: =============================================================
[22:43:50] [Server thread/INFO]: [Essentials] Loading Essentials v2.13.1
[22:43:50] [Server thread/INFO]: [EssentialsChat] Loading EssentialsChat v2.13.1
[22:43:50] [Server thread/INFO]: [EssentialsProtect] Loading EssentialsProtect v2.13.1
[22:43:50] [Server thread/INFO]: [EssentialsSpawn] Loading EssentialsSpawn v2.13.1
[22:43:50] [Server thread/INFO]: [EssentialsAntiBuild] Loading EssentialsAntiBuild v2.13.1
[22:43:50] [Server thread/INFO]: Adding biome mapping 40 Twilight Lake at BiomeBase[40]
[22:43:50] [Server thread/INFO]: Adding biome mapping 41 Twilight Forest at BiomeBase[41]
[22:43:50] [Server thread/INFO]: Adding biome mapping 42 Dense Twilight Forest at BiomeBase[42]
[22:43:50] [Server thread/INFO]: Adding biome mapping 43 Highlands at BiomeBase[43]
[22:43:50] [Server thread/INFO]: Adding biome mapping 44 Mushroom Forest at BiomeBase[44]
[22:43:50] [Server thread/INFO]: Adding biome mapping 45 Twilight Swamp at BiomeBase[45]
[22:43:50] [Server thread/INFO]: Adding biome mapping 46 Twilight Stream at BiomeBase[46]
[22:43:50] [Server thread/INFO]: Adding biome mapping 47 Snowy Forest at BiomeBase[47]
[22:43:50] [Server thread/INFO]: Adding biome mapping 48 Twilight Glacier at BiomeBase[48]
[22:43:50] [Server thread/INFO]: Adding biome mapping 49 Twilight Clearing at BiomeBase[49]
[22:43:50] [Server thread/INFO]: Adding biome mapping 50 Oak Savanna at BiomeBase[50]
[22:43:50] [Server thread/INFO]: Adding biome mapping 51 Lighted Forest at BiomeBase[51]
[22:43:50] [Server thread/INFO]: Adding biome mapping 52 Deep Mushroom Forest at BiomeBase[52]
[22:43:50] [Server thread/INFO]: Adding biome mapping 53 Dark Forest Center at BiomeBase[53]
[22:43:50] [Server thread/INFO]: Adding biome mapping 54 Highlands Center at BiomeBase[54]
[22:43:50] [Server thread/INFO]: Adding biome mapping 55 Dark Forest at BiomeBase[55]
[22:43:50] [Server thread/INFO]: Adding biome mapping 56 Enchanted Forest at BiomeBase[56]
[22:43:50] [Server thread/INFO]: Adding biome mapping 57 Fire Swamp at BiomeBase[57]
[22:43:50] [Server thread/INFO]: Adding biome mapping 58 Thornlands at BiomeBase[58]
[22:43:50] [Server thread/INFO]: Loading dimension 0 (skarn) (net.minecraft.server.dedicated.DedicatedServer@7a6a9df9)
[22:43:50] [Server thread/INFO]: Loading dimension 7 (DIM7) (net.minecraft.server.dedicated.DedicatedServer@7a6a9df9)
[22:43:50] [Server thread/INFO]: Loading dimension 1 (DIM1) (net.minecraft.server.dedicated.DedicatedServer@7a6a9df9)
[22:43:50] [Server thread/INFO]: Loading dimension -1 (DIM-1) (net.minecraft.server.dedicated.DedicatedServer@7a6a9df9)
[22:43:50] [Server thread/INFO]: Preparing start region for level 0
[22:43:51] [Server thread/INFO]: [Essentials] Enabling Essentials v2.13.1
[22:43:51] [Server thread/INFO]: Bukkit版本已改变
[22:43:51] [Server thread/INFO]: git-Cauldron-MCPC-Plus-1.7.10-1.1206.01.170 (MC: 1.7.10)
[22:43:51] [Server thread/INFO]: 1.7.10-R0.1-SNAPSHOT
[22:43:51] [Server thread/INFO]: Using locale zh
[22:43:51] [Server thread/INFO]: Using locale zh
[22:43:51] [Server thread/INFO]: Essentials: Using config file enhanced permissions.
[22:43:51] [Server thread/INFO]: Permissions listed in as player-commands will be given to all users.
[22:43:51] [Server thread/INFO]: [EssentialsChat] Enabling EssentialsChat v2.13.1
[22:43:51] [Server thread/INFO]: [EssentialsProtect] Enabling EssentialsProtect v2.13.1
[22:43:51] [Server thread/INFO]: [EssentialsSpawn] Enabling EssentialsSpawn v2.13.1
[22:43:51] [Server thread/INFO]: [EssentialsAntiBuild] Enabling EssentialsAntiBuild v2.13.1
[22:43:51] [Server thread/INFO]: Server permissions file permissions.yml is empty, ignoring it
[22:43:51] [Server thread/INFO]: Done (2.723s)! For help, type "help" or "?"
[22:43:51] [Server thread/INFO]: Registered command forge with permission node net.minecraftforge.server.command.ForgeCommand
[22:43:51] [Server thread/INFO]: Registered command tffeature with permission node twilightforest.CommandTFFeature
[22:43:51] [Server thread/INFO]: Registered command biomeinfo with permission node com.sk89q.worldedit.forge.CommandWrapper
[22:43:51] [Server thread/INFO]: Registered command /shift with permission node com.sk89q.worldedit.forge.CommandWrapper
[22:43:51] [Server thread/INFO]: Registered command /fillr with permission node com.sk89q.worldedit.forge.CommandWrapper
[22:43:51] [Server thread/INFO]: Registered command /help with permission node com.sk89q.worldedit.forge.CommandWrapper
[22:43:51] [Server thread/INFO]: Registered command /removebelow with permission node com.sk89q.worldedit.forge.CommandWrapper
[22:43:51] [Server thread/INFO]: Registered command ascend with permission node com.sk89q.worldedit.forge.CommandWrapper
[22:43:51] [Server thread/INFO]: Registered command /flora with permission node com.sk89q.worldedit.forge.CommandWrapper
[22:43:51] [Server thread/INFO]: Registered command toggleeditwand with permission node com.sk89q.worldedit.forge.CommandWrapper
[22:43:51] [Server thread/INFO]: Registered command /hpyramid with permission node com.sk89q.worldedit.forge.CommandWrapper
[22:43:51] [Server thread/INFO]: Registered command /distr with permission node com.sk89q.worldedit.forge.CommandWrapper
[22:43:51] [Server thread/INFO]: Registered command cycler with permission node com.sk89q.worldedit.forge.CommandWrapper
[22:43:51] [Server thread/INFO]: Registered command /save with permission node com.sk89q.worldedit.forge.CommandWrapper
[22:43:51] [Server thread/INFO]: Registered command /undo with permission node com.sk89q.worldedit.forge.CommandWrapper
[22:43:51] [Server thread/INFO]: Registered command /hpos2 with permission node com.sk89q.worldedit.forge.CommandWrapper
[22:43:51] [Server thread/INFO]: Registered command /gmask with permission node com.sk89q.worldedit.forge.CommandWrapper
[22:43:51] [Server thread/INFO]: Registered command /faces with permission node com.sk89q.worldedit.forge.CommandWrapper
[22:43:51] [Server thread/INFO]: Registered command /drain with permission node com.sk89q.worldedit.forge.CommandWrapper
[22:43:51] [Server thread/INFO]: Registered command snapshot with permission node com.sk89q.worldedit.forge.CommandWrapper
[22:43:51] [Server thread/INFO]: Registered command /hpos1 with permission node com.sk89q.worldedit.forge.CommandWrapper
[22:43:51] [Server thread/INFO]: Registered command size with permission node com.sk89q.worldedit.forge.CommandWrapper
[22:43:51] [Server thread/INFO]: Registered command /replacenear with permission node com.sk89q.worldedit.forge.CommandWrapper
[22:43:51] [Server thread/INFO]: Registered command clearclipboard with permission node com.sk89q.worldedit.forge.CommandWrapper
[22:43:51] [Server thread/INFO]: Registered command /sphere with permission node com.sk89q.worldedit.forge.CommandWrapper
[22:43:51] [Server thread/INFO]: Registered command repl with permission node com.sk89q.worldedit.forge.CommandWrapper
[22:43:51] [Server thread/INFO]: Registered command /set with permission node com.sk89q.worldedit.forge.CommandWrapper
[22:43:51] [Server thread/INFO]: Registered command ceil with permission node com.sk89q.worldedit.forge.CommandWrapper
[22:43:51] [Server thread/INFO]: Registered command deltree with permission node com.sk89q.worldedit.forge.CommandWrapper
[22:43:51] [Server thread/INFO]: Registered command /curve with permission node com.sk89q.worldedit.forge.CommandWrapper
[22:43:51] [Server thread/INFO]: Registered command forestgen with permission node com.sk89q.worldedit.forge.CommandWrapper
[22:43:51] [Server thread/INFO]: Registered command listchunks with permission node com.sk89q.worldedit.forge.CommandWrapper
[22:43:51] [Server thread/INFO]: Registered command /outset with permission node com.sk89q.worldedit.forge.CommandWrapper
[22:43:51] [Server thread/INFO]: Registered command /forest with permission node com.sk89q.worldedit.forge.CommandWrapper
[22:43:51] [Server thread/INFO]: Registered command up with permission node com.sk89q.worldedit.forge.CommandWrapper
[22:43:51] [Server thread/INFO]: Registered command tool with permission node com.sk89q.worldedit.forge.CommandWrapper
[22:43:51] [Server thread/INFO]: Registered command /ex with permission node com.sk89q.worldedit.forge.CommandWrapper
[22:43:51] [Server thread/INFO]: Registered command /generatebiome with permission node com.sk89q.worldedit.forge.CommandWrapper
[22:43:51] [Server thread/INFO]: Registered command /deform with permission node com.sk89q.worldedit.forge.CommandWrapper
[22:43:51] [Server thread/INFO]: Registered command chunkinfo with permission node com.sk89q.worldedit.forge.CommandWrapper
[22:43:51] [Server thread/INFO]: Registered command /size with permission node com.sk89q.worldedit.forge.CommandWrapper
[22:43:51] [Server thread/INFO]: Registered command /pos1 with permission node com.sk89q.worldedit.forge.CommandWrapper
[22:43:51] [Server thread/INFO]: Registered command /fast with permission node com.sk89q.worldedit.forge.CommandWrapper
[22:43:51] [Server thread/INFO]: Registered command /walls with permission node com.sk89q.worldedit.forge.CommandWrapper
[22:43:51] [Server thread/INFO]: Registered command unstuck with permission node com.sk89q.worldedit.forge.CommandWrapper
[22:43:51] [Server thread/INFO]: Registered command /rotate with permission node com.sk89q.worldedit.forge.CommandWrapper
[22:43:51] [Server thread/INFO]: Registered command superpickaxe with permission node com.sk89q.worldedit.forge.CommandWrapper
[22:43:51] [Server thread/INFO]: Registered command /overlay with permission node com.sk89q.worldedit.forge.CommandWrapper
[22:43:51] [Server thread/INFO]: Registered command /redo with permission node com.sk89q.worldedit.forge.CommandWrapper
[22:43:51] [Server thread/INFO]: Registered command / with permission node com.sk89q.worldedit.forge.CommandWrapper
[22:43:51] [Server thread/INFO]: Registered command schematic with permission node com.sk89q.worldedit.forge.CommandWrapper
[22:43:51] [Server thread/INFO]: Registered command /contract with permission node com.sk89q.worldedit.forge.CommandWrapper
[22:43:51] [Server thread/INFO]: Registered command /count with permission node com.sk89q.worldedit.forge.CommandWrapper
[22:43:51] [Server thread/INFO]: Registered command /clearhistory with permission node com.sk89q.worldedit.forge.CommandWrapper
[22:43:51] [Server thread/INFO]: Registered command none with permission node com.sk89q.worldedit.forge.CommandWrapper
[22:43:51] [Server thread/INFO]: Registered command worldedit with permission node com.sk89q.worldedit.forge.CommandWrapper
[22:43:51] [Server thread/INFO]: Registered command /move with permission node com.sk89q.worldedit.forge.CommandWrapper
[22:43:51] [Server thread/INFO]: Registered command /green with permission node com.sk89q.worldedit.forge.CommandWrapper
[22:43:51] [Server thread/INFO]: Registered command /generate with permission node com.sk89q.worldedit.forge.CommandWrapper
[22:43:51] [Server thread/INFO]: Registered command descend with permission node com.sk89q.worldedit.forge.CommandWrapper
[22:43:51] [Server thread/INFO]: Registered command /thaw with permission node com.sk89q.worldedit.forge.CommandWrapper
[22:43:51] [Server thread/INFO]: Registered command mat with permission node com.sk89q.worldedit.forge.CommandWrapper
[22:43:51] [Server thread/INFO]: Registered command info with permission node com.sk89q.worldedit.forge.CommandWrapper
[22:43:51] [Server thread/INFO]: Registered command /paste with permission node com.sk89q.worldedit.forge.CommandWrapper
[22:43:51] [Server thread/INFO]: Registered command /replace with permission node com.sk89q.worldedit.forge.CommandWrapper
[22:43:51] [Server thread/INFO]: Registered command /snow with permission node com.sk89q.worldedit.forge.CommandWrapper
[22:43:51] [Server thread/INFO]: Registered command tree with permission node com.sk89q.worldedit.forge.CommandWrapper
[22:43:51] [Server thread/INFO]: Registered command /pos2 with permission node com.sk89q.worldedit.forge.CommandWrapper
[22:43:51] [Server thread/INFO]: Registered command /hcyl with permission node com.sk89q.worldedit.forge.CommandWrapper
[22:43:51] [Server thread/INFO]: Registered command /copy with permission node com.sk89q.worldedit.forge.CommandWrapper
[22:43:51] [Server thread/INFO]: Registered command /removenear with permission node com.sk89q.worldedit.forge.CommandWrapper
[22:43:51] [Server thread/INFO]: Registered command /expand with permission node com.sk89q.worldedit.forge.CommandWrapper
[22:43:51] [Server thread/INFO]: Registered command /calc with permission node com.sk89q.worldedit.forge.CommandWrapper
[22:43:51] [Server thread/INFO]: Registered command pumpkins with permission node com.sk89q.worldedit.forge.CommandWrapper
[22:43:51] [Server thread/INFO]: Registered command /removeabove with permission node com.sk89q.worldedit.forge.CommandWrapper
[22:43:51] [Server thread/INFO]: Registered command /fill with permission node com.sk89q.worldedit.forge.CommandWrapper
[22:43:51] [Server thread/INFO]: Registered command farwand with permission node com.sk89q.worldedit.forge.CommandWrapper
[22:43:51] [Server thread/INFO]: Registered command /load with permission node com.sk89q.worldedit.forge.CommandWrapper
[22:43:51] [Server thread/INFO]: Registered command /searchitem with permission node com.sk89q.worldedit.forge.CommandWrapper
[22:43:51] [Server thread/INFO]: Registered command floodfill with permission node com.sk89q.worldedit.forge.CommandWrapper
[22:43:51] [Server thread/INFO]: Registered command /regen with permission node com.sk89q.worldedit.forge.CommandWrapper
[22:43:51] [Server thread/INFO]: Registered command /toggleplace with permission node com.sk89q.worldedit.forge.CommandWrapper
[22:43:51] [Server thread/INFO]: Registered command /stack with permission node com.sk89q.worldedit.forge.CommandWrapper
[22:43:51] [Server thread/INFO]: Registered command remove with permission node com.sk89q.worldedit.forge.CommandWrapper
[22:43:51] [Server thread/INFO]: Registered command /chunk with permission node com.sk89q.worldedit.forge.CommandWrapper
[22:43:51] [Server thread/INFO]: Registered command cs with permission node com.sk89q.worldedit.forge.CommandWrapper
[22:43:51] [Server thread/INFO]: Registered command jumpto with permission node com.sk89q.worldedit.forge.CommandWrapper
[22:43:51] [Server thread/INFO]: Registered command thru with permission node com.sk89q.worldedit.forge.CommandWrapper
[22:43:51] [Server thread/INFO]: Registered command lrbuild with permission node com.sk89q.worldedit.forge.CommandWrapper
[22:43:51] [Server thread/INFO]: Registered command /fixwater with permission node com.sk89q.worldedit.forge.CommandWrapper
[22:43:51] [Server thread/INFO]: Registered command /flip with permission node com.sk89q.worldedit.forge.CommandWrapper
[22:43:51] [Server thread/INFO]: Registered command /smooth with permission node com.sk89q.worldedit.forge.CommandWrapper
[22:43:51] [Server thread/INFO]: Registered command /center with permission node com.sk89q.worldedit.forge.CommandWrapper
[22:43:51] [Server thread/INFO]: Registered command delchunks with permission node com.sk89q.worldedit.forge.CommandWrapper
[22:43:51] [Server thread/INFO]: Registered command butcher with permission node com.sk89q.worldedit.forge.CommandWrapper
[22:43:51] [Server thread/INFO]: Registered command /naturalize with permission node com.sk89q.worldedit.forge.CommandWrapper
[22:43:51] [Server thread/INFO]: Registered command biomelist with permission node com.sk89q.worldedit.forge.CommandWrapper
[22:43:51] [Server thread/INFO]: Registered command /inset with permission node com.sk89q.worldedit.forge.CommandWrapper
[22:43:51] [Server thread/INFO]: Registered command mask with permission node com.sk89q.worldedit.forge.CommandWrapper
[22:43:51] [Server thread/INFO]: Registered command /limit with permission node com.sk89q.worldedit.forge.CommandWrapper
[22:43:51] [Server thread/INFO]: Registered command .s with permission node com.sk89q.worldedit.forge.CommandWrapper
[22:43:51] [Server thread/INFO]: Registered command /pyramid with permission node com.sk89q.worldedit.forge.CommandWrapper
[22:43:51] [Server thread/INFO]: Registered command /wand with permission node com.sk89q.worldedit.forge.CommandWrapper
[22:43:51] [Server thread/INFO]: Registered command brush with permission node com.sk89q.worldedit.forge.CommandWrapper
[22:43:51] [Server thread/INFO]: Registered command /fixlava with permission node com.sk89q.worldedit.forge.CommandWrapper
[22:43:51] [Server thread/INFO]: Registered command /cyl with permission node com.sk89q.worldedit.forge.CommandWrapper
[22:43:51] [Server thread/INFO]: Registered command /hsphere with permission node com.sk89q.worldedit.forge.CommandWrapper
[22:43:51] [Server thread/INFO]: Registered command range with permission node com.sk89q.worldedit.forge.CommandWrapper
[22:43:51] [Server thread/INFO]: Registered command /hollow with permission node com.sk89q.worldedit.forge.CommandWrapper
[22:43:51] [Server thread/INFO]: Registered command restore with permission node com.sk89q.worldedit.forge.CommandWrapper
[22:43:51] [Server thread/INFO]: Registered command /cut with permission node com.sk89q.worldedit.forge.CommandWrapper
[22:43:51] [Server thread/INFO]: Registered command /setbiome with permission node com.sk89q.worldedit.forge.CommandWrapper
[22:43:51] [Server thread/INFO]: Registered command /line with permission node com.sk89q.worldedit.forge.CommandWrapper
[22:43:51] [Server thread/INFO]: Registered command /sel with permission node com.sk89q.worldedit.forge.CommandWrapper
