[00:00:23] [Server thread/INFO]: dingjibang has just earned the achievement [Time to Mine!]
[00:00:23] [Server thread/INFO]: dingjibang has just earned the achievement [Getting an Upgrade]
[00:00:49] [Server thread/INFO]: dingjibang has just earned the achievement [Hot Topic]
[00:01:53] [Server thread/INFO]: dingjibang has just earned the achievement [Acquire Hardware]
[00:06:02] [Server thread/INFO]: dingjibang issued server command: /tpa sola
[00:06:13] [Server thread/INFO]: sola issued server command: /tpaccept
[00:08:12] [Server thread/INFO]: dingjibang issued server command: /home
[00:08:31] [Server thread/INFO]: dingjibang issued server command: /back
[00:11:01] [Server thread/INFO]: dingjibang has just earned the achievement [DIAMONDS!]
[00:15:08] [Netty IO #2/INFO]: <dingjibang> 饿死了
[00:15:29] [Netty IO #2/INFO]: <dingjibang> 你还有了么
[00:16:04] [Netty IO #2/INFO]: <dingjibang> 扭蛋去啊！
[00:16:10] [Netty IO #2/INFO]: <dingjibang> 有新蛋池了
[00:17:41] [Netty IO #2/INFO]: <dingjibang> here
[00:21:00] [Netty IO #2/INFO]: <dingjibang> 你咋这么喜欢打碎石
[00:21:32] [Netty IO #0/INFO]: <sola> 感觉有东西
[00:21:37] [Netty IO #2/INFO]: <dingjibang> ...
[00:24:07] [Netty IO #2/INFO]: <dingjibang> 怎么没有大矿洞啊
[00:24:13] [Netty IO #2/INFO]: <dingjibang> 绕来绕去回来了
[00:24:16] [Netty IO #2/INFO]: <dingjibang> 233
[00:35:10] [Server thread/INFO]: dingjibang was blown up by Creeper
[00:35:14] [Server thread/INFO]: dingjibang issued server command: /back
[00:41:58] [Server thread/INFO]: dingjibang issued server command: /home
[00:42:03] [Server thread/INFO]: dingjibang issued server command: /back
[00:46:34] [Netty IO #2/INFO]: <dingjibang> 没有效率稿子 挖黑曜石真特么简直了
[00:50:04] [Netty IO #2/INFO]: <dingjibang> 我挖了半天 才5个钻石
[00:50:12] [Netty IO #2/INFO]: <dingjibang> 还不够11连的
[00:50:22] [Netty IO #0/INFO]: <sola> 13ge
[00:51:03] [Netty IO #2/INFO]: <dingjibang> 1点了
[00:51:08] [Netty IO #2/INFO]: <dingjibang> shuijiao
[00:51:17] [Netty IO #2/INFO]: <dingjibang> 明天回家继续~
[00:51:24] [Server thread/INFO]: dingjibang lost connection: Internal Exception: java.io.IOException: 远程主机强迫关闭了一个现有的连接。
[00:51:24] [Server thread/INFO]: dingjibang left the game.
[00:51:26] [Server thread/INFO]: sola tried to swim in lava
[00:51:34] [Server thread/INFO]: sola issued server command: /back
[00:51:54] [Server thread/INFO]: sola issued server command: /back
[00:52:08] [Server thread/INFO]: sola lost connection: Disconnected
[00:52:08] [Server thread/INFO]: sola left the game.
