[08:37:41] [KCauldron version retrievier/WARN]: Error occured during retriving version
java.lang.Throwable
	at kcauldron.KLog.log(KLog.java:30) [KLog.class:1.7.10-1614.175]
	at kcauldron.KLog.warning(KLog.java:41) [KLog.class:1.7.10-1614.175]
	at kcauldron.updater.KVersionRetriever.uncaughtException(KVersionRetriever.java:114) [KVersionRetriever.class:1.7.10-1614.175]
	at kcauldron.updater.KVersionRetriever.check(KVersionRetriever.java:108) [KVersionRetriever.class:1.7.10-1614.175]
	at kcauldron.updater.KVersionRetriever.run(KVersionRetriever.java:69) [KVersionRetriever.class:1.7.10-1614.175]
	at java.lang.Thread.run(Thread.java:745) [?:1.7.0_67]
Caused by: java.net.UnknownHostException: api.prok.pw
	at java.net.Inet6AddressImpl.lookupAllHostAddr(Native Method) ~[?:1.7.0_67]
	at java.net.InetAddress$1.lookupAllHostAddr(InetAddress.java:901) ~[?:1.7.0_67]
	at java.net.InetAddress.getAddressesFromNameService(InetAddress.java:1293) ~[?:1.7.0_67]
	at java.net.InetAddress.getAllByName0(InetAddress.java:1246) ~[?:1.7.0_67]
	at java.net.InetAddress.getAllByName(InetAddress.java:1162) ~[?:1.7.0_67]
	at java.net.InetAddress.getAllByName(InetAddress.java:1098) ~[?:1.7.0_67]
	at org.apache.http.impl.conn.SystemDefaultDnsResolver.resolve(SystemDefaultDnsResolver.java:45) ~[SystemDefaultDnsResolver.class:4.4.1]
	at org.apache.http.impl.conn.DefaultHttpClientConnectionOperator.connect(DefaultHttpClientConnectionOperator.java:111) ~[DefaultHttpClientConnectionOperator.class:4.4.1]
	at org.apache.http.impl.conn.PoolingHttpClientConnectionManager.connect(PoolingHttpClientConnectionManager.java:353) ~[PoolingHttpClientConnectionManager.class:4.4.1]
	at org.apache.http.impl.execchain.MainClientExec.establishRoute(MainClientExec.java:380) ~[MainClientExec.class:4.4.1]
	at org.apache.http.impl.execchain.MainClientExec.execute(MainClientExec.java:236) ~[MainClientExec.class:4.4.1]
	at org.apache.http.impl.execchain.ProtocolExec.execute(ProtocolExec.java:184) ~[ProtocolExec.class:4.4.1]
	at org.apache.http.impl.execchain.RetryExec.execute(RetryExec.java:88) ~[RetryExec.class:4.4.1]
	at org.apache.http.impl.execchain.RedirectExec.execute(RedirectExec.java:110) ~[RedirectExec.class:4.4.1]
	at org.apache.http.impl.client.InternalHttpClient.doExecute(InternalHttpClient.java:184) ~[InternalHttpClient.class:4.4.1]
	at org.apache.http.impl.client.CloseableHttpClient.execute(CloseableHttpClient.java:82) ~[CloseableHttpClient.class:4.4.1]
	at org.apache.http.impl.client.CloseableHttpClient.execute(CloseableHttpClient.java:107) ~[CloseableHttpClient.class:4.4.1]
	at kcauldron.updater.KVersionRetriever.check(KVersionRetriever.java:92) ~[KVersionRetriever.class:1.7.10-1614.175]
	... 2 more
[11:47:53] [KCauldron version retrievier/WARN]: Error occured during retriving version
java.lang.Throwable
	at kcauldron.KLog.log(KLog.java:30) [KLog.class:1.7.10-1614.175]
	at kcauldron.KLog.warning(KLog.java:41) [KLog.class:1.7.10-1614.175]
	at kcauldron.updater.KVersionRetriever.uncaughtException(KVersionRetriever.java:114) [KVersionRetriever.class:1.7.10-1614.175]
	at kcauldron.updater.KVersionRetriever.check(KVersionRetriever.java:108) [KVersionRetriever.class:1.7.10-1614.175]
	at kcauldron.updater.KVersionRetriever.run(KVersionRetriever.java:69) [KVersionRetriever.class:1.7.10-1614.175]
	at java.lang.Thread.run(Thread.java:745) [?:1.7.0_67]
Caused by: java.net.UnknownHostException: api.prok.pw
	at java.net.Inet6AddressImpl.lookupAllHostAddr(Native Method) ~[?:1.7.0_67]
	at java.net.InetAddress$1.lookupAllHostAddr(InetAddress.java:901) ~[?:1.7.0_67]
	at java.net.InetAddress.getAddressesFromNameService(InetAddress.java:1293) ~[?:1.7.0_67]
	at java.net.InetAddress.getAllByName0(InetAddress.java:1246) ~[?:1.7.0_67]
	at java.net.InetAddress.getAllByName(InetAddress.java:1162) ~[?:1.7.0_67]
	at java.net.InetAddress.getAllByName(InetAddress.java:1098) ~[?:1.7.0_67]
	at org.apache.http.impl.conn.SystemDefaultDnsResolver.resolve(SystemDefaultDnsResolver.java:45) ~[SystemDefaultDnsResolver.class:4.4.1]
	at org.apache.http.impl.conn.DefaultHttpClientConnectionOperator.connect(DefaultHttpClientConnectionOperator.java:111) ~[DefaultHttpClientConnectionOperator.class:4.4.1]
	at org.apache.http.impl.conn.PoolingHttpClientConnectionManager.connect(PoolingHttpClientConnectionManager.java:353) ~[PoolingHttpClientConnectionManager.class:4.4.1]
	at org.apache.http.impl.execchain.MainClientExec.establishRoute(MainClientExec.java:380) ~[MainClientExec.class:4.4.1]
	at org.apache.http.impl.execchain.MainClientExec.execute(MainClientExec.java:236) ~[MainClientExec.class:4.4.1]
	at org.apache.http.impl.execchain.ProtocolExec.execute(ProtocolExec.java:184) ~[ProtocolExec.class:4.4.1]
	at org.apache.http.impl.execchain.RetryExec.execute(RetryExec.java:88) ~[RetryExec.class:4.4.1]
	at org.apache.http.impl.execchain.RedirectExec.execute(RedirectExec.java:110) ~[RedirectExec.class:4.4.1]
	at org.apache.http.impl.client.InternalHttpClient.doExecute(InternalHttpClient.java:184) ~[InternalHttpClient.class:4.4.1]
	at org.apache.http.impl.client.CloseableHttpClient.execute(CloseableHttpClient.java:82) ~[CloseableHttpClient.class:4.4.1]
	at org.apache.http.impl.client.CloseableHttpClient.execute(CloseableHttpClient.java:107) ~[CloseableHttpClient.class:4.4.1]
	at kcauldron.updater.KVersionRetriever.check(KVersionRetriever.java:92) ~[KVersionRetriever.class:1.7.10-1614.175]
	... 2 more
