[13:27:35] [main/INFO]: Loading tweak class name cpw.mods.fml.common.launcher.FMLServerTweaker
[13:27:35] [main/INFO]: Using primary tweak class name cpw.mods.fml.common.launcher.FMLServerTweaker
[13:27:35] [main/INFO]: Calling tweak class cpw.mods.fml.common.launcher.FMLServerTweaker
[13:27:35] [main/INFO]: Forge Mod Loader version 7.10.25.1206 for Minecraft 1.7.10 loading
[13:27:36] [main/INFO]: Java is Java HotSpot(TM) 64-Bit Server VM, version 1.7.0_67, running on Windows 8.1:amd64:6.3, installed at C:\Program Files\Java\jdk1.7.0_67\jre
[13:27:36] [main/ERROR]: The coremod ruby.bamboo.asm.CorePlugin is requesting minecraft version 1.7.2 and minecraft is 1.7.10. It will be ignored.
[13:27:38] [main/WARN]: The following coremods do not have a @MCVersion annotation. They may cause problems if this is not the correct version of Minecraft for them.
[13:27:38] [main/WARN]: Missing @MCVersion: codechicken.core.launch.CodeChickenCorePlugin  ic2.core.coremod.IC2core  lain.mods.inputfix.InputFix  invtweaks.forge.asm.FMLPlugin  codechicken.nei.asm.NEICorePlugin  
[13:27:38] [main/INFO]: Loading tweak class name cpw.mods.fml.common.launcher.FMLInjectionAndSortingTweaker
[13:27:38] [main/INFO]: Loading tweak class name cpw.mods.fml.common.launcher.FMLDeobfTweaker
[13:27:38] [main/INFO]: Calling tweak class cpw.mods.fml.common.launcher.FMLInjectionAndSortingTweaker
[13:27:38] [main/INFO]: Calling tweak class cpw.mods.fml.common.launcher.FMLInjectionAndSortingTweaker
[13:27:38] [main/INFO]: Calling tweak class cpw.mods.fml.relauncher.CoreModManager$FMLPluginWrapper
[13:27:39] [main/INFO]: Calling tweak class cpw.mods.fml.relauncher.CoreModManager$FMLPluginWrapper
[13:27:39] [main/INFO]: Calling tweak class cpw.mods.fml.relauncher.CoreModManager$FMLPluginWrapper
[13:27:39] [main/INFO]: Calling tweak class cpw.mods.fml.relauncher.CoreModManager$FMLPluginWrapper
[13:27:39] [main/INFO]: Calling tweak class cpw.mods.fml.relauncher.CoreModManager$FMLPluginWrapper
[13:27:39] [main/INFO]: Loaded library EJML-core-0.26.jar.
[13:27:39] [main/INFO]: Calling tweak class cpw.mods.fml.relauncher.CoreModManager$FMLPluginWrapper
[13:27:39] [main/INFO]: Calling tweak class cpw.mods.fml.relauncher.CoreModManager$FMLPluginWrapper
[13:27:39] [main/INFO]: Calling tweak class cpw.mods.fml.relauncher.CoreModManager$FMLPluginWrapper
[13:27:39] [main/INFO]: Calling tweak class cpw.mods.fml.relauncher.CoreModManager$FMLPluginWrapper
[13:27:39] [main/INFO]: Injecting Data ...
[13:27:39] [main/INFO]: Calling tweak class cpw.mods.fml.common.launcher.FMLDeobfTweaker
[13:27:39] [main/INFO]: Loading tweak class name cpw.mods.fml.common.launcher.TerminalTweaker
[13:27:39] [main/INFO]: Calling tweak class cpw.mods.fml.common.launcher.TerminalTweaker
[13:27:40] [main/INFO]: Launching wrapped minecraft {net.minecraft.server.MinecraftServer}
[13:27:41] [Server thread/INFO]: Starting minecraft server version 1.7.10
[13:27:41] [Server thread/INFO]: Attempting early MinecraftForge initialization
[13:27:41] [Server thread/INFO]: MinecraftForge v10.13.0.1206 Initialized
[13:27:41] [Server thread/INFO]: Replaced 182 ore recipies
[13:27:41] [Server thread/INFO]: Completed early MinecraftForge initialization
[13:27:41] [Server thread/INFO]: Searching I:\Minecraft 1.7.10 with Forge10.13.0.1206纯净版（附Cauldron开服器）\（开服器）Cauldron服务端\mods for mods
[13:27:41] [Server thread/INFO]: Also searching I:\Minecraft 1.7.10 with Forge10.13.0.1206纯净版（附Cauldron开服器）\（开服器）Cauldron服务端\mods\1.7.10 for mods
[13:27:42] [Server thread/INFO]: Forge Mod Loader has identified 12 mods to load
[13:27:42] [Server thread/INFO]: FML has found a non-mod file CodeChickenLib-1.7.10-1.1.1.99-universal.jar in your mods directory. It will now be injected into your classpath. This could severe stability issues, it should be removed if possible.
[13:27:43] [Server thread/INFO]: InvTweaks: net.minecraft.inventory.Container
[13:27:43] [Server thread/INFO]: Processing ObjectHolder annotations
[13:27:43] [Server thread/INFO]: Found 341 ObjectHolder annotations
[13:27:43] [Server thread/INFO]: Configured a dormant chunk cache size of 0
[13:28:04] [Server thread/WARN]: java.net.ConnectException: Connection timed out: connect
[13:28:04] [Server thread/WARN]: 	at java.net.TwoStacksPlainSocketImpl.socketConnect(Native Method)
[13:28:04] [Server thread/WARN]: 	at java.net.AbstractPlainSocketImpl.doConnect(AbstractPlainSocketImpl.java:339)
[13:28:04] [Server thread/WARN]: 	at java.net.AbstractPlainSocketImpl.connectToAddress(AbstractPlainSocketImpl.java:200)
[13:28:04] [Server thread/WARN]: 	at java.net.AbstractPlainSocketImpl.connect(AbstractPlainSocketImpl.java:182)
[13:28:04] [Server thread/WARN]: 	at java.net.PlainSocketImpl.connect(PlainSocketImpl.java:172)
[13:28:04] [Server thread/WARN]: 	at java.net.SocksSocketImpl.connect(SocksSocketImpl.java:392)
[13:28:04] [Server thread/WARN]: 	at java.net.Socket.connect(Socket.java:579)
[13:28:04] [Server thread/WARN]: 	at sun.security.ssl.SSLSocketImpl.connect(SSLSocketImpl.java:618)
[13:28:04] [Server thread/WARN]: 	at sun.security.ssl.BaseSSLSocketImpl.connect(BaseSSLSocketImpl.java:160)
[13:28:04] [Server thread/WARN]: 	at sun.net.NetworkClient.doConnect(NetworkClient.java:180)
[13:28:04] [Server thread/WARN]: 	at sun.net.www.http.HttpClient.openServer(HttpClient.java:432)
[13:28:04] [Server thread/WARN]: 	at sun.net.www.http.HttpClient.openServer(HttpClient.java:527)
[13:28:04] [Server thread/WARN]: 	at sun.net.www.protocol.https.HttpsClient.<init>(HttpsClient.java:275)
[13:28:04] [Server thread/WARN]: 	at sun.net.www.protocol.https.HttpsClient.New(HttpsClient.java:371)
[13:28:04] [Server thread/WARN]: 	at sun.net.www.protocol.https.AbstractDelegateHttpsURLConnection.getNewHttpClient(AbstractDelegateHttpsURLConnection.java:191)
[13:28:04] [Server thread/WARN]: 	at sun.net.www.protocol.http.HttpURLConnection.plainConnect(HttpURLConnection.java:932)
[13:28:04] [Server thread/WARN]: 	at sun.net.www.protocol.https.AbstractDelegateHttpsURLConnection.connect(AbstractDelegateHttpsURLConnection.java:177)
[13:28:04] [Server thread/WARN]: 	at sun.net.www.protocol.http.HttpURLConnection.getInputStream(HttpURLConnection.java:1300)
[13:28:04] [Server thread/WARN]: 	at sun.net.www.protocol.https.HttpsURLConnectionImpl.getInputStream(HttpsURLConnectionImpl.java:254)
[13:28:04] [Server thread/WARN]: 	at java.net.URL.openStream(URL.java:1037)
[13:28:04] [Server thread/WARN]: 	at ruby.bamboo.UpdateNotify.run(UpdateNotify.java:43)
[13:28:04] [Server thread/WARN]: 	at java.lang.Thread.run(Thread.java:745)
[13:28:04] [Server thread/WARN]: 	at ruby.bamboo.BambooCore.preLoad(BambooCore.java:58)
[13:28:04] [Server thread/WARN]: 	at sun.reflect.NativeMethodAccessorImpl.invoke0(Native Method)
[13:28:04] [Server thread/WARN]: 	at sun.reflect.NativeMethodAccessorImpl.invoke(NativeMethodAccessorImpl.java:57)
[13:28:04] [Server thread/WARN]: 	at sun.reflect.DelegatingMethodAccessorImpl.invoke(DelegatingMethodAccessorImpl.java:43)
[13:28:04] [Server thread/WARN]: 	at java.lang.reflect.Method.invoke(Method.java:606)
[13:28:04] [Server thread/WARN]: 	at cpw.mods.fml.common.FMLModContainer.handleModStateEvent(FMLModContainer.java:513)
[13:28:04] [Server thread/WARN]: 	at sun.reflect.NativeMethodAccessorImpl.invoke0(Native Method)
[13:28:04] [Server thread/WARN]: 	at sun.reflect.NativeMethodAccessorImpl.invoke(NativeMethodAccessorImpl.java:57)
[13:28:04] [Server thread/WARN]: 	at sun.reflect.DelegatingMethodAccessorImpl.invoke(DelegatingMethodAccessorImpl.java:43)
[13:28:04] [Server thread/WARN]: 	at java.lang.reflect.Method.invoke(Method.java:606)
[13:28:04] [Server thread/WARN]: 	at com.google.common.eventbus.EventSubscriber.handleEvent(EventSubscriber.java:74)
[13:28:04] [Server thread/WARN]: 	at com.google.common.eventbus.SynchronizedEventSubscriber.handleEvent(SynchronizedEventSubscriber.java:47)
[13:28:04] [Server thread/WARN]: 	at com.google.common.eventbus.EventBus.dispatch(EventBus.java:322)
[13:28:04] [Server thread/WARN]: 	at com.google.common.eventbus.EventBus.dispatchQueuedEvents(EventBus.java:304)
[13:28:04] [Server thread/WARN]: 	at com.google.common.eventbus.EventBus.post(EventBus.java:275)
[13:28:04] [Server thread/WARN]: 	at cpw.mods.fml.common.LoadController.sendEventToModContainer(LoadController.java:208)
[13:28:04] [Server thread/WARN]: 	at cpw.mods.fml.common.LoadController.propogateStateMessage(LoadController.java:187)
[13:28:04] [Server thread/WARN]: 	at sun.reflect.NativeMethodAccessorImpl.invoke0(Native Method)
[13:28:04] [Server thread/WARN]: 	at sun.reflect.NativeMethodAccessorImpl.invoke(NativeMethodAccessorImpl.java:57)
[13:28:04] [Server thread/WARN]: 	at sun.reflect.DelegatingMethodAccessorImpl.invoke(DelegatingMethodAccessorImpl.java:43)
[13:28:04] [Server thread/WARN]: 	at java.lang.reflect.Method.invoke(Method.java:606)
[13:28:04] [Server thread/WARN]: 	at com.google.common.eventbus.EventSubscriber.handleEvent(EventSubscriber.java:74)
[13:28:04] [Server thread/WARN]: 	at com.google.common.eventbus.SynchronizedEventSubscriber.handleEvent(SynchronizedEventSubscriber.java:47)
[13:28:04] [Server thread/WARN]: 	at com.google.common.eventbus.EventBus.dispatch(EventBus.java:322)
[13:28:04] [Server thread/WARN]: 	at com.google.common.eventbus.EventBus.dispatchQueuedEvents(EventBus.java:304)
[13:28:04] [Server thread/WARN]: 	at com.google.common.eventbus.EventBus.post(EventBus.java:275)
[13:28:04] [Server thread/WARN]: 	at cpw.mods.fml.common.LoadController.distributeStateMessage(LoadController.java:118)
[13:28:04] [Server thread/WARN]: 	at cpw.mods.fml.common.Loader.preinitializeMods(Loader.java:513)
[13:28:04] [Server thread/WARN]: 	at cpw.mods.fml.server.FMLServerHandler.beginServerLoading(FMLServerHandler.java:88)
[13:28:04] [Server thread/WARN]: 	at cpw.mods.fml.common.FMLCommonHandler.onServerStart(FMLCommonHandler.java:317)
[13:28:04] [Server thread/WARN]: 	at net.minecraft.server.dedicated.DedicatedServer.func_71197_b(DedicatedServer.java:169)
[13:28:04] [Server thread/WARN]: 	at net.minecraft.server.MinecraftServer.run(MinecraftServer.java:624)
[13:28:04] [Server thread/WARN]: 	at java.lang.Thread.run(Thread.java:745)
[13:28:06] [Server thread/INFO]: Applying holder lookups
[13:28:06] [Server thread/INFO]: Holder lookups applied
[13:28:06] [Server thread/INFO]: Loading properties
[13:28:06] [Server thread/INFO]: Default game type: SURVIVAL
[13:28:06] [Server thread/INFO]: This server is running Cauldron-MCPC-Plus version git-Cauldron-MCPC-Plus-1.7.10-1.1206.01.170 (MC: 1.7.10) (Implementing API version 1.7.10-R0.1-SNAPSHOT)
[13:28:06] [Server thread/WARN]: =============================================================
[13:28:06] [Server thread/WARN]: MOD HAS DIRECT REFERENCE System.exit() THIS IS NOT ALLOWED REROUTING TO FMLCommonHandler!
[13:28:06] [Server thread/WARN]: Offendor: org/spigotmc/RestartCommand.restart()V
[13:28:06] [Server thread/WARN]: =============================================================
[13:28:06] [Server thread/INFO]: Using 4 threads for Netty based IO
[13:28:06] [Server thread/INFO]: Server Ping Player Sample Count: 12
[13:28:06] [Server thread/INFO]: Generating keypair
[13:28:06] [Server thread/INFO]: Starting Minecraft server on localhost:25565
[13:28:06] [Server thread/WARN]: **** SERVER IS RUNNING IN OFFLINE/INSECURE MODE!
[13:28:06] [Server thread/WARN]: The server will make no attempt to authenticate usernames. Beware.
[13:28:06] [Server thread/WARN]: While this makes the game possible to play without internet access, it also opens up the ability for hackers to connect with any username they choose.
[13:28:06] [Server thread/WARN]: To change this, set "online-mode" to "true" in the server.properties file.
[13:28:06] [Server thread/INFO]: InvTweaks: net.minecraft.inventory.ContainerEnchantment
[13:28:06] [Server thread/INFO]: Successfully loaded 267 out of 267 recipes for shaped recipes
[13:28:06] [Server thread/INFO]: Successfully loaded 76 out of 76 recipes for shapeless recipes
[13:28:06] [Server thread/INFO]: Successfully loaded 5 out of 5 recipes for blast furnace recipes
[13:28:06] [Server thread/INFO]: Successfully loaded 17 out of 17 recipes for block cutter recipes
[13:28:06] [Server thread/INFO]: Successfully loaded 48 out of 48 recipes for compressor recipes
[13:28:06] [Server thread/INFO]: Successfully loaded 12 out of 12 recipes for extractor recipes
[13:28:06] [Server thread/INFO]: Successfully loaded 64 out of 64 recipes for macerator recipes
[13:28:06] [Server thread/INFO]: Successfully loaded 4 out of 4 recipes for metal former cutting recipes
[13:28:06] [Server thread/INFO]: Successfully loaded 10 out of 10 recipes for metal former extruding recipes
[13:28:06] [Server thread/INFO]: Successfully loaded 14 out of 14 recipes for metal former rolling recipes
[13:28:06] [Server thread/INFO]: Successfully loaded 8 out of 8 recipes for ore washing recipes
[13:28:06] [Server thread/INFO]: Successfully loaded 25 out of 25 recipes for thermal centrifuge recipes
[13:28:06] [Server thread/INFO]: Loading predefined UU world scan values, run /ic2 uu-world-scan <small|medium|large> to calibrate them for your world.
[13:28:06] [Server thread/WARN]: UU world-scan config: Can't find ItemStack for BuildCraft|Core:eternalSpring, ignoring the entry in line 88.
[13:28:06] [Server thread/WARN]: UU world-scan config: Can't find ItemStack for BuildCraft|Core:eternalSpring@1, ignoring the entry in line 109.
[13:28:06] [Server thread/INFO]: IC2 version 2.2.810-experimental loaded.
[13:28:06] [Server thread/INFO]: Forge Mod Loader has successfully loaded 12 mods
[13:28:06] [Server thread/INFO]: Preparing level "skarn"
[13:28:06] [Server thread/INFO]: Registered command debug with permission node vanilla.command.debug
[13:28:06] [Server thread/INFO]: Registered command spreadplayers with permission node vanilla.command.spreadplayers
[13:28:06] [Server thread/INFO]: Registered command playsound with permission node vanilla.command.playsound
[13:28:06] [Server thread/INFO]: Registered command scoreboard with permission node vanilla.command.scoreboard
[13:28:06] [Server thread/INFO]: Registered command achievement with permission node vanilla.command.achievement
[13:28:06] [Server thread/INFO]: Registered command summon with permission node vanilla.command.summon
[13:28:06] [Server thread/INFO]: Registered command setblock with permission node vanilla.command.setblock
[13:28:06] [Server thread/INFO]: Registered command testforblock with permission node vanilla.command.testforblock
[13:28:06] [Server thread/INFO]: Registered command tellraw with permission node vanilla.command.tellraw
[13:28:06] [Server thread/INFO]: Registered command netstat with permission node vanilla.command.netstat
[13:28:07] [Server thread/INFO]: Injecting existing block and item data into this server instance
[13:28:07] [Server thread/INFO]: Applying holder lookups
[13:28:07] [Server thread/INFO]: Holder lookups applied
[13:28:07] [Server thread/INFO]: Injected new Forge block material BAMBOOMOD_BAMBOO with ID 165.
[13:28:07] [Server thread/INFO]: Injected new Forge block material BAMBOOMOD_BAMBOOSINGLE with ID 166.
[13:28:07] [Server thread/INFO]: Injected new Forge block material BAMBOOMOD_BAMBOO2 with ID 167.
[13:28:07] [Server thread/INFO]: Injected new Forge block material BAMBOOMOD_BLOCKBAMBOOSHOOT with ID 168.
[13:28:07] [Server thread/INFO]: Injected new Forge block material BAMBOOMOD_SINGLETEXDECO with ID 169.
[13:28:07] [Server thread/INFO]: Injected new Forge block material BAMBOOMOD_KITUNEBI with ID 176.
[13:28:07] [Server thread/INFO]: Injected new Forge block material BAMBOOMOD_JPCHEST with ID 177.
[13:28:07] [Server thread/INFO]: Injected new Forge block material BAMBOOMOD_DIRSQUARE with ID 178.
[13:28:07] [Server thread/INFO]: Injected new Forge block material BAMBOOMOD_HALFDIRSQUARE with ID 179.
[13:28:07] [Server thread/INFO]: Injected new Forge block material BAMBOOMOD_ANDON with ID 180.
[13:28:07] [Server thread/INFO]: Injected new Forge block material BAMBOOMOD_BAMBOOPANEL with ID 181.
[13:28:07] [Server thread/INFO]: Injected new Forge block material BAMBOOMOD_SAKURALEAVES with ID 182.
[13:28:07] [Server thread/INFO]: Injected new Forge block material BAMBOOMOD_SAKURASAPLING with ID 183.
[13:28:07] [Server thread/INFO]: Injected new Forge block material BAMBOOMOD_KAYABUKIROOF with ID 184.
[13:28:07] [Server thread/INFO]: Injected new Forge block material BAMBOOMOD_SPAWATER with ID 185.
[13:28:07] [Server thread/INFO]: Injected new Forge block material BAMBOOMOD_SPAUNIT with ID 186.
[13:28:07] [Server thread/INFO]: Injected new Forge block material BAMBOOMOD_SAKURALOG with ID 187.
[13:28:07] [Server thread/INFO]: Injected new Forge block material BAMBOOMOD_DELUDE_WIDTH with ID 188.
[13:28:07] [Server thread/INFO]: Injected new Forge block material BAMBOOMOD_DELUDE_HEIGHT with ID 189.
[13:28:07] [Server thread/INFO]: Injected new Forge block material BAMBOOMOD_DELUDE_STAIR with ID 190.
[13:28:07] [Server thread/INFO]: Injected new Forge block material BAMBOOMOD_CAMPFIRE with ID 191.
[13:28:07] [Server thread/INFO]: Injected new Forge block material BAMBOOMOD_DECO with ID 192.
[13:28:07] [Server thread/INFO]: Injected new Forge block material BAMBOOMOD_HALFDECO with ID 193.
[13:28:07] [Server thread/INFO]: Injected new Forge block material BAMBOOMOD_TWODIRDECO with ID 194.
[13:28:07] [Server thread/INFO]: Injected new Forge block material BAMBOOMOD_HALFTWODIRDECO with ID 195.
[13:28:07] [Server thread/INFO]: Injected new Forge block material BAMBOOMOD_KAWARA_STAIR with ID 196.
[13:28:07] [Server thread/INFO]: Injected new Forge block material BAMBOOMOD_WARA_STAIR with ID 197.
[13:28:07] [Server thread/INFO]: Injected new Forge block material BAMBOOMOD_DECOCARPET with ID 198.
[13:28:07] [Server thread/INFO]: Injected new Forge block material BAMBOOMOD_THICKSAKURAPILLAR with ID 199.
[13:28:07] [Server thread/INFO]: Injected new Forge block material BAMBOOMOD_THINSAKURAPILLAR with ID 200.
[13:28:07] [Server thread/INFO]: Injected new Forge block material BAMBOOMOD_THICKORCPILLAR with ID 201.
[13:28:07] [Server thread/INFO]: Injected new Forge block material BAMBOOMOD_THINORCPILLAR with ID 202.
[13:28:07] [Server thread/INFO]: Injected new Forge block material BAMBOOMOD_THICKSPRUCEPILLAR with ID 203.
[13:28:07] [Server thread/INFO]: Injected new Forge block material BAMBOOMOD_THINSPRUCEPILLAR with ID 204.
[13:28:07] [Server thread/INFO]: Injected new Forge block material BAMBOOMOD_THICKBIRCHPILLAR with ID 205.
[13:28:07] [Server thread/INFO]: Injected new Forge block material BAMBOOMOD_THINBIRCHPILLAR with ID 206.
[13:28:07] [Server thread/INFO]: Injected new Forge block material BAMBOOMOD_DELUDE_PLATE with ID 207.
[13:28:07] [Server thread/INFO]: Injected new Forge block material BAMBOOMOD_RICEPLANT with ID 208.
[13:28:07] [Server thread/INFO]: Injected new Forge block material BAMBOOMOD_BAMBOOMILLSTONE with ID 209.
[13:28:07] [Server thread/INFO]: Injected new Forge block material BAMBOOMOD_BAMBOOMOSS with ID 210.
[13:28:07] [Server thread/INFO]: Injected new Forge block material BAMBOOMOD_BAMBOOMULTIPOT with ID 211.
[13:28:07] [Server thread/INFO]: Injected new Forge block material BAMBOOMOD_BLOBKBROOM with ID 212.
[13:28:07] [Server thread/INFO]: Injected new Forge block material BAMBOOMOD_BAMBOOHUTON with ID 213.
[13:28:07] [Server thread/INFO]: Injected new Forge block material BAMBOOMOD_BAMBOOMULTIBLOCK with ID 214.
[13:28:07] [Server thread/INFO]: Injected new Forge block material BAMBOOMOD_ALPHAMULTIBLOCK with ID 215.
[13:28:07] [Server thread/INFO]: Injected new Forge block material BAMBOOMOD_SAKURACARPET with ID 216.
[13:28:07] [Server thread/INFO]: Injected new Forge block material BAMBOOMOD_DECOPLASTER with ID 217.
[13:28:07] [Server thread/INFO]: Injected new Forge block material BAMBOOMOD_DECOCURVEPLASTER with ID 218.
[13:28:07] [Server thread/INFO]: Injected new Forge block material BAMBOOMOD_DECODCURVEPLASTER with ID 219.
[13:28:07] [Server thread/INFO]: Injected new Forge block material BAMBOOMOD_SEAWEED with ID 220.
[13:28:07] [Server thread/INFO]: Injected new Forge block material BAMBOOMOD_BEANPLANT with ID 221.
[13:28:07] [Server thread/INFO]: Injected new Forge block material BAMBOOMOD_TOMATOPLANT with ID 222.
[13:28:07] [Server thread/INFO]: Injected new Forge block material BAMBOOMOD_VILLAGERBLOCK with ID 223.
[13:28:07] [Server thread/INFO]: Injected new Forge block material BAMBOOMOD_CROSSLAMP with ID 224.
[13:28:07] [Server thread/INFO]: Injected new Forge block material BAMBOOMOD_BAMBOOLIANGTHICK with ID 225.
[13:28:07] [Server thread/INFO]: Injected new Forge block material BAMBOOMOD_BAMBOOLIANGVLOGTHICK with ID 226.
[13:28:07] [Server thread/INFO]: Injected new Forge block material BAMBOOMOD_BAMBOOLIANGVLOG2THICK with ID 227.
[13:28:07] [Server thread/INFO]: Injected new Forge block material BAMBOOMOD_BAMBOOLIANGVWOODTHICK with ID 228.
[13:28:07] [Server thread/INFO]: Injected new Forge block material BAMBOOMOD_BAMBOOLIANGTHIN with ID 229.
[13:28:07] [Server thread/INFO]: Injected new Forge block material BAMBOOMOD_BAMBOOLIANGVLOGTHIN with ID 230.
[13:28:07] [Server thread/INFO]: Injected new Forge block material BAMBOOMOD_BAMBOOLIANGVLOG2THIN with ID 231.
[13:28:07] [Server thread/INFO]: Injected new Forge block material BAMBOOMOD_BAMBOOLIANGVWOODTHIN with ID 232.
[13:28:07] [Server thread/INFO]: Injected new Forge block material BAMBOOMOD_MANEKI with ID 233.
[13:28:07] [Server thread/INFO]: Injected new Forge block material IC2_BLOCKORECOPPER with ID 234.
[13:28:07] [Server thread/INFO]: Injected new Forge block material IC2_BLOCKORETIN with ID 235.
[13:28:07] [Server thread/INFO]: Injected new Forge block material IC2_BLOCKOREURAN with ID 236.
[13:28:07] [Server thread/INFO]: Injected new Forge block material IC2_BLOCKORELEAD with ID 237.
[13:28:07] [Server thread/INFO]: Injected new Forge block material IC2_BLOCKRUBWOOD with ID 238.
[13:28:07] [Server thread/INFO]: Injected new Forge block material IC2_BLOCKRUBLEAVES with ID 239.
[13:28:07] [Server thread/INFO]: Injected new Forge block material IC2_BLOCKRUBSAPLING with ID 240.
[13:28:07] [Server thread/INFO]: Injected new Forge block material IC2_BLOCKHARZ with ID 241.
[13:28:07] [Server thread/INFO]: Injected new Forge block material IC2_BLOCKRUBBER with ID 242.
[13:28:07] [Server thread/INFO]: Injected new Forge block material IC2_BLOCKFENCEIRON with ID 243.
[13:28:07] [Server thread/INFO]: Injected new Forge block material IC2_BLOCKALLOY with ID 244.
[13:28:07] [Server thread/INFO]: Injected new Forge block material IC2_BLOCKBASALT with ID 245.
[13:28:07] [Server thread/INFO]: Injected new Forge block material IC2_BLOCKALLOYGLASS with ID 246.
[13:28:07] [Server thread/INFO]: Injected new Forge block material IC2_BLOCKDOORALLOY with ID 247.
[13:28:07] [Server thread/INFO]: Injected new Forge block material IC2_BLOCKREINFORCEDFOAM with ID 248.
[13:28:07] [Server thread/INFO]: Injected new Forge block material IC2_BLOCKFOAM with ID 249.
[13:28:07] [Server thread/INFO]: Injected new Forge block material IC2_BLOCKWALL with ID 250.
[13:28:07] [Server thread/INFO]: Injected new Forge block material IC2_BLOCKSCAFFOLD with ID 251.
[13:28:07] [Server thread/INFO]: Injected new Forge block material IC2_BLOCKIRONSCAFFOLD with ID 252.
[13:28:07] [Server thread/INFO]: Injected new Forge block material IC2_BLOCKMETAL with ID 253.
[13:28:07] [Server thread/INFO]: Injected new Forge block material IC2_BLOCKCABLE with ID 254.
[13:28:07] [Server thread/INFO]: Injected new Forge block material IC2_BLOCKKINETICGENERATOR with ID 255.
[13:28:07] [Server thread/INFO]: Injected new Forge block material IC2_BLOCKHEATGENERATOR with ID 409.
[13:28:07] [Server thread/INFO]: Injected new Forge block material IC2_BLOCKGENERATOR with ID 410.
[13:28:07] [Server thread/INFO]: Injected new Forge block material IC2_BLOCKREACTORCHAMBER with ID 411.
[13:28:07] [Server thread/INFO]: Injected new Forge block material IC2_BLOCKREACTORFLUIDPORT with ID 412.
[13:28:07] [Server thread/INFO]: Injected new Forge block material IC2_BLOCKREACTORACCESSHATCH with ID 413.
[13:28:07] [Server thread/INFO]: Injected new Forge block material IC2_BLOCKREACTORREDSTONEPORT with ID 414.
[13:28:07] [Server thread/INFO]: Injected new Forge block material IC2_BLOCKREACTORVESSEL with ID 415.
[13:28:07] [Server thread/INFO]: Injected new Forge block material IC2_BLOCKELECTRIC with ID 416.
[13:28:07] [Server thread/INFO]: Injected new Forge block material IC2_BLOCKCHARGEPAD with ID 423.
[13:28:07] [Server thread/INFO]: Injected new Forge block material IC2_BLOCKMACHINE with ID 424.
[13:28:07] [Server thread/INFO]: Injected new Forge block material IC2_BLOCKMACHINE2 with ID 425.
[13:28:07] [Server thread/INFO]: Injected new Forge block material IC2_BLOCKMACHINE3 with ID 426.
[13:28:07] [Server thread/INFO]: Injected new Forge block material IC2_BLOCKLUMINATORDARK with ID 427.
[13:28:07] [Server thread/INFO]: Injected new Forge block material IC2_BLOCKLUMINATOR with ID 428.
[13:28:07] [Server thread/INFO]: Injected new Forge block material IC2_BLOCKMININGPIPE with ID 429.
[13:28:07] [Server thread/INFO]: Injected new Forge block material IC2_BLOCKMININGTIP with ID 430.
[13:28:07] [Server thread/INFO]: Injected new Forge block material IC2_BLOCKPERSONAL with ID 431.
[13:28:07] [Server thread/INFO]: Injected new Forge block material IC2_BLOCKITNT with ID 432.
[13:28:07] [Server thread/INFO]: Injected new Forge block material IC2_BLOCKNUKE with ID 433.
[13:28:07] [Server thread/INFO]: Injected new Forge block material IC2_BLOCKDYNAMITE with ID 434.
[13:28:07] [Server thread/INFO]: Injected new Forge block material IC2_BLOCKDYNAMITEREMOTE with ID 435.
[13:28:07] [Server thread/INFO]: Injected new Forge block material IC2_BLOCKCROP with ID 436.
[13:28:07] [Server thread/INFO]: Injected new Forge block material IC2_BLOCKBARREL with ID 437.
[13:28:07] [Server thread/INFO]: Injected new Forge block material IC2_FLUIDUUMATTER with ID 438.
[13:28:07] [Server thread/INFO]: Injected new Forge block material IC2_FLUIDCONSTRUCTIONFOAM with ID 439.
[13:28:07] [Server thread/INFO]: Injected new Forge block material IC2_FLUIDCOOLANT with ID 440.
[13:28:07] [Server thread/INFO]: Injected new Forge block material IC2_FLUIDHOTCOOLANT with ID 441.
[13:28:07] [Server thread/INFO]: Injected new Forge block material IC2_FLUIDPAHOEHOELAVA with ID 442.
[13:28:07] [Server thread/INFO]: Injected new Forge block material IC2_FLUIDBIOMASS with ID 443.
[13:28:07] [Server thread/INFO]: Injected new Forge block material IC2_FLUIDBIOGAS with ID 444.
[13:28:07] [Server thread/INFO]: Injected new Forge block material IC2_FLUIDDISTILLEDWATER with ID 445.
[13:28:07] [Server thread/INFO]: Injected new Forge block material IC2_FLUIDSUPERHEATEDSTEAM with ID 446.
[13:28:07] [Server thread/INFO]: Injected new Forge block material IC2_FLUIDSTEAM with ID 447.
[13:28:07] [Server thread/INFO]: Injected new Forge block material IC2_FLUIDHOTWATER with ID 448.
[13:28:07] [Server thread/INFO]: Injected new Forge block material IRONCHEST_BLOCKIRONCHEST with ID 449.
[13:28:07] [Server thread/INFO]: Injected new Forge block material TWILIGHTFOREST_TILE_TFLOG with ID 450.
[13:28:07] [Server thread/INFO]: Injected new Forge block material TWILIGHTFOREST_TILE_TFROOTS with ID 451.
[13:28:07] [Server thread/INFO]: Injected new Forge block material TWILIGHTFOREST_TILE_TFLEAVES with ID 452.
[13:28:07] [Server thread/INFO]: Injected new Forge block material TWILIGHTFOREST_TILE_TFFIREFLY with ID 453.
[13:28:07] [Server thread/INFO]: Injected new Forge block material TWILIGHTFOREST_TILE_TFCICADA with ID 454.
[13:28:07] [Server thread/INFO]: Injected new Forge block material TWILIGHTFOREST_TILE_TFPORTAL with ID 455.
[13:28:07] [Server thread/INFO]: Injected new Forge block material TWILIGHTFOREST_TILE_TFMAZESTONE with ID 456.
[13:28:07] [Server thread/INFO]: Injected new Forge block material TWILIGHTFOREST_TILE_TFHEDGE with ID 457.
[13:28:07] [Server thread/INFO]: Injected new Forge block material TWILIGHTFOREST_TILE_TFBOSSSPAWNER with ID 458.
[13:28:07] [Server thread/INFO]: Injected new Forge block material TWILIGHTFOREST_TILE_TFFIREFLYJAR with ID 459.
[13:28:07] [Server thread/INFO]: Injected new Forge block material TWILIGHTFOREST_TILE_TFPLANT with ID 460.
[13:28:07] [Server thread/INFO]: Injected new Forge block material TWILIGHTFOREST_TILE_TFUNCRAFTINGTABLE with ID 461.
[13:28:07] [Server thread/INFO]: Injected new Forge block material TWILIGHTFOREST_TILE_TFFIREJET with ID 462.
[13:28:07] [Server thread/INFO]: Injected new Forge block material TWILIGHTFOREST_TILE_TFNAGASTONE with ID 463.
[13:28:07] [Server thread/INFO]: Injected new Forge block material TWILIGHTFOREST_TILE_TFSAPLING with ID 464.
[13:28:07] [Server thread/INFO]: Injected new Forge block material TWILIGHTFOREST_TILE_TFMOONWORM with ID 465.
[13:28:07] [Server thread/INFO]: Injected new Forge block material TWILIGHTFOREST_TILE_TFMAGICLOG with ID 466.
[13:28:07] [Server thread/INFO]: Injected new Forge block material TWILIGHTFOREST_TILE_TFMAGICLEAVES with ID 467.
[13:28:07] [Server thread/INFO]: Injected new Forge block material TWILIGHTFOREST_TILE_TFMAGICLOGSPECIAL with ID 468.
[13:28:07] [Server thread/INFO]: Injected new Forge block material TWILIGHTFOREST_TILE_TFTOWERSTONE with ID 469.
[13:28:07] [Server thread/INFO]: Injected new Forge block material TWILIGHTFOREST_TILE_TFTOWERDEVICE with ID 470.
[13:28:07] [Server thread/INFO]: Injected new Forge block material TWILIGHTFOREST_TILE_TFTOWERTRANSLUCENT with ID 471.
[13:28:07] [Server thread/INFO]: Injected new Forge block material TWILIGHTFOREST_TILE_TFTROPHY with ID 472.
[13:28:07] [Server thread/INFO]: Injected new Forge block material TWILIGHTFOREST_TILE_TFSHIELD with ID 473.
[13:28:07] [Server thread/INFO]: Injected new Forge block material TWILIGHTFOREST_TILE_TFTROPHYPEDESTAL with ID 474.
[13:28:07] [Server thread/INFO]: Injected new Forge block material TWILIGHTFOREST_TILE_TFAURORABRICK with ID 475.
[13:28:07] [Server thread/INFO]: Injected new Forge block material TWILIGHTFOREST_TILE_TFUNDERBRICK with ID 476.
[13:28:07] [Server thread/INFO]: Injected new Forge block material TWILIGHTFOREST_TILE_TFTHORNS with ID 477.
[13:28:07] [Server thread/INFO]: Injected new Forge block material TWILIGHTFOREST_TILE_TFBURNTTHORNS with ID 478.
[13:28:07] [Server thread/INFO]: Injected new Forge block material TWILIGHTFOREST_TILE_TFTHORNROSE with ID 479.
[13:28:07] [Server thread/INFO]: Injected new Forge block material TWILIGHTFOREST_TILE_TFLEAVES3 with ID 480.
[13:28:07] [Server thread/INFO]: Injected new Forge block material TWILIGHTFOREST_TILE_TFDEADROCK with ID 481.
[13:28:07] [Server thread/INFO]: Injected new Forge block material TWILIGHTFOREST_TILE_DARKLEAVES with ID 482.
[13:28:07] [Server thread/INFO]: Injected new Forge block material TWILIGHTFOREST_TILE_AURORAPILLAR with ID 483.
[13:28:07] [Server thread/INFO]: Injected new Forge block material TWILIGHTFOREST_TILE_AURORASLAB with ID 484.
[13:28:07] [Server thread/INFO]: Injected new Forge block material TWILIGHTFOREST_TILE_AURORADOUBLESLAB with ID 485.
[13:28:07] [Server thread/INFO]: Injected new Forge block material TWILIGHTFOREST_TILE_TROLLSTEINN with ID 486.
[13:28:07] [Server thread/INFO]: Injected new Forge block material TWILIGHTFOREST_TILE_WISPYCLOUD with ID 487.
[13:28:07] [Server thread/INFO]: Injected new Forge block material TWILIGHTFOREST_TILE_FLUFFYCLOUD with ID 488.
[13:28:07] [Server thread/INFO]: Injected new Forge block material TWILIGHTFOREST_TILE_GIANTCOBBLE with ID 489.
[13:28:07] [Server thread/INFO]: Injected new Forge block material TWILIGHTFOREST_TILE_GIANTLOG with ID 490.
[13:28:07] [Server thread/INFO]: Injected new Forge block material TWILIGHTFOREST_TILE_GIANTLEAVES with ID 491.
[13:28:07] [Server thread/INFO]: Injected new Forge block material TWILIGHTFOREST_TILE_GIANTOBSIDIAN with ID 492.
[13:28:07] [Server thread/INFO]: Injected new Forge block material TWILIGHTFOREST_TILE_UBEROUSSOIL with ID 493.
[13:28:07] [Server thread/INFO]: Injected new Forge block material TWILIGHTFOREST_TILE_HUGESTALK with ID 494.
[13:28:07] [Server thread/INFO]: Injected new Forge block material TWILIGHTFOREST_TILE_HUGEGLOOMBLOCK with ID 495.
[13:28:07] [Server thread/INFO]: Injected new Forge block material TWILIGHTFOREST_TILE_TROLLVIDR with ID 496.
[13:28:07] [Server thread/INFO]: Injected new Forge block material TWILIGHTFOREST_TILE_UNRIPETROLLBER with ID 497.
[13:28:07] [Server thread/INFO]: Injected new Forge block material TWILIGHTFOREST_TILE_TROLLBER with ID 498.
[13:28:07] [Server thread/INFO]: Injected new Forge item material BAMBOOMOD_BAMBOOBASKET with ID 4096.
[13:28:07] [Server thread/INFO]: Injected new Forge item material BAMBOOMOD_FIRECRACKER with ID 4097.
[13:28:07] [Server thread/INFO]: Injected new Forge item material BAMBOOMOD_BAMBOOFOOD with ID 4098.
[13:28:07] [Server thread/INFO]: Injected new Forge item material BAMBOOMOD_BAMBOOSPEAR with ID 4099.
[13:28:07] [Server thread/INFO]: Injected new Forge item material BAMBOOMOD_SLIDEDOOR with ID 4100.
[13:28:07] [Server thread/INFO]: Injected new Forge item material BAMBOOMOD_KAKEZIKU with ID 4101.
[13:28:07] [Server thread/INFO]: Injected new Forge item material BAMBOOMOD_HUTON with ID 4102.
[13:28:07] [Server thread/INFO]: Injected new Forge item material BAMBOOMOD_BOILEDEGG with ID 4103.
[13:28:07] [Server thread/INFO]: Injected new Forge item material BAMBOOMOD_SHAVEDICE with ID 4104.
[13:28:07] [Server thread/INFO]: Injected new Forge item material BAMBOOMOD_WINDCHIME with ID 4105.
[13:28:07] [Server thread/INFO]: Injected new Forge item material BAMBOOMOD_ITEMSACK with ID 4106.
[13:28:07] [Server thread/INFO]: Injected new Forge item material BAMBOOMOD_SNOWBALL with ID 4107.
[13:28:07] [Server thread/INFO]: Injected new Forge item material BAMBOOMOD_FAN with ID 4108.
[13:28:07] [Server thread/INFO]: Injected new Forge item material BAMBOOMOD_KATANA with ID 4109.
[13:28:07] [Server thread/INFO]: Injected new Forge item material BAMBOOMOD_BAMBOOBOW with ID 4110.
[13:28:07] [Server thread/INFO]: Injected new Forge item material BAMBOOMOD_TUDURA with ID 4111.
[13:28:07] [Server thread/INFO]: Injected new Forge item material BAMBOOMOD_WINDMILL with ID 4112.
[13:28:07] [Server thread/INFO]: Injected new Forge item material BAMBOOMOD_WATERWHEEL with ID 4113.
[13:28:07] [Server thread/INFO]: Injected new Forge item material BAMBOOMOD_ITEMBAMBOO with ID 4114.
[13:28:07] [Server thread/INFO]: Injected new Forge item material BAMBOOMOD_KAGINAWA with ID 4115.
[13:28:07] [Server thread/INFO]: Injected new Forge item material BAMBOOMOD_BAMBOOSWORD with ID 4116.
[13:28:07] [Server thread/INFO]: Injected new Forge item material BAMBOOMOD_OBON with ID 4117.
[13:28:07] [Server thread/INFO]: Injected new Forge item material BAMBOOMOD_MAGATAMA with ID 4118.
[13:28:07] [Server thread/INFO]: Injected new Forge item material BAMBOOMOD_STRAW with ID 4119.
[13:28:07] [Server thread/INFO]: Injected new Forge item material BAMBOOMOD_SEEDRICE with ID 4120.
[13:28:07] [Server thread/INFO]: Injected new Forge item material BAMBOOMOD_RAWRICE with ID 4121.
[13:28:07] [Server thread/INFO]: Injected new Forge item material BAMBOOMOD_ZABUTON with ID 4122.
[13:28:07] [Server thread/INFO]: Injected new Forge item material BAMBOOMOD_ITEMFIREFLYBOTTLE with ID 4123.
[13:28:07] [Server thread/INFO]: Injected new Forge item material BAMBOOMOD_BAMBOODUSTCRAY with ID 4124.
[13:28:07] [Server thread/INFO]: Injected new Forge item material BAMBOOMOD_BAMBOOPICKAXE with ID 4125.
[13:28:07] [Server thread/INFO]: Injected new Forge item material BAMBOOMOD_SEEDSEAWEED with ID 4126.
[13:28:07] [Server thread/INFO]: Injected new Forge item material BAMBOOMOD_ITEMSEAWEED with ID 4127.
[13:28:07] [Server thread/INFO]: Injected new Forge item material BAMBOOMOD_ITEMBEAN with ID 4128.
[13:28:07] [Server thread/INFO]: Injected new Forge item material BAMBOOMOD_COOKINGRECIPE with ID 4129.
[13:28:07] [Server thread/INFO]: Injected new Forge item material BAMBOOMOD_BAMBOOFLOUR with ID 4130.
[13:28:07] [Server thread/INFO]: Injected new Forge item material BAMBOOMOD_BAMBOODOUGH with ID 4131.
[13:28:07] [Server thread/INFO]: Injected new Forge item material BAMBOOMOD_ITEMTOMATO with ID 4132.
[13:28:07] [Server thread/INFO]: Injected new Forge item material IC2_ITEMHARZ with ID 4133.
[13:28:07] [Server thread/INFO]: Injected new Forge item material IC2_ITEMRUBBER with ID 4134.
[13:28:07] [Server thread/INFO]: Injected new Forge item material IC2_ITEMFLUIDCELL with ID 4135.
[13:28:07] [Server thread/INFO]: Injected new Forge item material IC2_ITEMUPGRADEKIT with ID 4136.
[13:28:07] [Server thread/INFO]: Injected new Forge item material IC2_ITEMRECIPEPART with ID 4137.
[13:28:07] [Server thread/INFO]: Injected new Forge item material IC2_ITEMCASING with ID 4138.
[13:28:07] [Server thread/INFO]: Injected new Forge item material IC2_ITEMCRUSHEDORE with ID 4139.
[13:28:07] [Server thread/INFO]: Injected new Forge item material IC2_ITEMPURIFIEDCRUSHEDORE with ID 4140.
[13:28:07] [Server thread/INFO]: Injected new Forge item material IC2_ITEMPLATES with ID 4141.
[13:28:07] [Server thread/INFO]: Injected new Forge item material IC2_ITEMDENSEPLATES with ID 4142.
[13:28:07] [Server thread/INFO]: Injected new Forge item material IC2_ITEMTURNINGBLANKS with ID 4143.
[13:28:07] [Server thread/INFO]: Injected new Forge item material IC2_ITEMTURNINGBLANKSWOOD with ID 4144.
[13:28:07] [Server thread/INFO]: Injected new Forge item material IC2_ITEMDUSTSMALL with ID 4145.
[13:28:07] [Server thread/INFO]: Injected new Forge item material IC2_ITEMDUST with ID 4146.
[13:28:07] [Server thread/INFO]: Injected new Forge item material IC2_ITEMDUST2 with ID 4147.
[13:28:07] [Server thread/INFO]: Injected new Forge item material IC2_ITEMINGOT with ID 4148.
[13:28:07] [Server thread/INFO]: Injected new Forge item material IC2_REACTORLITHIUMCELL with ID 4149.
[13:28:07] [Server thread/INFO]: Injected new Forge item material IC2_ITEMTRITIUMCELL with ID 4150.
[13:28:07] [Server thread/INFO]: Injected new Forge item material IC2_ITEMURAN with ID 4151.
[13:28:07] [Server thread/INFO]: Injected new Forge item material IC2_ITEMMOX with ID 4152.
[13:28:07] [Server thread/INFO]: Injected new Forge item material IC2_ITEMPLUTONIUM with ID 4153.
[13:28:07] [Server thread/INFO]: Injected new Forge item material IC2_ITEMPLUTONIUMSMALL with ID 4154.
[13:28:07] [Server thread/INFO]: Injected new Forge item material IC2_ITEMURAN235 with ID 4155.
[13:28:07] [Server thread/INFO]: Injected new Forge item material IC2_ITEMURAN235SMALL with ID 4156.
[13:28:07] [Server thread/INFO]: Injected new Forge item material IC2_ITEMURAN238 with ID 4157.
[13:28:07] [Server thread/INFO]: Injected new Forge item material IC2_ITEMFUELROD with ID 4158.
[13:28:07] [Server thread/INFO]: Injected new Forge item material IC2_ITEMRTGPELLET with ID 4159.
[13:28:07] [Server thread/INFO]: Injected new Forge item material IC2_ITEMPARTCIRCUIT with ID 4160.
[13:28:07] [Server thread/INFO]: Injected new Forge item material IC2_ITEMPARTCIRCUITADV with ID 4161.
[13:28:07] [Server thread/INFO]: Injected new Forge item material IC2_ITEMPARTALLOY with ID 4162.
[13:28:07] [Server thread/INFO]: Injected new Forge item material IC2_ITEMPARTCARBONFIBRE with ID 4163.
[13:28:07] [Server thread/INFO]: Injected new Forge item material IC2_ITEMPARTCARBONMESH with ID 4164.
[13:28:07] [Server thread/INFO]: Injected new Forge item material IC2_ITEMPARTCARBONPLATE with ID 4165.
[13:28:07] [Server thread/INFO]: Injected new Forge item material IC2_ITEMOREIRIDIUM with ID 4166.
[13:28:07] [Server thread/INFO]: Injected new Forge item material IC2_ITEMPARTIRIDIUM with ID 4167.
[13:28:07] [Server thread/INFO]: Injected new Forge item material IC2_ITEMSHARDIRIDIUM with ID 4168.
[13:28:07] [Server thread/INFO]: Injected new Forge item material IC2_ITEMTREETAP with ID 4169.
[13:28:07] [Server thread/INFO]: Injected new Forge item material IC2_ITEMTOOLBRONZEPICKAXE with ID 4170.
[13:28:07] [Server thread/INFO]: Injected new Forge item material IC2_ITEMTOOLBRONZEAXE with ID 4171.
[13:28:07] [Server thread/INFO]: Injected new Forge item material IC2_ITEMTOOLBRONZESWORD with ID 4172.
[13:28:07] [Server thread/INFO]: Injected new Forge item material IC2_ITEMTOOLBRONZESPADE with ID 4173.
[13:28:07] [Server thread/INFO]: Injected new Forge item material IC2_ITEMTOOLBRONZEHOE with ID 4174.
[13:28:07] [Server thread/INFO]: Injected new Forge item material IC2_ITEMTOOLWRENCH with ID 4175.
[13:28:07] [Server thread/INFO]: Injected new Forge item material IC2_ITEMTOOLCUTTER with ID 4176.
[13:28:07] [Server thread/INFO]: Injected new Forge item material IC2_ITEMFOAMSPRAYER with ID 4177.
[13:28:07] [Server thread/INFO]: Injected new Forge item material IC2_ITEMTOOLBOX with ID 4178.
[13:28:07] [Server thread/INFO]: Injected new Forge item material IC2_ITEMCONTAINMENTBOX with ID 4179.
[13:28:07] [Server thread/INFO]: Injected new Forge item material IC2_ITEMTOOLFORGEHAMMER with ID 4180.
[13:28:07] [Server thread/INFO]: Injected new Forge item material IC2_ITEMLATHINGTOOL with ID 4181.
[13:28:07] [Server thread/INFO]: Injected new Forge item material IC2_ITEMCRYSTALMEMORY with ID 4182.
[13:28:07] [Server thread/INFO]: Injected new Forge item material IC2_ITEMTOOLDRILL with ID 4183.
[13:28:07] [Server thread/INFO]: Injected new Forge item material IC2_ITEMTOOLDDRILL with ID 4184.
[13:28:07] [Server thread/INFO]: Injected new Forge item material IC2_ITEMTOOLIRIDIUMDRILL with ID 4185.
[13:28:07] [Server thread/INFO]: Injected new Forge item material IC2_ITEMTOOLCHAINSAW with ID 4186.
[13:28:07] [Server thread/INFO]: Injected new Forge item material IC2_ITEMTOOLWRENCHELECTRIC with ID 4187.
[13:28:07] [Server thread/INFO]: Injected new Forge item material IC2_ITEMTREETAPELECTRIC with ID 4188.
[13:28:07] [Server thread/INFO]: Injected new Forge item material IC2_ITEMTOOLMININGLASER with ID 4189.
[13:28:07] [Server thread/INFO]: Injected new Forge item material IC2_ITEMTOOLMETER with ID 4190.
[13:28:07] [Server thread/INFO]: Injected new Forge item material IC2_ITEMSCANNER with ID 4191.
[13:28:07] [Server thread/INFO]: Injected new Forge item material IC2_ITEMSCANNERADV with ID 4192.
[13:28:07] [Server thread/INFO]: Injected new Forge item material IC2_OBSCURATOR with ID 4193.
[13:28:07] [Server thread/INFO]: Injected new Forge item material IC2_ITEMFREQ with ID 4194.
[13:28:07] [Server thread/INFO]: Injected new Forge item material IC2_ITEMNANOSABER with ID 4195.
[13:28:07] [Server thread/INFO]: Injected new Forge item material IC2_PLASMALAUNCHER with ID 4196.
[13:28:07] [Server thread/INFO]: Injected new Forge item material IC2_WINDMETER with ID 4197.
[13:28:07] [Server thread/INFO]: Injected new Forge item material IC2_ITEMARMORHAZMATHELMET with ID 4198.
[13:28:07] [Server thread/INFO]: Injected new Forge item material IC2_ITEMARMORHAZMATCHESTPLATE with ID 4199.
[13:28:07] [Server thread/INFO]: Injected new Forge item material IC2_ITEMARMORHAZMATLEGGINGS with ID 4200.
[13:28:07] [Server thread/INFO]: Injected new Forge item material IC2_ITEMARMORRUBBOOTS with ID 4201.
[13:28:07] [Server thread/INFO]: Injected new Forge item material IC2_ITEMARMORBRONZEHELMET with ID 4202.
[13:28:07] [Server thread/INFO]: Injected new Forge item material IC2_ITEMARMORBRONZECHESTPLATE with ID 4203.
[13:28:07] [Server thread/INFO]: Injected new Forge item material IC2_ITEMARMORBRONZELEGS with ID 4204.
[13:28:07] [Server thread/INFO]: Injected new Forge item material IC2_ITEMARMORBRONZEBOOTS with ID 4205.
[13:28:07] [Server thread/INFO]: Injected new Forge item material IC2_ITEMARMORALLOYCHESTPLATE with ID 4206.
[13:28:07] [Server thread/INFO]: Injected new Forge item material IC2_ITEMARMORNANOHELMET with ID 4207.
[13:28:07] [Server thread/INFO]: Injected new Forge item material IC2_ITEMARMORNANOCHESTPLATE with ID 4208.
[13:28:07] [Server thread/INFO]: Injected new Forge item material IC2_ITEMARMORNANOLEGS with ID 4209.
[13:28:07] [Server thread/INFO]: Injected new Forge item material IC2_ITEMARMORNANOBOOTS with ID 4210.
[13:28:07] [Server thread/INFO]: Injected new Forge item material IC2_ITEMARMORQUANTUMHELMET with ID 4211.
[13:28:07] [Server thread/INFO]: Injected new Forge item material IC2_ITEMARMORQUANTUMCHESTPLATE with ID 4212.
[13:28:07] [Server thread/INFO]: Injected new Forge item material IC2_ITEMARMORQUANTUMLEGS with ID 4213.
[13:28:07] [Server thread/INFO]: Injected new Forge item material IC2_ITEMARMORQUANTUMBOOTS with ID 4214.
[13:28:07] [Server thread/INFO]: Injected new Forge item material IC2_ITEMARMORJETPACK with ID 4215.
[13:28:07] [Server thread/INFO]: Injected new Forge item material IC2_ITEMARMORJETPACKELECTRIC with ID 4216.
[13:28:07] [Server thread/INFO]: Injected new Forge item material IC2_ITEMARMORBATPACK with ID 4217.
[13:28:07] [Server thread/INFO]: Injected new Forge item material IC2_ITEMARMORADVBATPACK with ID 4218.
[13:28:07] [Server thread/INFO]: Injected new Forge item material IC2_ITEMARMORENERGYPACK with ID 4219.
[13:28:07] [Server thread/INFO]: Injected new Forge item material IC2_ITEMARMORCFPACK with ID 4220.
[13:28:07] [Server thread/INFO]: Injected new Forge item material IC2_ITEMSOLARHELMET with ID 4221.
[13:28:07] [Server thread/INFO]: Injected new Forge item material IC2_ITEMSTATICBOOTS with ID 4222.
[13:28:07] [Server thread/INFO]: Injected new Forge item material IC2_ITEMNIGHTVISIONGOGGLES with ID 4223.
[13:28:07] [Server thread/INFO]: Injected new Forge item material IC2_ITEMBATREDISCHARGED with ID 4224.
[13:28:07] [Server thread/INFO]: Injected new Forge item material IC2_ITEMBATRE with ID 4225.
[13:28:07] [Server thread/INFO]: Injected new Forge item material IC2_ITEMADVBAT with ID 4226.
[13:28:07] [Server thread/INFO]: Injected new Forge item material IC2_ITEMBATCRYSTAL with ID 4227.
[13:28:07] [Server thread/INFO]: Injected new Forge item material IC2_ITEMBATLAMACRYSTAL with ID 4228.
[13:28:07] [Server thread/INFO]: Injected new Forge item material IC2_ITEMBATSU with ID 4229.
[13:28:07] [Server thread/INFO]: Injected new Forge item material IC2_ITEMBATCHARGERE with ID 4230.
[13:28:07] [Server thread/INFO]: Injected new Forge item material IC2_ITEMBATCHARGEADV with ID 4231.
[13:28:07] [Server thread/INFO]: Injected new Forge item material IC2_ITEMBATCHARGECRYSTAL with ID 4232.
[13:28:07] [Server thread/INFO]: Injected new Forge item material IC2_ITEMBATCHARGELAMACRYSTAL with ID 4233.
[13:28:07] [Server thread/INFO]: Injected new Forge item material IC2_ITEMCABLE with ID 4234.
[13:28:07] [Server thread/INFO]: Injected new Forge item material IC2_ITEMCELLEMPTY with ID 4235.
[13:28:07] [Server thread/INFO]: Injected new Forge item material IC2_ITEMTINCAN with ID 4236.
[13:28:07] [Server thread/INFO]: Injected new Forge item material IC2_ITEMTINCANFILLED with ID 4237.
[13:28:07] [Server thread/INFO]: Injected new Forge item material IC2_REACTORMOXSIMPLE with ID 4238.
[13:28:07] [Server thread/INFO]: Injected new Forge item material IC2_REACTORMOXDUAL with ID 4239.
[13:28:07] [Server thread/INFO]: Injected new Forge item material IC2_REACTORMOXQUAD with ID 4240.
[13:28:07] [Server thread/INFO]: Injected new Forge item material IC2_REACTORURANIUMSIMPLE with ID 4241.
[13:28:07] [Server thread/INFO]: Injected new Forge item material IC2_REACTORURANIUMDUAL with ID 4242.
[13:28:07] [Server thread/INFO]: Injected new Forge item material IC2_REACTORURANIUMQUAD with ID 4243.
[13:28:07] [Server thread/INFO]: Injected new Forge item material IC2_REACTORMOXSIMPLEDEPLETED with ID 4244.
[13:28:07] [Server thread/INFO]: Injected new Forge item material IC2_REACTORMOXDUALDEPLETED with ID 4245.
[13:28:07] [Server thread/INFO]: Injected new Forge item material IC2_REACTORMOXQUADDEPLETED with ID 4246.
[13:28:07] [Server thread/INFO]: Injected new Forge item material IC2_REACTORURANIUMSIMPLEDEPLETED with ID 4247.
[13:28:07] [Server thread/INFO]: Injected new Forge item material IC2_REACTORURANIUMDUALDEPLETED with ID 4248.
[13:28:07] [Server thread/INFO]: Injected new Forge item material IC2_REACTORURANIUMQUADDEPLETED with ID 4249.
[13:28:07] [Server thread/INFO]: Injected new Forge item material IC2_REACTORCOOLANTSIMPLE with ID 4250.
[13:28:07] [Server thread/INFO]: Injected new Forge item material IC2_REACTORCOOLANTTRIPLE with ID 4251.
[13:28:07] [Server thread/INFO]: Injected new Forge item material IC2_REACTORCOOLANTSIX with ID 4252.
[13:28:07] [Server thread/INFO]: Injected new Forge item material IC2_REACTORPLATING with ID 4253.
[13:28:07] [Server thread/INFO]: Injected new Forge item material IC2_REACTORPLATINGHEAT with ID 4254.
[13:28:07] [Server thread/INFO]: Injected new Forge item material IC2_REACTORPLATINGEXPLOSIVE with ID 4255.
[13:28:07] [Server thread/INFO]: Injected new Forge item material IC2_REACTORHEATSWITCH with ID 4256.
[13:28:07] [Server thread/INFO]: Injected new Forge item material IC2_REACTORHEATSWITCHCORE with ID 4257.
[13:28:07] [Server thread/INFO]: Injected new Forge item material IC2_REACTORHEATSWITCHSPREAD with ID 4258.
[13:28:07] [Server thread/INFO]: Injected new Forge item material IC2_REACTORHEATSWITCHDIAMOND with ID 4259.
[13:28:07] [Server thread/INFO]: Injected new Forge item material IC2_REACTORVENT with ID 4260.
[13:28:07] [Server thread/INFO]: Injected new Forge item material IC2_REACTORVENTCORE with ID 4261.
[13:28:07] [Server thread/INFO]: Injected new Forge item material IC2_REACTORVENTGOLD with ID 4262.
[13:28:07] [Server thread/INFO]: Injected new Forge item material IC2_REACTORVENTSPREAD with ID 4263.
[13:28:07] [Server thread/INFO]: Injected new Forge item material IC2_REACTORVENTDIAMOND with ID 4264.
[13:28:07] [Server thread/INFO]: Injected new Forge item material IC2_REACTORREFLECTOR with ID 4265.
[13:28:07] [Server thread/INFO]: Injected new Forge item material IC2_REACTORREFLECTORTHICK with ID 4266.
[13:28:07] [Server thread/INFO]: Injected new Forge item material IC2_REACTORCONDENSATOR with ID 4267.
[13:28:07] [Server thread/INFO]: Injected new Forge item material IC2_REACTORCONDENSATORLAP with ID 4268.
[13:28:07] [Server thread/INFO]: Injected new Forge item material IC2_ITEMTFBP with ID 4269.
[13:28:07] [Server thread/INFO]: Injected new Forge item material IC2_ITEMTFBPCULTIVATION with ID 4270.
[13:28:07] [Server thread/INFO]: Injected new Forge item material IC2_ITEMTFBPIRRIGATION with ID 4271.
[13:28:07] [Server thread/INFO]: Injected new Forge item material IC2_ITEMTFBPCHILLING with ID 4272.
[13:28:07] [Server thread/INFO]: Injected new Forge item material IC2_ITEMTFBPDESERTIFICATION with ID 4273.
[13:28:07] [Server thread/INFO]: Injected new Forge item material IC2_ITEMTFBPFLATIFICATION with ID 4274.
[13:28:07] [Server thread/INFO]: Injected new Forge item material IC2_ITEMTFBPMUSHROOM with ID 4275.
[13:28:07] [Server thread/INFO]: Injected new Forge item material IC2_ITEMPARTCOALBALL with ID 4276.
[13:28:07] [Server thread/INFO]: Injected new Forge item material IC2_ITEMPARTCOALBLOCK with ID 4277.
[13:28:07] [Server thread/INFO]: Injected new Forge item material IC2_ITEMPARTCOALCHUNK with ID 4278.
[13:28:07] [Server thread/INFO]: Injected new Forge item material IC2_ITEMPARTINDUSTRIALDIAMOND with ID 4279.
[13:28:07] [Server thread/INFO]: Injected new Forge item material IC2_ITEMSLAG with ID 4280.
[13:28:07] [Server thread/INFO]: Injected new Forge item material IC2_ITEMSCRAP with ID 4281.
[13:28:07] [Server thread/INFO]: Injected new Forge item material IC2_ITEMSCRAPBOX with ID 4282.
[13:28:07] [Server thread/INFO]: Injected new Forge item material IC2_ITEMFUELPLANTBALL with ID 4283.
[13:28:07] [Server thread/INFO]: Injected new Forge item material IC2_ITEMBIOCHAFF with ID 4284.
[13:28:07] [Server thread/INFO]: Injected new Forge item material IC2_ITEMTOOLPAINTER with ID 4285.
[13:28:07] [Server thread/INFO]: Injected new Forge item material IC2_ITEMTOOLPAINTERBLACK with ID 4286.
[13:28:07] [Server thread/INFO]: Injected new Forge item material IC2_ITEMTOOLPAINTERRED with ID 4287.
[13:28:07] [Server thread/INFO]: Injected new Forge item material IC2_ITEMTOOLPAINTERGREEN with ID 4288.
[13:28:07] [Server thread/INFO]: Injected new Forge item material IC2_ITEMTOOLPAINTERBROWN with ID 4289.
[13:28:07] [Server thread/INFO]: Injected new Forge item material IC2_ITEMTOOLPAINTERBLUE with ID 4290.
[13:28:07] [Server thread/INFO]: Injected new Forge item material IC2_ITEMTOOLPAINTERPURPLE with ID 4291.
[13:28:07] [Server thread/INFO]: Injected new Forge item material IC2_ITEMTOOLPAINTERCYAN with ID 4292.
[13:28:07] [Server thread/INFO]: Injected new Forge item material IC2_ITEMTOOLPAINTERLIGHTGREY with ID 4293.
[13:28:07] [Server thread/INFO]: Injected new Forge item material IC2_ITEMTOOLPAINTERDARKGREY with ID 4294.
[13:28:07] [Server thread/INFO]: Injected new Forge item material IC2_ITEMTOOLPAINTERPINK with ID 4295.
[13:28:07] [Server thread/INFO]: Injected new Forge item material IC2_ITEMTOOLPAINTERLIME with ID 4296.
[13:28:07] [Server thread/INFO]: Injected new Forge item material IC2_ITEMTOOLPAINTERYELLOW with ID 4297.
[13:28:07] [Server thread/INFO]: Injected new Forge item material IC2_ITEMTOOLPAINTERCLOUD with ID 4298.
[13:28:07] [Server thread/INFO]: Injected new Forge item material IC2_ITEMTOOLPAINTERMAGENTA with ID 4299.
[13:28:07] [Server thread/INFO]: Injected new Forge item material IC2_ITEMTOOLPAINTERORANGE with ID 4300.
[13:28:07] [Server thread/INFO]: Injected new Forge item material IC2_ITEMTOOLPAINTERWHITE with ID 4301.
[13:28:07] [Server thread/INFO]: Injected new Forge item material IC2_ITEMDYNAMITE with ID 4302.
[13:28:07] [Server thread/INFO]: Injected new Forge item material IC2_ITEMDYNAMITESTICKY with ID 4303.
[13:28:07] [Server thread/INFO]: Injected new Forge item material IC2_ITEMREMOTE with ID 4304.
[13:28:07] [Server thread/INFO]: Injected new Forge item material IC2_UPGRADEMODULE with ID 4305.
[13:28:07] [Server thread/INFO]: Injected new Forge item material IC2_ITEMCOIN with ID 4306.
[13:28:07] [Server thread/INFO]: Injected new Forge item material IC2_ITEMDOORALLOY with ID 4307.
[13:28:07] [Server thread/INFO]: Injected new Forge item material IC2_ITEMPARTCFPOWDER with ID 4308.
[13:28:07] [Server thread/INFO]: Injected new Forge item material IC2_ITEMGRINPOWDER with ID 4309.
[13:28:07] [Server thread/INFO]: Injected new Forge item material IC2_ITEMDEBUG with ID 4310.
[13:28:07] [Server thread/INFO]: Injected new Forge item material IC2_ITEMBOAT with ID 4311.
[13:28:07] [Server thread/INFO]: Injected new Forge item material IC2_ITEMWEEDINGTROWEL with ID 4312.
[13:28:07] [Server thread/INFO]: Injected new Forge item material IC2_ITEMWEED with ID 4313.
[13:28:07] [Server thread/INFO]: Injected new Forge item material IC2_ITEMCROPSEED with ID 4314.
[13:28:07] [Server thread/INFO]: Injected new Forge item material IC2_ITEMCROPNALYZER with ID 4315.
[13:28:07] [Server thread/INFO]: Injected new Forge item material IC2_ITEMFERTILIZER with ID 4316.
[13:28:07] [Server thread/INFO]: Injected new Forge item material IC2_ITEMCELLHYDRANT with ID 4317.
[13:28:07] [Server thread/INFO]: Injected new Forge item material IC2_ITEMTOOLHOE with ID 4318.
[13:28:07] [Server thread/INFO]: Injected new Forge item material IC2_ITEMTERRAWART with ID 4319.
[13:28:07] [Server thread/INFO]: Injected new Forge item material IC2_ITEMWEEDEX with ID 4320.
[13:28:07] [Server thread/INFO]: Injected new Forge item material IC2_ITEMMUGEMPTY with ID 4321.
[13:28:07] [Server thread/INFO]: Injected new Forge item material IC2_ITEMCOFEEBEANS with ID 4322.
[13:28:07] [Server thread/INFO]: Injected new Forge item material IC2_ITEMCOFEEPOWDER with ID 4323.
[13:28:07] [Server thread/INFO]: Injected new Forge item material IC2_ITEMMUGCOFFEE with ID 4324.
[13:28:07] [Server thread/INFO]: Injected new Forge item material IC2_ITEMHOPS with ID 4325.
[13:28:07] [Server thread/INFO]: Injected new Forge item material IC2_ITEMBARREL with ID 4326.
[13:28:07] [Server thread/INFO]: Injected new Forge item material IC2_ITEMMUGBOOZE with ID 4327.
[13:28:07] [Server thread/INFO]: Injected new Forge item material IC2_ITEMWOODROTOR with ID 4328.
[13:28:07] [Server thread/INFO]: Injected new Forge item material IC2_ITEMIRONROTOR with ID 4329.
[13:28:07] [Server thread/INFO]: Injected new Forge item material IC2_ITEMSTEELROTOR with ID 4330.
[13:28:07] [Server thread/INFO]: Injected new Forge item material IC2_ITEMWCARBONROTOR with ID 4331.
[13:28:07] [Server thread/INFO]: Injected new Forge item material IC2_ITEMSTEAMTURBINE with ID 4332.
[13:28:07] [Server thread/INFO]: Injected new Forge item material IC2_ITEMSTEAMTURBINEBLADE with ID 4333.
[13:28:07] [Server thread/INFO]: Injected new Forge item material IC2_ITEMIRONBLOCKCUTTINGBLADE with ID 4334.
[13:28:07] [Server thread/INFO]: Injected new Forge item material IC2_ITEMADVIRONBLOCKCUTTINGBLADE with ID 4335.
[13:28:07] [Server thread/INFO]: Injected new Forge item material IC2_ITEMDIAMONDBLOCKCUTTINGBLADE with ID 4336.
[13:28:07] [Server thread/INFO]: Injected new Forge item material IRONCHEST_IRONGOLDUPGRADE with ID 4337.
[13:28:07] [Server thread/INFO]: Injected new Forge item material IRONCHEST_GOLDDIAMONDUPGRADE with ID 4338.
[13:28:07] [Server thread/INFO]: Injected new Forge item material IRONCHEST_COPPERSILVERUPGRADE with ID 4339.
[13:28:07] [Server thread/INFO]: Injected new Forge item material IRONCHEST_SILVERGOLDUPGRADE with ID 4340.
[13:28:07] [Server thread/INFO]: Injected new Forge item material IRONCHEST_COPPERIRONUPGRADE with ID 4341.
[13:28:07] [Server thread/INFO]: Injected new Forge item material IRONCHEST_DIAMONDCRYSTALUPGRADE with ID 4342.
[13:28:07] [Server thread/INFO]: Injected new Forge item material IRONCHEST_WOODIRONUPGRADE with ID 4343.
[13:28:07] [Server thread/INFO]: Injected new Forge item material IRONCHEST_WOODCOPPERUPGRADE with ID 4344.
[13:28:07] [Server thread/INFO]: Injected new Forge item material IRONCHEST_DIAMONDOBSIDIANUPGRADE with ID 4345.
[13:28:07] [Server thread/INFO]: Injected new Forge item material TWILIGHTFOREST_ITEM_NAGASCALE with ID 4346.
[13:28:07] [Server thread/INFO]: Injected new Forge item material TWILIGHTFOREST_ITEM_PLATENAGA with ID 4347.
[13:28:07] [Server thread/INFO]: Injected new Forge item material TWILIGHTFOREST_ITEM_LEGSNAGA with ID 4348.
[13:28:07] [Server thread/INFO]: Injected new Forge item material TWILIGHTFOREST_ITEM_SCEPTERTWILIGHT with ID 4349.
[13:28:07] [Server thread/INFO]: Injected new Forge item material TWILIGHTFOREST_ITEM_SCEPTERLIFEDRAIN with ID 4350.
[13:28:07] [Server thread/INFO]: Injected new Forge item material TWILIGHTFOREST_ITEM_SCEPTERZOMBIE with ID 4351.
[13:28:07] [Server thread/INFO]: Injected new Forge item material TWILIGHTFOREST_ITEM_OREMETER with ID 4352.
[13:28:07] [Server thread/INFO]: Injected new Forge item material TWILIGHTFOREST_ITEM_MAGICMAP with ID 4353.
[13:28:07] [Server thread/INFO]: Injected new Forge item material TWILIGHTFOREST_ITEM_MAZEMAP with ID 4354.
[13:28:07] [Server thread/INFO]: Injected new Forge item material TWILIGHTFOREST_ITEM_OREMAP with ID 4355.
[13:28:07] [Server thread/INFO]: Injected new Forge item material TWILIGHTFOREST_ITEM_TFFEATHER with ID 4356.
[13:28:07] [Server thread/INFO]: Injected new Forge item material TWILIGHTFOREST_ITEM_MAGICMAPFOCUS with ID 4357.
[13:28:07] [Server thread/INFO]: Injected new Forge item material TWILIGHTFOREST_ITEM_MAZEMAPFOCUS with ID 4358.
[13:28:07] [Server thread/INFO]: Injected new Forge item material TWILIGHTFOREST_ITEM_LIVEROOT with ID 4359.
[13:28:07] [Server thread/INFO]: Injected new Forge item material TWILIGHTFOREST_ITEM_IRONWOODRAW with ID 4360.
[13:28:07] [Server thread/INFO]: Injected new Forge item material TWILIGHTFOREST_ITEM_IRONWOODINGOT with ID 4361.
[13:28:07] [Server thread/INFO]: Injected new Forge item material TWILIGHTFOREST_ITEM_IRONWOODHELM with ID 4362.
[13:28:07] [Server thread/INFO]: Injected new Forge item material TWILIGHTFOREST_ITEM_IRONWOODPLATE with ID 4363.
[13:28:07] [Server thread/INFO]: Injected new Forge item material TWILIGHTFOREST_ITEM_IRONWOODLEGS with ID 4364.
[13:28:07] [Server thread/INFO]: Injected new Forge item material TWILIGHTFOREST_ITEM_IRONWOODBOOTS with ID 4365.
[13:28:07] [Server thread/INFO]: Injected new Forge item material TWILIGHTFOREST_ITEM_IRONWOODSWORD with ID 4366.
[13:28:07] [Server thread/INFO]: Injected new Forge item material TWILIGHTFOREST_ITEM_IRONWOODSHOVEL with ID 4367.
[13:28:07] [Server thread/INFO]: Injected new Forge item material TWILIGHTFOREST_ITEM_IRONWOODPICK with ID 4368.
[13:28:07] [Server thread/INFO]: Injected new Forge item material TWILIGHTFOREST_ITEM_IRONWOODAXE with ID 4369.
[13:28:07] [Server thread/INFO]: Injected new Forge item material TWILIGHTFOREST_ITEM_IRONWOODHOE with ID 4370.
[13:28:07] [Server thread/INFO]: Injected new Forge item material TWILIGHTFOREST_ITEM_TORCHBERRIES with ID 4371.
[13:28:07] [Server thread/INFO]: Injected new Forge item material TWILIGHTFOREST_ITEM_VENISONRAW with ID 4372.
[13:28:07] [Server thread/INFO]: Injected new Forge item material TWILIGHTFOREST_ITEM_VENISONCOOKED with ID 4373.
[13:28:07] [Server thread/INFO]: Injected new Forge item material TWILIGHTFOREST_ITEM_HYDRACHOP with ID 4374.
[13:28:07] [Server thread/INFO]: Injected new Forge item material TWILIGHTFOREST_ITEM_FIERYBLOOD with ID 4375.
[13:28:07] [Server thread/INFO]: Injected new Forge item material TWILIGHTFOREST_ITEM_TROPHY with ID 4376.
[13:28:07] [Server thread/INFO]: Injected new Forge item material TWILIGHTFOREST_ITEM_FIERYINGOT with ID 4377.
[13:28:07] [Server thread/INFO]: Injected new Forge item material TWILIGHTFOREST_ITEM_FIERYHELM with ID 4378.
[13:28:07] [Server thread/INFO]: Injected new Forge item material TWILIGHTFOREST_ITEM_FIERYPLATE with ID 4379.
[13:28:07] [Server thread/INFO]: Injected new Forge item material TWILIGHTFOREST_ITEM_FIERYLEGS with ID 4380.
[13:28:07] [Server thread/INFO]: Injected new Forge item material TWILIGHTFOREST_ITEM_FIERYBOOTS with ID 4381.
[13:28:07] [Server thread/INFO]: Injected new Forge item material TWILIGHTFOREST_ITEM_FIERYSWORD with ID 4382.
[13:28:07] [Server thread/INFO]: Injected new Forge item material TWILIGHTFOREST_ITEM_FIERYPICK with ID 4383.
[13:28:07] [Server thread/INFO]: Injected new Forge item material TWILIGHTFOREST_ITEM_STEELEAFINGOT with ID 4384.
[13:28:07] [Server thread/INFO]: Injected new Forge item material TWILIGHTFOREST_ITEM_STEELEAFHELM with ID 4385.
[13:28:07] [Server thread/INFO]: Injected new Forge item material TWILIGHTFOREST_ITEM_STEELEAFPLATE with ID 4386.
[13:28:07] [Server thread/INFO]: Injected new Forge item material TWILIGHTFOREST_ITEM_STEELEAFLEGS with ID 4387.
[13:28:07] [Server thread/INFO]: Injected new Forge item material TWILIGHTFOREST_ITEM_STEELEAFBOOTS with ID 4388.
[13:28:07] [Server thread/INFO]: Injected new Forge item material TWILIGHTFOREST_ITEM_STEELEAFSWORD with ID 4389.
[13:28:07] [Server thread/INFO]: Injected new Forge item material TWILIGHTFOREST_ITEM_STEELEAFSHOVEL with ID 4390.
[13:28:07] [Server thread/INFO]: Injected new Forge item material TWILIGHTFOREST_ITEM_STEELEAFPICK with ID 4391.
[13:28:07] [Server thread/INFO]: Injected new Forge item material TWILIGHTFOREST_ITEM_STEELEAFAXE with ID 4392.
[13:28:07] [Server thread/INFO]: Injected new Forge item material TWILIGHTFOREST_ITEM_STEELEAFHOE with ID 4393.
[13:28:07] [Server thread/INFO]: Injected new Forge item material TWILIGHTFOREST_ITEM_MINOTAURAXE with ID 4394.
[13:28:07] [Server thread/INFO]: Injected new Forge item material TWILIGHTFOREST_ITEM_MAZEBREAKERPICK with ID 4395.
[13:28:07] [Server thread/INFO]: Injected new Forge item material TWILIGHTFOREST_ITEM_TRANSFORMPOWDER with ID 4396.
[13:28:07] [Server thread/INFO]: Injected new Forge item material TWILIGHTFOREST_ITEM_MEEFRAW with ID 4397.
[13:28:07] [Server thread/INFO]: Injected new Forge item material TWILIGHTFOREST_ITEM_MEEFSTEAK with ID 4398.
[13:28:07] [Server thread/INFO]: Injected new Forge item material TWILIGHTFOREST_ITEM_MEEFSTROGANOFF with ID 4399.
[13:28:07] [Server thread/INFO]: Injected new Forge item material TWILIGHTFOREST_ITEM_MAZEWAFER with ID 4400.
[13:28:07] [Server thread/INFO]: Injected new Forge item material TWILIGHTFOREST_ITEM_EMPTYMAGICMAP with ID 4401.
[13:28:07] [Server thread/INFO]: Injected new Forge item material TWILIGHTFOREST_ITEM_EMPTYMAZEMAP with ID 4402.
[13:28:07] [Server thread/INFO]: Injected new Forge item material TWILIGHTFOREST_ITEM_EMPTYOREMAP with ID 4403.
[13:28:07] [Server thread/INFO]: Injected new Forge item material TWILIGHTFOREST_ITEM_OREMAGNET with ID 4404.
[13:28:07] [Server thread/INFO]: Injected new Forge item material TWILIGHTFOREST_ITEM_CRUMBLEHORN with ID 4405.
[13:28:07] [Server thread/INFO]: Injected new Forge item material TWILIGHTFOREST_ITEM_PEACOCKFAN with ID 4406.
[13:28:07] [Server thread/INFO]: Injected new Forge item material TWILIGHTFOREST_ITEM_MOONWORMQUEEN with ID 4407.
[13:28:07] [Server thread/INFO]: Injected new Forge item material TWILIGHTFOREST_ITEM_CHARMOFLIFE1 with ID 4408.
[13:28:07] [Server thread/INFO]: Injected new Forge item material TWILIGHTFOREST_ITEM_CHARMOFLIFE2 with ID 4409.
[13:28:07] [Server thread/INFO]: Injected new Forge item material TWILIGHTFOREST_ITEM_CHARMOFKEEPING1 with ID 4410.
[13:28:07] [Server thread/INFO]: Injected new Forge item material TWILIGHTFOREST_ITEM_CHARMOFKEEPING2 with ID 4411.
[13:28:07] [Server thread/INFO]: Injected new Forge item material TWILIGHTFOREST_ITEM_CHARMOFKEEPING3 with ID 4412.
[13:28:07] [Server thread/INFO]: Injected new Forge item material TWILIGHTFOREST_ITEM_TOWERKEY with ID 4413.
[13:28:07] [Server thread/INFO]: Injected new Forge item material TWILIGHTFOREST_ITEM_BORERESSENCE with ID 4414.
[13:28:07] [Server thread/INFO]: Injected new Forge item material TWILIGHTFOREST_ITEM_CARMINITE with ID 4415.
[13:28:07] [Server thread/INFO]: Injected new Forge item material TWILIGHTFOREST_ITEM_EXPERIMENT115 with ID 4416.
[13:28:07] [Server thread/INFO]: Injected new Forge item material TWILIGHTFOREST_ITEM_ARMORSHARDS with ID 4417.
[13:28:07] [Server thread/INFO]: Injected new Forge item material TWILIGHTFOREST_ITEM_KNIGHTMETAL with ID 4418.
[13:28:07] [Server thread/INFO]: Injected new Forge item material TWILIGHTFOREST_ITEM_SHARDCLUSTER with ID 4419.
[13:28:07] [Server thread/INFO]: Injected new Forge item material TWILIGHTFOREST_ITEM_KNIGHTLYHELM with ID 4420.
[13:28:07] [Server thread/INFO]: Injected new Forge item material TWILIGHTFOREST_ITEM_KNIGHTLYPLATE with ID 4421.
[13:28:07] [Server thread/INFO]: Injected new Forge item material TWILIGHTFOREST_ITEM_KNIGHTLYLEGS with ID 4422.
[13:28:07] [Server thread/INFO]: Injected new Forge item material TWILIGHTFOREST_ITEM_KNIGHTLYBOOTS with ID 4423.
[13:28:07] [Server thread/INFO]: Injected new Forge item material TWILIGHTFOREST_ITEM_KNIGHTLYSWORD with ID 4424.
[13:28:07] [Server thread/INFO]: Injected new Forge item material TWILIGHTFOREST_ITEM_KNIGHTLYPICK with ID 4425.
[13:28:07] [Server thread/INFO]: Injected new Forge item material TWILIGHTFOREST_ITEM_KNIGHTLYAXE with ID 4426.
[13:28:07] [Server thread/INFO]: Injected new Forge item material TWILIGHTFOREST_ITEM_PHANTOMHELM with ID 4427.
[13:28:07] [Server thread/INFO]: Injected new Forge item material TWILIGHTFOREST_ITEM_PHANTOMPLATE with ID 4428.
[13:28:07] [Server thread/INFO]: Injected new Forge item material TWILIGHTFOREST_ITEM_LAMPOFCINDERS with ID 4429.
[13:28:07] [Server thread/INFO]: Injected new Forge item material TWILIGHTFOREST_ITEM_FIERYTEARS with ID 4430.
[13:28:07] [Server thread/INFO]: Injected new Forge item material TWILIGHTFOREST_ITEM_ALPHAFUR with ID 4431.
[13:28:07] [Server thread/INFO]: Injected new Forge item material TWILIGHTFOREST_ITEM_YETIHELM with ID 4432.
[13:28:07] [Server thread/INFO]: Injected new Forge item material TWILIGHTFOREST_ITEM_YETIPLATE with ID 4433.
[13:28:07] [Server thread/INFO]: Injected new Forge item material TWILIGHTFOREST_ITEM_YETILEGS with ID 4434.
[13:28:07] [Server thread/INFO]: Injected new Forge item material TWILIGHTFOREST_ITEM_YETIBOOTS with ID 4435.
[13:28:07] [Server thread/INFO]: Injected new Forge item material TWILIGHTFOREST_ITEM_ICEBOMB with ID 4436.
[13:28:07] [Server thread/INFO]: Injected new Forge item material TWILIGHTFOREST_ITEM_ARCTICFUR with ID 4437.
[13:28:07] [Server thread/INFO]: Injected new Forge item material TWILIGHTFOREST_ITEM_ARCTICHELM with ID 4438.
[13:28:07] [Server thread/INFO]: Injected new Forge item material TWILIGHTFOREST_ITEM_ARCTICPLATE with ID 4439.
[13:28:07] [Server thread/INFO]: Injected new Forge item material TWILIGHTFOREST_ITEM_ARCTICLEGS with ID 4440.
[13:28:07] [Server thread/INFO]: Injected new Forge item material TWILIGHTFOREST_ITEM_ARCTICBOOTS with ID 4441.
[13:28:07] [Server thread/INFO]: Injected new Forge item material TWILIGHTFOREST_ITEM_MAGICBEANS with ID 4442.
[13:28:07] [Server thread/INFO]: Injected new Forge item material TWILIGHTFOREST_ITEM_GIANTPICK with ID 4443.
[13:28:07] [Server thread/INFO]: Injected new Forge item material TWILIGHTFOREST_ITEM_GIANTSWORD with ID 4444.
[13:28:07] [Server thread/INFO]: Injected new Forge item material TWILIGHTFOREST_ITEM_TRIPLEBOW with ID 4445.
[13:28:07] [Server thread/INFO]: Injected new Forge item material TWILIGHTFOREST_ITEM_SEEKERBOW with ID 4446.
[13:28:07] [Server thread/INFO]: Injected new Forge item material TWILIGHTFOREST_ITEM_ICEBOW with ID 4447.
[13:28:07] [Server thread/INFO]: Injected new Forge item material TWILIGHTFOREST_ITEM_ENDERBOW with ID 4448.
[13:28:07] [Server thread/INFO]: Injected new Forge item material TWILIGHTFOREST_ITEM_ICESWORD with ID 4449.
[13:28:07] [Server thread/INFO]: Injected new Forge item material TWILIGHTFOREST_ITEM_GLASSSWORD with ID 4450.
[13:28:07] [Server thread/INFO]: Injected new Forge item material TWILIGHTFOREST_ITEM_TFSPAWNEGG with ID 4451.
[13:28:07] [Server thread/INFO]: Mapping loaded 11 packages, 7841 classes, 26711 fields, 53884 methods, flags 1ffa
[13:28:07] [Server thread/INFO]: Loaded inheritance map of 895 classes
[13:28:07] [Server thread/WARN]: =============================================================
[13:28:07] [Server thread/WARN]: MOD HAS DIRECT REFERENCE System.exit() THIS IS NOT ALLOWED REROUTING TO FMLCommonHandler!
[13:28:07] [Server thread/WARN]: Offendor: net/md_5/specialsource/SpecialSource.main([Ljava/lang/String;)V
[13:28:07] [Server thread/WARN]: =============================================================
[13:28:07] [Server thread/WARN]: =============================================================
[13:28:07] [Server thread/WARN]: MOD HAS DIRECT REFERENCE System.exit() THIS IS NOT ALLOWED REROUTING TO FMLCommonHandler!
[13:28:07] [Server thread/WARN]: Offendor: net/md_5/specialsource/SpecialSource.main([Ljava/lang/String;)V
[13:28:07] [Server thread/WARN]: =============================================================
[13:28:07] [Server thread/WARN]: =============================================================
[13:28:07] [Server thread/WARN]: MOD HAS DIRECT REFERENCE System.exit() THIS IS NOT ALLOWED REROUTING TO FMLCommonHandler!
[13:28:07] [Server thread/WARN]: Offendor: net/md_5/specialsource/SpecialSource.main([Ljava/lang/String;)V
[13:28:07] [Server thread/WARN]: =============================================================
[13:28:07] [Server thread/WARN]: =============================================================
[13:28:07] [Server thread/WARN]: MOD HAS DIRECT REFERENCE System.exit() THIS IS NOT ALLOWED REROUTING TO FMLCommonHandler!
[13:28:07] [Server thread/WARN]: Offendor: net/md_5/specialsource/SpecialSource.main([Ljava/lang/String;)V
[13:28:07] [Server thread/WARN]: =============================================================
[13:28:08] [Server thread/INFO]: [Lockette] Loading Lockette v1.7.10
[13:28:08] [Server thread/INFO]: [WorldEdit] Loading WorldEdit v6.0;3342-78f975b9
[13:28:08] [Server thread/INFO]: [Essentials] Loading Essentials v2.13.1
[13:28:08] [Server thread/INFO]: [EssentialsChat] Loading EssentialsChat v2.13.1
[13:28:08] [Server thread/INFO]: [EssentialsProtect] Loading EssentialsProtect v2.13.1
[13:28:08] [Server thread/INFO]: [EssentialsSpawn] Loading EssentialsSpawn v2.13.1
[13:28:08] [Server thread/INFO]: [EssentialsAntiBuild] Loading EssentialsAntiBuild v2.13.1
[13:28:08] [Server thread/INFO]: [AuthMe] Loading AuthMe v3.5-SNAPSHOT
[13:28:08] [Server thread/INFO]: Adding biome mapping 40 Twilight Lake at BiomeBase[40]
[13:28:08] [Server thread/INFO]: Adding biome mapping 41 Twilight Forest at BiomeBase[41]
[13:28:08] [Server thread/INFO]: Adding biome mapping 42 Dense Twilight Forest at BiomeBase[42]
[13:28:08] [Server thread/INFO]: Adding biome mapping 43 Highlands at BiomeBase[43]
[13:28:08] [Server thread/INFO]: Adding biome mapping 44 Mushroom Forest at BiomeBase[44]
[13:28:08] [Server thread/INFO]: Adding biome mapping 45 Twilight Swamp at BiomeBase[45]
[13:28:08] [Server thread/INFO]: Adding biome mapping 46 Twilight Stream at BiomeBase[46]
[13:28:08] [Server thread/INFO]: Adding biome mapping 47 Snowy Forest at BiomeBase[47]
[13:28:08] [Server thread/INFO]: Adding biome mapping 48 Twilight Glacier at BiomeBase[48]
[13:28:08] [Server thread/INFO]: Adding biome mapping 49 Twilight Clearing at BiomeBase[49]
[13:28:08] [Server thread/INFO]: Adding biome mapping 50 Oak Savanna at BiomeBase[50]
[13:28:08] [Server thread/INFO]: Adding biome mapping 51 Lighted Forest at BiomeBase[51]
[13:28:08] [Server thread/INFO]: Adding biome mapping 52 Deep Mushroom Forest at BiomeBase[52]
[13:28:08] [Server thread/INFO]: Adding biome mapping 53 Dark Forest Center at BiomeBase[53]
[13:28:08] [Server thread/INFO]: Adding biome mapping 54 Highlands Center at BiomeBase[54]
[13:28:08] [Server thread/INFO]: Adding biome mapping 55 Dark Forest at BiomeBase[55]
[13:28:08] [Server thread/INFO]: Adding biome mapping 56 Enchanted Forest at BiomeBase[56]
[13:28:08] [Server thread/INFO]: Adding biome mapping 57 Fire Swamp at BiomeBase[57]
[13:28:08] [Server thread/INFO]: Adding biome mapping 58 Thornlands at BiomeBase[58]
[13:28:08] [Server thread/INFO]: Loading dimension 0 (skarn) (net.minecraft.server.dedicated.DedicatedServer@71378904)
[13:28:08] [Server thread/INFO]: Loading dimension 7 (DIM7) (net.minecraft.server.dedicated.DedicatedServer@71378904)
[13:28:08] [Server thread/INFO]: Loading dimension 1 (DIM1) (net.minecraft.server.dedicated.DedicatedServer@71378904)
[13:28:08] [Server thread/INFO]: Loading dimension -1 (DIM-1) (net.minecraft.server.dedicated.DedicatedServer@71378904)
[13:28:08] [Server thread/INFO]: Preparing start region for level 0
[13:28:10] [Server thread/INFO]: Preparing spawn area: 13%
[13:28:11] [Server thread/INFO]: Preparing spawn area: 32%
[13:28:11] [Server thread/INFO]: [Lockette] Enabling Lockette v1.7.10
[13:28:11] [Server thread/INFO]: [Lockette] Version 1.7.10 is being enabled!  Yay!  (Core version 1.3.7)
[13:28:11] [Server thread/WARN]: [Lockette] Craftbukkit build unrecognized, please be sure you have build [2502] or greater.
[13:28:11] [Server thread/INFO]: [Lockette] Custom lockable block list: [116, 84, 57, 145]
[13:28:11] [Server thread/INFO]: [Lockette] Ignoring linked plugins: [mcMMO]
[13:28:11] [Server thread/INFO]: [Lockette] Loading strings file for English by Acru
[13:28:11] [Server thread/INFO]: [Lockette] Using ops file for admin permissions.
[13:28:11] [Server thread/INFO]: [Lockette] Ready to protect your containers.
[13:28:11] [Server thread/INFO]: [WorldEdit] Enabling WorldEdit v6.0;3342-78f975b9
[13:28:12] [Server thread/INFO]: WEPIF: Using the Bukkit Permissions API.
[13:28:12] [Server thread/WARN]: [WorldEdit] 
**********************************************
** This WorldEdit version does not fully support your version of Bukkit.
**
** When working with blocks or undoing, chests will be empty, signs
** will be blank, and so on. There will be no support for entity
** and biome-related functions.
**
** Please see http://wiki.sk89q.com/wiki/WorldEdit/Bukkit_adapters
**********************************************

[13:28:12] [Server thread/INFO]: [Essentials] Enabling Essentials v2.13.1
[13:28:12] [Server thread/INFO]: Bukkit版本已改变
[13:28:12] [Server thread/INFO]: git-Cauldron-MCPC-Plus-1.7.10-1.1206.01.170 (MC: 1.7.10)
[13:28:12] [Server thread/INFO]: 1.7.10-R0.1-SNAPSHOT
[13:28:12] [Server thread/INFO]: Using locale zh
[13:28:12] [Server thread/INFO]: Using locale zh
[13:28:12] [Server thread/INFO]: Essentials: Using config file enhanced permissions.
[13:28:12] [Server thread/INFO]: Permissions listed in as player-commands will be given to all users.
[13:28:12] [Server thread/INFO]: [EssentialsChat] Enabling EssentialsChat v2.13.1
[13:28:12] [Server thread/INFO]: [EssentialsProtect] Enabling EssentialsProtect v2.13.1
[13:28:12] [Server thread/INFO]: [EssentialsSpawn] Enabling EssentialsSpawn v2.13.1
[13:28:12] [Server thread/INFO]: [EssentialsAntiBuild] Enabling EssentialsAntiBuild v2.13.1
[13:28:12] [Server thread/INFO]: [AuthMe] Enabling AuthMe v3.5-SNAPSHOT
[13:28:12] [Server thread/INFO]: [AuthMe] Loading Configuration File...
[13:28:12] [Server thread/INFO]: [AuthMe] Set Language: en
[13:28:13] [Server thread/INFO]: [AuthMe] Hook with Essentials plugin
[13:28:13] [Server thread/INFO]: [AuthMe] Hook with EssentialsSpawn plugin
[13:28:13] [Server thread/INFO]: [AuthMe] [LICENSE] This product includes GeoLite data created by MaxMind, available from http://www.maxmind.com
[13:28:13] [Server thread/INFO]: [AuthMe] [SPONSOR] AuthMe is sponsored and hook perfectly with server hosting VERYGAMES, rent your server for only 1.99$/months
[13:28:13] [Server thread/INFO]: [AuthMe] [SPONSOR] Look Minecraft and other offers on www.verygames.net ! 
[13:28:13] [Server thread/INFO]: [AuthMe] Authme 3.5-SNAPSHOT enabled
[13:28:13] [Server thread/INFO]: Server permissions file permissions.yml is empty, ignoring it
[13:28:13] [Server thread/INFO]: Done (6.261s)! For help, type "help" or "?"
[13:28:13] [Server thread/INFO]: Registered command forge with permission node net.minecraftforge.server.command.ForgeCommand
[13:28:13] [Server thread/INFO]: Registered command ic2 with permission node ic2.core.command.CommandIc2
[13:28:13] [Server thread/INFO]: Registered command tps with permission node ic2.core.command.CommandTps
[13:28:13] [Server thread/INFO]: Registered command tffeature with permission node twilightforest.CommandTFFeature
