[23:34:53] [KCauldron version retrievier/WARN]: Error occured during retriving version
java.lang.Throwable
	at kcauldron.KLog.log(KLog.java:30) [KLog.class:1.7.10-1614.175]
	at kcauldron.KLog.warning(KLog.java:41) [KLog.class:1.7.10-1614.175]
	at kcauldron.updater.KVersionRetriever.uncaughtException(KVersionRetriever.java:114) [KVersionRetriever.class:1.7.10-1614.175]
	at kcauldron.updater.KVersionRetriever.check(KVersionRetriever.java:108) [KVersionRetriever.class:1.7.10-1614.175]
	at kcauldron.updater.KVersionRetriever.run(KVersionRetriever.java:69) [KVersionRetriever.class:1.7.10-1614.175]
	at java.lang.Thread.run(Thread.java:745) [?:1.7.0_67]
Caused by: org.apache.http.conn.HttpHostConnectException: Connect to api.prok.pw:443 [api.prok.pw/95.188.83.80] failed: Connection timed out: connect
	at org.apache.http.impl.conn.DefaultHttpClientConnectionOperator.connect(DefaultHttpClientConnectionOperator.java:151) ~[DefaultHttpClientConnectionOperator.class:4.4.1]
	at org.apache.http.impl.conn.PoolingHttpClientConnectionManager.connect(PoolingHttpClientConnectionManager.java:353) ~[PoolingHttpClientConnectionManager.class:4.4.1]
	at org.apache.http.impl.execchain.MainClientExec.establishRoute(MainClientExec.java:380) ~[MainClientExec.class:4.4.1]
	at org.apache.http.impl.execchain.MainClientExec.execute(MainClientExec.java:236) ~[MainClientExec.class:4.4.1]
	at org.apache.http.impl.execchain.ProtocolExec.execute(ProtocolExec.java:184) ~[ProtocolExec.class:4.4.1]
	at org.apache.http.impl.execchain.RetryExec.execute(RetryExec.java:88) ~[RetryExec.class:4.4.1]
	at org.apache.http.impl.execchain.RedirectExec.execute(RedirectExec.java:110) ~[RedirectExec.class:4.4.1]
	at org.apache.http.impl.client.InternalHttpClient.doExecute(InternalHttpClient.java:184) ~[InternalHttpClient.class:4.4.1]
	at org.apache.http.impl.client.CloseableHttpClient.execute(CloseableHttpClient.java:82) ~[CloseableHttpClient.class:4.4.1]
	at org.apache.http.impl.client.CloseableHttpClient.execute(CloseableHttpClient.java:107) ~[CloseableHttpClient.class:4.4.1]
	at kcauldron.updater.KVersionRetriever.check(KVersionRetriever.java:92) ~[KVersionRetriever.class:1.7.10-1614.175]
	... 2 more
Caused by: java.net.ConnectException: Connection timed out: connect
	at java.net.TwoStacksPlainSocketImpl.socketConnect(Native Method) ~[?:1.7.0_67]
	at java.net.AbstractPlainSocketImpl.doConnect(AbstractPlainSocketImpl.java:339) ~[?:1.7.0_67]
	at java.net.AbstractPlainSocketImpl.connectToAddress(AbstractPlainSocketImpl.java:200) ~[?:1.7.0_67]
	at java.net.AbstractPlainSocketImpl.connect(AbstractPlainSocketImpl.java:182) ~[?:1.7.0_67]
	at java.net.PlainSocketImpl.connect(PlainSocketImpl.java:172) ~[?:1.7.0_67]
	at java.net.SocksSocketImpl.connect(SocksSocketImpl.java:392) ~[?:1.7.0_67]
	at java.net.Socket.connect(Socket.java:579) ~[?:1.7.0_67]
	at org.apache.http.conn.ssl.SSLConnectionSocketFactory.connectSocket(SSLConnectionSocketFactory.java:337) ~[SSLConnectionSocketFactory.class:4.4.1]
	at org.apache.http.impl.conn.DefaultHttpClientConnectionOperator.connect(DefaultHttpClientConnectionOperator.java:134) ~[DefaultHttpClientConnectionOperator.class:4.4.1]
	at org.apache.http.impl.conn.PoolingHttpClientConnectionManager.connect(PoolingHttpClientConnectionManager.java:353) ~[PoolingHttpClientConnectionManager.class:4.4.1]
	at org.apache.http.impl.execchain.MainClientExec.establishRoute(MainClientExec.java:380) ~[MainClientExec.class:4.4.1]
	at org.apache.http.impl.execchain.MainClientExec.execute(MainClientExec.java:236) ~[MainClientExec.class:4.4.1]
	at org.apache.http.impl.execchain.ProtocolExec.execute(ProtocolExec.java:184) ~[ProtocolExec.class:4.4.1]
	at org.apache.http.impl.execchain.RetryExec.execute(RetryExec.java:88) ~[RetryExec.class:4.4.1]
	at org.apache.http.impl.execchain.RedirectExec.execute(RedirectExec.java:110) ~[RedirectExec.class:4.4.1]
	at org.apache.http.impl.client.InternalHttpClient.doExecute(InternalHttpClient.java:184) ~[InternalHttpClient.class:4.4.1]
	at org.apache.http.impl.client.CloseableHttpClient.execute(CloseableHttpClient.java:82) ~[CloseableHttpClient.class:4.4.1]
	at org.apache.http.impl.client.CloseableHttpClient.execute(CloseableHttpClient.java:107) ~[CloseableHttpClient.class:4.4.1]
	at kcauldron.updater.KVersionRetriever.check(KVersionRetriever.java:92) ~[KVersionRetriever.class:1.7.10-1614.175]
	... 2 more
