[00:00:19] [Server thread/INFO]: dingjibang issued server command: /tp dingjibang -905 63 -258
[00:00:19] [Server thread/INFO]: dingjibang issued server command: /tppos -905 63 -258
[00:01:02] [Server thread/INFO]: dingjibang issued server command: /tp dingjibang -769 69 382
[00:01:02] [Server thread/INFO]: dingjibang issued server command: /tppos -769 69 382
[00:01:05] [Server thread/WARN]: ****************************************
[00:01:05] [Server thread/WARN]: * There is an attempt to load a chunk (-45,16) in dimension 0 that is already being loaded. This will cause weird chunk breakages.
[00:01:05] [Server thread/WARN]: *  at net.minecraft.world.gen.ChunkProviderServer.originalLoadChunk(ChunkProviderServer.java:223)
[00:01:05] [Server thread/WARN]: *  at net.minecraft.world.gen.ChunkProviderServer.loadChunk(ChunkProviderServer.java:199)
[00:01:05] [Server thread/WARN]: *  at net.minecraft.world.gen.ChunkProviderServer.func_73158_c(ChunkProviderServer.java:167)
[00:01:05] [Server thread/WARN]: *  at net.minecraft.world.gen.ChunkProviderServer.func_73154_d(ChunkProviderServer.java:304)
[00:01:05] [Server thread/WARN]: *  at net.minecraft.world.World.func_72964_e(World.java:751)
[00:01:05] [Server thread/WARN]: *  at net.minecraft.world.World.func_147439_a(World.java:677)...
[00:01:05] [Server thread/WARN]: ****************************************
[00:01:46] [Server thread/INFO]: dingjibang issued server command: /tp dingjibang -778 70 748
[00:01:46] [Server thread/INFO]: dingjibang issued server command: /tppos -778 70 748
[00:01:51] [PaperSpigot - Lighting Thread/WARN]: ****************************************
[00:01:51] [PaperSpigot - Lighting Thread/WARN]: * There is an attempt to load a chunk (-58,41) in dimension 0 that is already being loaded. This will cause weird chunk breakages.
[00:01:51] [PaperSpigot - Lighting Thread/WARN]: *  at net.minecraft.world.gen.ChunkProviderServer.originalLoadChunk(ChunkProviderServer.java:223)
[00:01:51] [PaperSpigot - Lighting Thread/WARN]: *  at net.minecraft.world.gen.ChunkProviderServer.loadChunk(ChunkProviderServer.java:199)
[00:01:51] [PaperSpigot - Lighting Thread/WARN]: *  at net.minecraft.world.gen.ChunkProviderServer.func_73158_c(ChunkProviderServer.java:167)
[00:01:51] [PaperSpigot - Lighting Thread/WARN]: *  at net.minecraft.world.gen.ChunkProviderServer.func_73154_d(ChunkProviderServer.java:304)
[00:01:51] [PaperSpigot - Lighting Thread/WARN]: *  at net.minecraft.world.World.func_72964_e(World.java:751)
[00:01:51] [PaperSpigot - Lighting Thread/WARN]: *  at net.minecraft.world.World.func_147439_a(World.java:677)...
[00:01:51] [PaperSpigot - Lighting Thread/WARN]: ****************************************
[00:02:47] [Server thread/INFO]: dingjibang issued server command: /tp dingjibang -655 65 1239
[00:02:47] [Server thread/INFO]: dingjibang issued server command: /tppos -655 65 1239
[00:02:58] [Server thread/INFO]: dingjibang issued server command: /tp dingjibang -503 74 1436
[00:02:58] [Server thread/INFO]: dingjibang issued server command: /tppos -503 74 1436
[00:03:29] [Server thread/INFO]: dingjibang issued server command: /tp dingjibang -296 63 1753
[00:03:29] [Server thread/INFO]: dingjibang issued server command: /tppos -296 63 1753
[00:03:49] [Server thread/ERROR]: Encountered an unexpected exception
net.minecraft.util.ReportedException: Exception ticking world
	at net.minecraft.server.MinecraftServer.func_71190_q(MinecraftServer.java:948) ~[MinecraftServer.class:?]
	at net.minecraft.server.dedicated.DedicatedServer.func_71190_q(DedicatedServer.java:431) ~[lt.class:?]
	at net.minecraft.server.MinecraftServer.func_71217_p(MinecraftServer.java:809) ~[MinecraftServer.class:?]
	at net.minecraft.server.MinecraftServer.run(MinecraftServer.java:669) [MinecraftServer.class:?]
	at java.lang.Thread.run(Thread.java:745) [?:1.7.0_67]
Caused by: java.lang.IllegalStateException: TickNextTick list out of synch
	at net.minecraft.world.WorldServer.func_72955_a(WorldServer.java:684) ~[mt.class:?]
	at net.minecraft.world.WorldServer.func_72835_b(WorldServer.java:279) ~[mt.class:?]
	at net.minecraft.server.MinecraftServer.func_71190_q(MinecraftServer.java:931) ~[MinecraftServer.class:?]
	... 4 more
[00:03:49] [Server thread/ERROR]: 	Cause of unexpected exception was
java.lang.IllegalStateException: TickNextTick list out of synch
	at net.minecraft.world.WorldServer.func_72955_a(WorldServer.java:684) ~[mt.class:?]
	at net.minecraft.world.WorldServer.func_72835_b(WorldServer.java:279) ~[mt.class:?]
	at net.minecraft.server.MinecraftServer.func_71190_q(MinecraftServer.java:931) ~[MinecraftServer.class:?]
	at net.minecraft.server.dedicated.DedicatedServer.func_71190_q(DedicatedServer.java:431) ~[lt.class:?]
	at net.minecraft.server.MinecraftServer.func_71217_p(MinecraftServer.java:809) ~[MinecraftServer.class:?]
	at net.minecraft.server.MinecraftServer.run(MinecraftServer.java:669) [MinecraftServer.class:?]
	at java.lang.Thread.run(Thread.java:745) [?:1.7.0_67]
[00:03:49] [Server thread/ERROR]: This crash report has been saved to: I:\Minecraft 1.7.10 with Forge10.13.0.1206纯净版（附Cauldron开服器）\（开服器）Cauldron服务端\.\crash-reports\crash-2016-01-22_00.03.49-server.txt
[00:03:49] [Server thread/INFO]: Stopping server
[00:03:49] [Server thread/INFO]: [AuthMe] Disabling AuthMe v3.5-SNAPSHOT
[00:03:49] [Server thread/INFO]: [EssentialsAntiBuild] Disabling EssentialsAntiBuild v2.13.1
[00:03:49] [Server thread/INFO]: [EssentialsSpawn] Disabling EssentialsSpawn v2.13.1
[00:03:49] [Server thread/INFO]: [EssentialsProtect] Disabling EssentialsProtect v2.13.1
[00:03:49] [Server thread/INFO]: [EssentialsChat] Disabling EssentialsChat v2.13.1
[00:03:49] [Server thread/INFO]: [Essentials] Disabling Essentials v2.13.1
[00:03:49] [Server thread/INFO]: [CoreProtect] Disabling CoreProtect v2.10.0
[00:03:49] [Server thread/INFO]: [WorldEdit] Disabling WorldEdit v6.0;3342-78f975b9
[00:03:49] [Server thread/INFO]: [Lockette] Disabling Lockette v1.7.10
[00:03:49] [Server thread/INFO]: Lockette is being disabled...  ;.;
[00:03:49] [Server thread/INFO]: [Lockette] Closing all automatic doors.
[00:03:49] [Server thread/INFO]: Saving players
[00:03:49] [Server thread/INFO]: dingjibang lost connection: Server closed
[00:03:50] [Server thread/INFO]: dingjibang left the game.
[00:03:50] [Server thread/INFO]: Saving worlds
[00:03:50] [Server thread/INFO]: Saving chunks for level 'skarn'/Overworld
[00:03:50] [Server thread/INFO]: Saving chunks for level 'DIM-42'/The Outer Lands
[00:03:50] [Server thread/INFO]: Saving chunks for level 'DIM4'/Dungeons
[00:03:50] [Server thread/INFO]: Saving chunks for level 'DIM3'/Aether
[00:03:51] [Server thread/INFO]: Saving chunks for level 'DIM1'/The End
[00:03:51] [Server thread/INFO]: Saving chunks for level 'DIM-1'/Nether
[00:03:51] [Server thread/INFO]: Unloading dimension 0
[00:03:51] [Server thread/INFO]: Unloading dimension -1
[00:03:51] [Server thread/INFO]: Unloading dimension 1
[00:03:51] [Server thread/INFO]: Unloading dimension 4
[00:03:51] [Server thread/INFO]: Unloading dimension -42
[00:03:51] [Server thread/INFO]: Unloading dimension 3
[00:03:51] [Server thread/INFO]: Applying holder lookups
[00:03:51] [Server thread/INFO]: Holder lookups applied
[00:03:51] [Server thread/INFO]: The state engine was in incorrect state SERVER_STOPPING and forced into state SERVER_STOPPED. Errors may have been discarded.
