[19:46:03] [main/INFO]: Loading tweak class name cpw.mods.fml.common.launcher.FMLServerTweaker
[19:46:03] [main/INFO]: Using primary tweak class name cpw.mods.fml.common.launcher.FMLServerTweaker
[19:46:03] [main/INFO]: Calling tweak class cpw.mods.fml.common.launcher.FMLServerTweaker
[19:46:03] [main/INFO]: Forge Mod Loader version 7.10.25.1206 for Minecraft 1.7.10 loading
[19:46:04] [main/INFO]: Java is Java HotSpot(TM) 64-Bit Server VM, version 1.7.0_67, running on Windows 8.1:amd64:6.3, installed at C:\Program Files\Java\jre7
[19:46:04] [main/ERROR]: The coremod ruby.bamboo.asm.CorePlugin is requesting minecraft version 1.7.2 and minecraft is 1.7.10. It will be ignored.
[19:46:06] [main/WARN]: The following coremods do not have a @MCVersion annotation. They may cause problems if this is not the correct version of Minecraft for them.
[19:46:06] [main/WARN]: Missing @MCVersion: codechicken.core.launch.CodeChickenCorePlugin  ic2.core.coremod.IC2core  lain.mods.inputfix.InputFix  invtweaks.forge.asm.FMLPlugin  codechicken.nei.asm.NEICorePlugin  
[19:46:06] [main/INFO]: Loading tweak class name cpw.mods.fml.common.launcher.FMLInjectionAndSortingTweaker
[19:46:06] [main/INFO]: Loading tweak class name cpw.mods.fml.common.launcher.FMLDeobfTweaker
[19:46:06] [main/INFO]: Calling tweak class cpw.mods.fml.common.launcher.FMLInjectionAndSortingTweaker
[19:46:06] [main/INFO]: Calling tweak class cpw.mods.fml.common.launcher.FMLInjectionAndSortingTweaker
[19:46:06] [main/INFO]: Calling tweak class cpw.mods.fml.relauncher.CoreModManager$FMLPluginWrapper
[19:46:07] [main/INFO]: Calling tweak class cpw.mods.fml.relauncher.CoreModManager$FMLPluginWrapper
[19:46:07] [main/INFO]: Calling tweak class cpw.mods.fml.relauncher.CoreModManager$FMLPluginWrapper
[19:46:07] [main/INFO]: Calling tweak class cpw.mods.fml.relauncher.CoreModManager$FMLPluginWrapper
[19:46:07] [main/INFO]: Calling tweak class cpw.mods.fml.relauncher.CoreModManager$FMLPluginWrapper
[19:46:07] [main/INFO]: Loaded library EJML-core-0.26.jar.
[19:46:07] [main/INFO]: Calling tweak class cpw.mods.fml.relauncher.CoreModManager$FMLPluginWrapper
[19:46:07] [main/INFO]: Calling tweak class cpw.mods.fml.relauncher.CoreModManager$FMLPluginWrapper
[19:46:07] [main/INFO]: Calling tweak class cpw.mods.fml.relauncher.CoreModManager$FMLPluginWrapper
[19:46:07] [main/INFO]: Calling tweak class cpw.mods.fml.relauncher.CoreModManager$FMLPluginWrapper
[19:46:07] [main/INFO]: Injecting Data ...
[19:46:07] [main/INFO]: Calling tweak class cpw.mods.fml.common.launcher.FMLDeobfTweaker
[19:46:07] [main/INFO]: Loading tweak class name cpw.mods.fml.common.launcher.TerminalTweaker
[19:46:07] [main/INFO]: Calling tweak class cpw.mods.fml.common.launcher.TerminalTweaker
[19:46:07] [main/INFO]: Launching wrapped minecraft {net.minecraft.server.MinecraftServer}
[19:46:09] [Server thread/INFO]: Starting minecraft server version 1.7.10
[19:46:09] [Server thread/INFO]: Attempting early MinecraftForge initialization
[19:46:09] [Server thread/INFO]: MinecraftForge v10.13.0.1206 Initialized
[19:46:09] [Server thread/INFO]: Replaced 182 ore recipies
[19:46:09] [Server thread/INFO]: Completed early MinecraftForge initialization
[19:46:09] [Server thread/INFO]: Searching I:\Minecraft 1.7.10 with Forge10.13.0.1206纯净版（附Cauldron开服器）\（开服器）Cauldron服务端\mods for mods
[19:46:09] [Server thread/INFO]: Also searching I:\Minecraft 1.7.10 with Forge10.13.0.1206纯净版（附Cauldron开服器）\（开服器）Cauldron服务端\mods\1.7.10 for mods
[19:46:10] [Server thread/INFO]: Forge Mod Loader has identified 12 mods to load
[19:46:10] [Server thread/INFO]: FML has found a non-mod file CodeChickenLib-1.7.10-1.1.1.99-universal.jar in your mods directory. It will now be injected into your classpath. This could severe stability issues, it should be removed if possible.
[19:46:10] [Server thread/INFO]: InvTweaks: net.minecraft.inventory.Container
[19:46:10] [Server thread/INFO]: Processing ObjectHolder annotations
[19:46:10] [Server thread/INFO]: Found 341 ObjectHolder annotations
[19:46:10] [Server thread/INFO]: Configured a dormant chunk cache size of 0
[19:46:34] [Server thread/WARN]: java.net.ConnectException: Connection timed out: connect
[19:46:34] [Server thread/WARN]: 	at java.net.TwoStacksPlainSocketImpl.socketConnect(Native Method)
[19:46:34] [Server thread/WARN]: 	at java.net.AbstractPlainSocketImpl.doConnect(Unknown Source)
[19:46:34] [Server thread/WARN]: 	at java.net.AbstractPlainSocketImpl.connectToAddress(Unknown Source)
[19:46:34] [Server thread/WARN]: 	at java.net.AbstractPlainSocketImpl.connect(Unknown Source)
[19:46:34] [Server thread/WARN]: 	at java.net.PlainSocketImpl.connect(Unknown Source)
[19:46:34] [Server thread/WARN]: 	at java.net.SocksSocketImpl.connect(Unknown Source)
[19:46:34] [Server thread/WARN]: 	at java.net.Socket.connect(Unknown Source)
[19:46:34] [Server thread/WARN]: 	at sun.security.ssl.SSLSocketImpl.connect(Unknown Source)
[19:46:34] [Server thread/WARN]: 	at sun.security.ssl.BaseSSLSocketImpl.connect(Unknown Source)
[19:46:34] [Server thread/WARN]: 	at sun.net.NetworkClient.doConnect(Unknown Source)
[19:46:34] [Server thread/WARN]: 	at sun.net.www.http.HttpClient.openServer(Unknown Source)
[19:46:34] [Server thread/WARN]: 	at sun.net.www.http.HttpClient.openServer(Unknown Source)
[19:46:34] [Server thread/WARN]: 	at sun.net.www.protocol.https.HttpsClient.<init>(Unknown Source)
[19:46:34] [Server thread/WARN]: 	at sun.net.www.protocol.https.HttpsClient.New(Unknown Source)
[19:46:34] [Server thread/WARN]: 	at sun.net.www.protocol.https.AbstractDelegateHttpsURLConnection.getNewHttpClient(Unknown Source)
[19:46:34] [Server thread/WARN]: 	at sun.net.www.protocol.http.HttpURLConnection.plainConnect(Unknown Source)
[19:46:34] [Server thread/WARN]: 	at sun.net.www.protocol.https.AbstractDelegateHttpsURLConnection.connect(Unknown Source)
[19:46:34] [Server thread/WARN]: 	at sun.net.www.protocol.http.HttpURLConnection.getInputStream(Unknown Source)
[19:46:34] [Server thread/WARN]: 	at sun.net.www.protocol.https.HttpsURLConnectionImpl.getInputStream(Unknown Source)
[19:46:34] [Server thread/WARN]: 	at java.net.URL.openStream(Unknown Source)
[19:46:34] [Server thread/WARN]: 	at ruby.bamboo.UpdateNotify.run(UpdateNotify.java:43)
[19:46:34] [Server thread/WARN]: 	at java.lang.Thread.run(Unknown Source)
[19:46:34] [Server thread/WARN]: 	at ruby.bamboo.BambooCore.preLoad(BambooCore.java:58)
[19:46:34] [Server thread/WARN]: 	at sun.reflect.NativeMethodAccessorImpl.invoke0(Native Method)
[19:46:34] [Server thread/WARN]: 	at sun.reflect.NativeMethodAccessorImpl.invoke(Unknown Source)
[19:46:34] [Server thread/WARN]: 	at sun.reflect.DelegatingMethodAccessorImpl.invoke(Unknown Source)
[19:46:34] [Server thread/WARN]: 	at java.lang.reflect.Method.invoke(Unknown Source)
[19:46:34] [Server thread/WARN]: 	at cpw.mods.fml.common.FMLModContainer.handleModStateEvent(FMLModContainer.java:513)
[19:46:34] [Server thread/WARN]: 	at sun.reflect.NativeMethodAccessorImpl.invoke0(Native Method)
[19:46:34] [Server thread/WARN]: 	at sun.reflect.NativeMethodAccessorImpl.invoke(Unknown Source)
[19:46:34] [Server thread/WARN]: 	at sun.reflect.DelegatingMethodAccessorImpl.invoke(Unknown Source)
[19:46:34] [Server thread/WARN]: 	at java.lang.reflect.Method.invoke(Unknown Source)
[19:46:34] [Server thread/WARN]: 	at com.google.common.eventbus.EventSubscriber.handleEvent(EventSubscriber.java:74)
[19:46:34] [Server thread/WARN]: 	at com.google.common.eventbus.SynchronizedEventSubscriber.handleEvent(SynchronizedEventSubscriber.java:47)
[19:46:34] [Server thread/WARN]: 	at com.google.common.eventbus.EventBus.dispatch(EventBus.java:322)
[19:46:34] [Server thread/WARN]: 	at com.google.common.eventbus.EventBus.dispatchQueuedEvents(EventBus.java:304)
[19:46:34] [Server thread/WARN]: 	at com.google.common.eventbus.EventBus.post(EventBus.java:275)
[19:46:34] [Server thread/WARN]: 	at cpw.mods.fml.common.LoadController.sendEventToModContainer(LoadController.java:208)
[19:46:34] [Server thread/WARN]: 	at cpw.mods.fml.common.LoadController.propogateStateMessage(LoadController.java:187)
[19:46:34] [Server thread/WARN]: 	at sun.reflect.NativeMethodAccessorImpl.invoke0(Native Method)
[19:46:34] [Server thread/WARN]: 	at sun.reflect.NativeMethodAccessorImpl.invoke(Unknown Source)
[19:46:34] [Server thread/WARN]: 	at sun.reflect.DelegatingMethodAccessorImpl.invoke(Unknown Source)
[19:46:34] [Server thread/WARN]: 	at java.lang.reflect.Method.invoke(Unknown Source)
[19:46:34] [Server thread/WARN]: 	at com.google.common.eventbus.EventSubscriber.handleEvent(EventSubscriber.java:74)
[19:46:34] [Server thread/WARN]: 	at com.google.common.eventbus.SynchronizedEventSubscriber.handleEvent(SynchronizedEventSubscriber.java:47)
[19:46:34] [Server thread/WARN]: 	at com.google.common.eventbus.EventBus.dispatch(EventBus.java:322)
[19:46:34] [Server thread/WARN]: 	at com.google.common.eventbus.EventBus.dispatchQueuedEvents(EventBus.java:304)
[19:46:34] [Server thread/WARN]: 	at com.google.common.eventbus.EventBus.post(EventBus.java:275)
[19:46:34] [Server thread/WARN]: 	at cpw.mods.fml.common.LoadController.distributeStateMessage(LoadController.java:118)
[19:46:34] [Server thread/WARN]: 	at cpw.mods.fml.common.Loader.preinitializeMods(Loader.java:513)
[19:46:34] [Server thread/WARN]: 	at cpw.mods.fml.server.FMLServerHandler.beginServerLoading(FMLServerHandler.java:88)
[19:46:34] [Server thread/WARN]: 	at cpw.mods.fml.common.FMLCommonHandler.onServerStart(FMLCommonHandler.java:317)
[19:46:34] [Server thread/WARN]: 	at net.minecraft.server.dedicated.DedicatedServer.func_71197_b(DedicatedServer.java:169)
[19:46:34] [Server thread/WARN]: 	at net.minecraft.server.MinecraftServer.run(MinecraftServer.java:624)
[19:46:34] [Server thread/WARN]: 	at java.lang.Thread.run(Unknown Source)
[19:46:35] [Server thread/INFO]: Applying holder lookups
[19:46:35] [Server thread/INFO]: Holder lookups applied
[19:46:35] [Server thread/INFO]: Loading properties
[19:46:35] [Server thread/INFO]: Default game type: SURVIVAL
[19:46:35] [Server thread/INFO]: This server is running Cauldron-MCPC-Plus version git-Cauldron-MCPC-Plus-1.7.10-1.1206.01.170 (MC: 1.7.10) (Implementing API version 1.7.10-R0.1-SNAPSHOT)
[19:46:35] [Server thread/INFO]: Server Ping Player Sample Count: 12
[19:46:35] [Server thread/WARN]: =============================================================
[19:46:35] [Server thread/WARN]: MOD HAS DIRECT REFERENCE System.exit() THIS IS NOT ALLOWED REROUTING TO FMLCommonHandler!
[19:46:35] [Server thread/WARN]: Offendor: org/spigotmc/RestartCommand.restart()V
[19:46:35] [Server thread/WARN]: =============================================================
[19:46:35] [Server thread/INFO]: Using 4 threads for Netty based IO
[19:46:35] [Server thread/INFO]: Generating keypair
[19:46:36] [Server thread/INFO]: Starting Minecraft server on *:25563
[19:46:36] [Server thread/WARN]: **** SERVER IS RUNNING IN OFFLINE/INSECURE MODE!
[19:46:36] [Server thread/WARN]: The server will make no attempt to authenticate usernames. Beware.
[19:46:36] [Server thread/WARN]: While this makes the game possible to play without internet access, it also opens up the ability for hackers to connect with any username they choose.
[19:46:36] [Server thread/WARN]: To change this, set "online-mode" to "true" in the server.properties file.
[19:46:36] [Server thread/INFO]: InvTweaks: net.minecraft.inventory.ContainerEnchantment
[19:46:36] [Server thread/INFO]: Successfully loaded 267 out of 267 recipes for shaped recipes
[19:46:36] [Server thread/INFO]: Successfully loaded 76 out of 76 recipes for shapeless recipes
[19:46:36] [Server thread/INFO]: Successfully loaded 5 out of 5 recipes for blast furnace recipes
[19:46:36] [Server thread/INFO]: Successfully loaded 17 out of 17 recipes for block cutter recipes
[19:46:36] [Server thread/INFO]: Successfully loaded 48 out of 48 recipes for compressor recipes
[19:46:36] [Server thread/INFO]: Successfully loaded 12 out of 12 recipes for extractor recipes
[19:46:36] [Server thread/INFO]: Successfully loaded 64 out of 64 recipes for macerator recipes
[19:46:36] [Server thread/INFO]: Successfully loaded 4 out of 4 recipes for metal former cutting recipes
[19:46:36] [Server thread/INFO]: Successfully loaded 10 out of 10 recipes for metal former extruding recipes
[19:46:36] [Server thread/INFO]: Successfully loaded 14 out of 14 recipes for metal former rolling recipes
[19:46:36] [Server thread/INFO]: Successfully loaded 8 out of 8 recipes for ore washing recipes
[19:46:36] [Server thread/INFO]: Successfully loaded 25 out of 25 recipes for thermal centrifuge recipes
[19:46:36] [Server thread/INFO]: Loading predefined UU world scan values, run /ic2 uu-world-scan <small|medium|large> to calibrate them for your world.
[19:46:36] [Server thread/WARN]: UU world-scan config: Can't find ItemStack for BuildCraft|Core:eternalSpring, ignoring the entry in line 88.
[19:46:36] [Server thread/WARN]: UU world-scan config: Can't find ItemStack for BuildCraft|Core:eternalSpring@1, ignoring the entry in line 109.
[19:46:36] [Server thread/INFO]: IC2 version 2.2.810-experimental loaded.
[19:46:36] [Server thread/INFO]: Forge Mod Loader has successfully loaded 12 mods
[19:46:36] [Server thread/INFO]: Preparing level "skarn"
[19:46:36] [Server thread/INFO]: Registered command debug with permission node vanilla.command.debug
[19:46:36] [Server thread/INFO]: Registered command spreadplayers with permission node vanilla.command.spreadplayers
[19:46:36] [Server thread/INFO]: Registered command playsound with permission node vanilla.command.playsound
[19:46:36] [Server thread/INFO]: Registered command scoreboard with permission node vanilla.command.scoreboard
[19:46:36] [Server thread/INFO]: Registered command achievement with permission node vanilla.command.achievement
[19:46:36] [Server thread/INFO]: Registered command summon with permission node vanilla.command.summon
[19:46:36] [Server thread/INFO]: Registered command setblock with permission node vanilla.command.setblock
[19:46:36] [Server thread/INFO]: Registered command testforblock with permission node vanilla.command.testforblock
[19:46:36] [Server thread/INFO]: Registered command tellraw with permission node vanilla.command.tellraw
[19:46:36] [Server thread/INFO]: Registered command netstat with permission node vanilla.command.netstat
[19:46:36] [Server thread/INFO]: Injecting existing block and item data into this server instance
[19:46:36] [Server thread/INFO]: Applying holder lookups
[19:46:36] [Server thread/INFO]: Holder lookups applied
[19:46:36] [Server thread/INFO]: Injected new Forge block material TWILIGHTFOREST_TILE_TFLOG with ID 165.
[19:46:36] [Server thread/INFO]: Injected new Forge block material TWILIGHTFOREST_TILE_TFROOTS with ID 166.
[19:46:36] [Server thread/INFO]: Injected new Forge block material TWILIGHTFOREST_TILE_TFLEAVES with ID 167.
[19:46:36] [Server thread/INFO]: Injected new Forge block material TWILIGHTFOREST_TILE_TFFIREFLY with ID 168.
[19:46:36] [Server thread/INFO]: Injected new Forge block material TWILIGHTFOREST_TILE_TFCICADA with ID 169.
[19:46:36] [Server thread/INFO]: Injected new Forge block material TWILIGHTFOREST_TILE_TFPORTAL with ID 176.
[19:46:36] [Server thread/INFO]: Injected new Forge block material TWILIGHTFOREST_TILE_TFMAZESTONE with ID 177.
[19:46:36] [Server thread/INFO]: Injected new Forge block material TWILIGHTFOREST_TILE_TFHEDGE with ID 178.
[19:46:36] [Server thread/INFO]: Injected new Forge block material TWILIGHTFOREST_TILE_TFBOSSSPAWNER with ID 179.
[19:46:36] [Server thread/INFO]: Injected new Forge block material TWILIGHTFOREST_TILE_TFFIREFLYJAR with ID 180.
[19:46:36] [Server thread/INFO]: Injected new Forge block material TWILIGHTFOREST_TILE_TFPLANT with ID 181.
[19:46:36] [Server thread/INFO]: Injected new Forge block material TWILIGHTFOREST_TILE_TFUNCRAFTINGTABLE with ID 182.
[19:46:36] [Server thread/INFO]: Injected new Forge block material TWILIGHTFOREST_TILE_TFFIREJET with ID 183.
[19:46:36] [Server thread/INFO]: Injected new Forge block material TWILIGHTFOREST_TILE_TFNAGASTONE with ID 184.
[19:46:36] [Server thread/INFO]: Injected new Forge block material TWILIGHTFOREST_TILE_TFSAPLING with ID 185.
[19:46:36] [Server thread/INFO]: Injected new Forge block material TWILIGHTFOREST_TILE_TFMOONWORM with ID 186.
[19:46:36] [Server thread/INFO]: Injected new Forge block material TWILIGHTFOREST_TILE_TFMAGICLOG with ID 187.
[19:46:36] [Server thread/INFO]: Injected new Forge block material TWILIGHTFOREST_TILE_TFMAGICLEAVES with ID 188.
[19:46:36] [Server thread/INFO]: Injected new Forge block material TWILIGHTFOREST_TILE_TFMAGICLOGSPECIAL with ID 189.
[19:46:36] [Server thread/INFO]: Injected new Forge block material TWILIGHTFOREST_TILE_TFTOWERSTONE with ID 190.
[19:46:36] [Server thread/INFO]: Injected new Forge block material TWILIGHTFOREST_TILE_TFTOWERDEVICE with ID 191.
[19:46:36] [Server thread/INFO]: Injected new Forge block material TWILIGHTFOREST_TILE_TFTOWERTRANSLUCENT with ID 192.
[19:46:36] [Server thread/INFO]: Injected new Forge block material TWILIGHTFOREST_TILE_TFTROPHY with ID 193.
[19:46:36] [Server thread/INFO]: Injected new Forge block material TWILIGHTFOREST_TILE_TFSHIELD with ID 194.
[19:46:36] [Server thread/INFO]: Injected new Forge block material TWILIGHTFOREST_TILE_TFTROPHYPEDESTAL with ID 195.
[19:46:36] [Server thread/INFO]: Injected new Forge block material TWILIGHTFOREST_TILE_TFAURORABRICK with ID 196.
[19:46:36] [Server thread/INFO]: Injected new Forge block material TWILIGHTFOREST_TILE_TFUNDERBRICK with ID 197.
[19:46:36] [Server thread/INFO]: Injected new Forge block material TWILIGHTFOREST_TILE_TFTHORNS with ID 198.
[19:46:36] [Server thread/INFO]: Injected new Forge block material TWILIGHTFOREST_TILE_TFBURNTTHORNS with ID 199.
[19:46:36] [Server thread/INFO]: Injected new Forge block material TWILIGHTFOREST_TILE_TFTHORNROSE with ID 200.
[19:46:36] [Server thread/INFO]: Injected new Forge block material TWILIGHTFOREST_TILE_TFLEAVES3 with ID 201.
[19:46:36] [Server thread/INFO]: Injected new Forge block material TWILIGHTFOREST_TILE_TFDEADROCK with ID 202.
[19:46:36] [Server thread/INFO]: Injected new Forge block material TWILIGHTFOREST_TILE_DARKLEAVES with ID 203.
[19:46:36] [Server thread/INFO]: Injected new Forge block material TWILIGHTFOREST_TILE_AURORAPILLAR with ID 204.
[19:46:36] [Server thread/INFO]: Injected new Forge block material TWILIGHTFOREST_TILE_AURORASLAB with ID 205.
[19:46:36] [Server thread/INFO]: Injected new Forge block material TWILIGHTFOREST_TILE_AURORADOUBLESLAB with ID 206.
[19:46:36] [Server thread/INFO]: Injected new Forge block material TWILIGHTFOREST_TILE_TROLLSTEINN with ID 207.
[19:46:36] [Server thread/INFO]: Injected new Forge block material TWILIGHTFOREST_TILE_WISPYCLOUD with ID 208.
[19:46:36] [Server thread/INFO]: Injected new Forge block material TWILIGHTFOREST_TILE_FLUFFYCLOUD with ID 209.
[19:46:36] [Server thread/INFO]: Injected new Forge block material TWILIGHTFOREST_TILE_GIANTCOBBLE with ID 210.
[19:46:36] [Server thread/INFO]: Injected new Forge block material TWILIGHTFOREST_TILE_GIANTLOG with ID 211.
[19:46:36] [Server thread/INFO]: Injected new Forge block material TWILIGHTFOREST_TILE_GIANTLEAVES with ID 212.
[19:46:36] [Server thread/INFO]: Injected new Forge block material TWILIGHTFOREST_TILE_GIANTOBSIDIAN with ID 213.
[19:46:36] [Server thread/INFO]: Injected new Forge block material TWILIGHTFOREST_TILE_UBEROUSSOIL with ID 214.
[19:46:36] [Server thread/INFO]: Injected new Forge block material TWILIGHTFOREST_TILE_HUGESTALK with ID 215.
[19:46:36] [Server thread/INFO]: Injected new Forge block material TWILIGHTFOREST_TILE_HUGEGLOOMBLOCK with ID 216.
[19:46:36] [Server thread/INFO]: Injected new Forge block material TWILIGHTFOREST_TILE_TROLLVIDR with ID 217.
[19:46:36] [Server thread/INFO]: Injected new Forge block material TWILIGHTFOREST_TILE_UNRIPETROLLBER with ID 218.
[19:46:36] [Server thread/INFO]: Injected new Forge block material TWILIGHTFOREST_TILE_TROLLBER with ID 219.
[19:46:36] [Server thread/INFO]: Injected new Forge block material BAMBOOMOD_SAKURALEAVES with ID 220.
[19:46:36] [Server thread/INFO]: Injected new Forge block material BAMBOOMOD_CAMPFIRE with ID 221.
[19:46:36] [Server thread/INFO]: Injected new Forge block material BAMBOOMOD_KAYABUKIROOF with ID 222.
[19:46:36] [Server thread/INFO]: Injected new Forge block material BAMBOOMOD_DIRSQUARE with ID 223.
[19:46:36] [Server thread/INFO]: Injected new Forge block material BAMBOOMOD_SAKURASAPLING with ID 224.
[19:46:36] [Server thread/INFO]: Injected new Forge block material BAMBOOMOD_BAMBOOLIANGTHICK with ID 225.
[19:46:36] [Server thread/INFO]: Injected new Forge block material BAMBOOMOD_KITUNEBI with ID 226.
[19:46:36] [Server thread/INFO]: Injected new Forge block material BAMBOOMOD_WARA_STAIR with ID 227.
[19:46:36] [Server thread/INFO]: Injected new Forge block material BAMBOOMOD_THINSAKURAPILLAR with ID 228.
[19:46:36] [Server thread/INFO]: Injected new Forge block material BAMBOOMOD_BAMBOOMULTIPOT with ID 229.
[19:46:36] [Server thread/INFO]: Injected new Forge block material BAMBOOMOD_BLOCKBAMBOOSHOOT with ID 230.
[19:46:36] [Server thread/INFO]: Injected new Forge block material BAMBOOMOD_SAKURACARPET with ID 231.
[19:46:36] [Server thread/INFO]: Injected new Forge block material BAMBOOMOD_BAMBOOLIANGVLOGTHIN with ID 232.
[19:46:36] [Server thread/INFO]: Injected new Forge block material BAMBOOMOD_THINSPRUCEPILLAR with ID 233.
[19:46:36] [Server thread/INFO]: Injected new Forge block material BAMBOOMOD_BAMBOOMOSS with ID 234.
[19:46:36] [Server thread/INFO]: Injected new Forge block material BAMBOOMOD_SINGLETEXDECO with ID 235.
[19:46:36] [Server thread/INFO]: Injected new Forge block material BAMBOOMOD_DELUDE_WIDTH with ID 236.
[19:46:36] [Server thread/INFO]: Injected new Forge block material BAMBOOMOD_THICKSPRUCEPILLAR with ID 237.
[19:46:36] [Server thread/INFO]: Injected new Forge block material BAMBOOMOD_BAMBOO with ID 238.
[19:46:36] [Server thread/INFO]: Injected new Forge block material BAMBOOMOD_DELUDE_PLATE with ID 239.
[19:46:36] [Server thread/INFO]: Injected new Forge block material BAMBOOMOD_MANEKI with ID 240.
[19:46:36] [Server thread/INFO]: Injected new Forge block material BAMBOOMOD_SPAWATER with ID 241.
[19:46:36] [Server thread/INFO]: Injected new Forge block material BAMBOOMOD_DECO with ID 242.
[19:46:36] [Server thread/INFO]: Injected new Forge block material BAMBOOMOD_BAMBOOLIANGTHIN with ID 243.
[19:46:36] [Server thread/INFO]: Injected new Forge block material BAMBOOMOD_CROSSLAMP with ID 244.
[19:46:36] [Server thread/INFO]: Injected new Forge block material BAMBOOMOD_BAMBOOLIANGVWOODTHICK with ID 245.
[19:46:36] [Server thread/INFO]: Injected new Forge block material BAMBOOMOD_HALFDECO with ID 246.
[19:46:36] [Server thread/INFO]: Injected new Forge block material BAMBOOMOD_BAMBOOMILLSTONE with ID 247.
[19:46:36] [Server thread/INFO]: Injected new Forge block material BAMBOOMOD_BEANPLANT with ID 248.
[19:46:36] [Server thread/INFO]: Injected new Forge block material BAMBOOMOD_VILLAGERBLOCK with ID 249.
[19:46:36] [Server thread/INFO]: Injected new Forge block material BAMBOOMOD_THICKSAKURAPILLAR with ID 250.
[19:46:36] [Server thread/INFO]: Injected new Forge block material BAMBOOMOD_DECOPLASTER with ID 251.
[19:46:36] [Server thread/INFO]: Injected new Forge block material BAMBOOMOD_BAMBOO2 with ID 252.
[19:46:36] [Server thread/INFO]: Injected new Forge block material BAMBOOMOD_THINBIRCHPILLAR with ID 253.
[19:46:36] [Server thread/INFO]: Injected new Forge block material BAMBOOMOD_ANDON with ID 254.
[19:46:36] [Server thread/INFO]: Injected new Forge block material BAMBOOMOD_ALPHAMULTIBLOCK with ID 255.
[19:46:36] [Server thread/INFO]: Injected new Forge block material BAMBOOMOD_HALFTWODIRDECO with ID 409.
[19:46:36] [Server thread/INFO]: Injected new Forge block material BAMBOOMOD_JPCHEST with ID 410.
[19:46:36] [Server thread/INFO]: Injected new Forge block material BAMBOOMOD_BAMBOOLIANGVWOODTHIN with ID 411.
[19:46:36] [Server thread/INFO]: Injected new Forge block material BAMBOOMOD_DECOCARPET with ID 412.
[19:46:36] [Server thread/INFO]: Injected new Forge block material BAMBOOMOD_SAKURALOG with ID 413.
[19:46:36] [Server thread/INFO]: Injected new Forge block material BAMBOOMOD_DELUDE_HEIGHT with ID 414.
[19:46:36] [Server thread/INFO]: Injected new Forge block material BAMBOOMOD_KAWARA_STAIR with ID 415.
[19:46:36] [Server thread/INFO]: Injected new Forge block material BAMBOOMOD_BAMBOOPANEL with ID 416.
[19:46:36] [Server thread/INFO]: Injected new Forge block material BAMBOOMOD_SEAWEED with ID 423.
[19:46:36] [Server thread/INFO]: Injected new Forge block material BAMBOOMOD_HALFDIRSQUARE with ID 424.
[19:46:36] [Server thread/INFO]: Injected new Forge block material BAMBOOMOD_TOMATOPLANT with ID 425.
[19:46:36] [Server thread/INFO]: Injected new Forge block material BAMBOOMOD_DECODCURVEPLASTER with ID 426.
[19:46:36] [Server thread/INFO]: Injected new Forge block material BAMBOOMOD_BAMBOOHUTON with ID 427.
[19:46:36] [Server thread/INFO]: Injected new Forge block material BAMBOOMOD_TWODIRDECO with ID 428.
[19:46:36] [Server thread/INFO]: Injected new Forge block material BAMBOOMOD_RICEPLANT with ID 429.
[19:46:36] [Server thread/INFO]: Injected new Forge block material BAMBOOMOD_DELUDE_STAIR with ID 430.
[19:46:36] [Server thread/INFO]: Injected new Forge block material BAMBOOMOD_BAMBOOLIANGVLOG2THICK with ID 431.
[19:46:36] [Server thread/INFO]: Injected new Forge block material BAMBOOMOD_BAMBOOSINGLE with ID 432.
[19:46:36] [Server thread/INFO]: Injected new Forge block material BAMBOOMOD_BLOBKBROOM with ID 433.
[19:46:36] [Server thread/INFO]: Injected new Forge block material BAMBOOMOD_THICKBIRCHPILLAR with ID 434.
[19:46:36] [Server thread/INFO]: Injected new Forge block material BAMBOOMOD_DECOCURVEPLASTER with ID 435.
[19:46:36] [Server thread/INFO]: Injected new Forge block material BAMBOOMOD_BAMBOOMULTIBLOCK with ID 436.
[19:46:36] [Server thread/INFO]: Injected new Forge block material BAMBOOMOD_SPAUNIT with ID 437.
[19:46:36] [Server thread/INFO]: Injected new Forge block material BAMBOOMOD_BAMBOOLIANGVLOGTHICK with ID 438.
[19:46:36] [Server thread/INFO]: Injected new Forge block material BAMBOOMOD_THINORCPILLAR with ID 439.
[19:46:36] [Server thread/INFO]: Injected new Forge block material BAMBOOMOD_BAMBOOLIANGVLOG2THIN with ID 440.
[19:46:36] [Server thread/INFO]: Injected new Forge block material BAMBOOMOD_THICKORCPILLAR with ID 441.
[19:46:36] [Server thread/INFO]: Injected new Forge block material IRONCHEST_BLOCKIRONCHEST with ID 442.
[19:46:36] [Server thread/INFO]: Injected new Forge block material IC2_BLOCKREACTORACCESSHATCH with ID 443.
[19:46:36] [Server thread/INFO]: Injected new Forge block material IC2_FLUIDUUMATTER with ID 444.
[19:46:36] [Server thread/INFO]: Injected new Forge block material IC2_BLOCKHEATGENERATOR with ID 445.
[19:46:36] [Server thread/INFO]: Injected new Forge block material IC2_BLOCKFOAM with ID 446.
[19:46:36] [Server thread/INFO]: Injected new Forge block material IC2_BLOCKALLOY with ID 447.
[19:46:36] [Server thread/INFO]: Injected new Forge block material IC2_BLOCKLUMINATOR with ID 448.
[19:46:36] [Server thread/INFO]: Injected new Forge block material IC2_BLOCKRUBWOOD with ID 449.
[19:46:36] [Server thread/INFO]: Injected new Forge block material IC2_BLOCKRUBBER with ID 450.
[19:46:36] [Server thread/INFO]: Injected new Forge block material IC2_FLUIDSTEAM with ID 451.
[19:46:36] [Server thread/INFO]: Injected new Forge block material IC2_BLOCKREACTORCHAMBER with ID 452.
[19:46:36] [Server thread/INFO]: Injected new Forge block material IC2_FLUIDDISTILLEDWATER with ID 453.
[19:46:36] [Server thread/INFO]: Injected new Forge block material IC2_BLOCKITNT with ID 454.
[19:46:36] [Server thread/INFO]: Injected new Forge block material IC2_BLOCKORETIN with ID 455.
[19:46:36] [Server thread/INFO]: Injected new Forge block material IC2_BLOCKORECOPPER with ID 456.
[19:46:36] [Server thread/INFO]: Injected new Forge block material IC2_BLOCKELECTRIC with ID 457.
[19:46:36] [Server thread/INFO]: Injected new Forge block material IC2_BLOCKCHARGEPAD with ID 458.
[19:46:36] [Server thread/INFO]: Injected new Forge block material IC2_FLUIDCOOLANT with ID 459.
[19:46:36] [Server thread/INFO]: Injected new Forge block material IC2_BLOCKOREURAN with ID 460.
[19:46:36] [Server thread/INFO]: Injected new Forge block material IC2_BLOCKDYNAMITEREMOTE with ID 461.
[19:46:36] [Server thread/INFO]: Injected new Forge block material IC2_BLOCKCROP with ID 462.
[19:46:36] [Server thread/INFO]: Injected new Forge block material IC2_BLOCKKINETICGENERATOR with ID 463.
[19:46:36] [Server thread/INFO]: Injected new Forge block material IC2_BLOCKREACTORREDSTONEPORT with ID 464.
[19:46:36] [Server thread/INFO]: Injected new Forge block material IC2_BLOCKCABLE with ID 465.
[19:46:36] [Server thread/INFO]: Injected new Forge block material IC2_BLOCKWALL with ID 466.
[19:46:36] [Server thread/INFO]: Injected new Forge block material IC2_BLOCKSCAFFOLD with ID 467.
[19:46:36] [Server thread/INFO]: Injected new Forge block material IC2_BLOCKIRONSCAFFOLD with ID 468.
[19:46:36] [Server thread/INFO]: Injected new Forge block material IC2_BLOCKLUMINATORDARK with ID 469.
[19:46:36] [Server thread/INFO]: Injected new Forge block material IC2_BLOCKRUBSAPLING with ID 470.
[19:46:36] [Server thread/INFO]: Injected new Forge block material IC2_BLOCKFENCEIRON with ID 471.
[19:46:36] [Server thread/INFO]: Injected new Forge block material IC2_FLUIDPAHOEHOELAVA with ID 472.
[19:46:36] [Server thread/INFO]: Injected new Forge block material IC2_FLUIDSUPERHEATEDSTEAM with ID 473.
[19:46:36] [Server thread/INFO]: Injected new Forge block material IC2_BLOCKMETAL with ID 474.
[19:46:36] [Server thread/INFO]: Injected new Forge block material IC2_FLUIDBIOMASS with ID 475.
[19:46:36] [Server thread/INFO]: Injected new Forge block material IC2_BLOCKRUBLEAVES with ID 476.
[19:46:36] [Server thread/INFO]: Injected new Forge block material IC2_BLOCKMACHINE with ID 477.
[19:46:36] [Server thread/INFO]: Injected new Forge block material IC2_BLOCKREINFORCEDFOAM with ID 478.
[19:46:36] [Server thread/INFO]: Injected new Forge block material IC2_BLOCKALLOYGLASS with ID 479.
[19:46:36] [Server thread/INFO]: Injected new Forge block material IC2_FLUIDHOTCOOLANT with ID 480.
[19:46:36] [Server thread/INFO]: Injected new Forge block material IC2_BLOCKPERSONAL with ID 481.
[19:46:36] [Server thread/INFO]: Injected new Forge block material IC2_BLOCKMININGPIPE with ID 482.
[19:46:36] [Server thread/INFO]: Injected new Forge block material IC2_BLOCKBARREL with ID 483.
[19:46:36] [Server thread/INFO]: Injected new Forge block material IC2_FLUIDBIOGAS with ID 484.
[19:46:36] [Server thread/INFO]: Injected new Forge block material IC2_BLOCKHARZ with ID 485.
[19:46:36] [Server thread/INFO]: Injected new Forge block material IC2_BLOCKREACTORVESSEL with ID 486.
[19:46:36] [Server thread/INFO]: Injected new Forge block material IC2_BLOCKREACTORFLUIDPORT with ID 487.
[19:46:36] [Server thread/INFO]: Injected new Forge block material IC2_FLUIDCONSTRUCTIONFOAM with ID 488.
[19:46:36] [Server thread/INFO]: Injected new Forge block material IC2_BLOCKDYNAMITE with ID 489.
[19:46:36] [Server thread/INFO]: Injected new Forge block material IC2_BLOCKORELEAD with ID 490.
[19:46:36] [Server thread/INFO]: Injected new Forge block material IC2_FLUIDHOTWATER with ID 491.
[19:46:36] [Server thread/INFO]: Injected new Forge block material IC2_BLOCKBASALT with ID 492.
[19:46:36] [Server thread/INFO]: Injected new Forge block material IC2_BLOCKMACHINE3 with ID 493.
[19:46:36] [Server thread/INFO]: Injected new Forge block material IC2_BLOCKMACHINE2 with ID 494.
[19:46:36] [Server thread/INFO]: Injected new Forge block material IC2_BLOCKMININGTIP with ID 495.
[19:46:36] [Server thread/INFO]: Injected new Forge block material IC2_BLOCKDOORALLOY with ID 496.
[19:46:36] [Server thread/INFO]: Injected new Forge block material IC2_BLOCKGENERATOR with ID 497.
[19:46:36] [Server thread/INFO]: Injected new Forge block material IC2_BLOCKNUKE with ID 498.
[19:46:36] [Server thread/INFO]: Injected new Forge item material TWILIGHTFOREST_ITEM_NAGASCALE with ID 4096.
[19:46:36] [Server thread/INFO]: Injected new Forge item material TWILIGHTFOREST_ITEM_PLATENAGA with ID 4097.
[19:46:36] [Server thread/INFO]: Injected new Forge item material TWILIGHTFOREST_ITEM_LEGSNAGA with ID 4098.
[19:46:36] [Server thread/INFO]: Injected new Forge item material TWILIGHTFOREST_ITEM_SCEPTERTWILIGHT with ID 4099.
[19:46:36] [Server thread/INFO]: Injected new Forge item material TWILIGHTFOREST_ITEM_SCEPTERLIFEDRAIN with ID 4100.
[19:46:36] [Server thread/INFO]: Injected new Forge item material TWILIGHTFOREST_ITEM_SCEPTERZOMBIE with ID 4101.
[19:46:36] [Server thread/INFO]: Injected new Forge item material TWILIGHTFOREST_ITEM_OREMETER with ID 4102.
[19:46:36] [Server thread/INFO]: Injected new Forge item material TWILIGHTFOREST_ITEM_MAGICMAP with ID 4103.
[19:46:36] [Server thread/INFO]: Injected new Forge item material TWILIGHTFOREST_ITEM_MAZEMAP with ID 4104.
[19:46:36] [Server thread/INFO]: Injected new Forge item material TWILIGHTFOREST_ITEM_OREMAP with ID 4105.
[19:46:36] [Server thread/INFO]: Injected new Forge item material TWILIGHTFOREST_ITEM_TFFEATHER with ID 4106.
[19:46:36] [Server thread/INFO]: Injected new Forge item material TWILIGHTFOREST_ITEM_MAGICMAPFOCUS with ID 4107.
[19:46:36] [Server thread/INFO]: Injected new Forge item material TWILIGHTFOREST_ITEM_MAZEMAPFOCUS with ID 4108.
[19:46:36] [Server thread/INFO]: Injected new Forge item material TWILIGHTFOREST_ITEM_LIVEROOT with ID 4109.
[19:46:36] [Server thread/INFO]: Injected new Forge item material TWILIGHTFOREST_ITEM_IRONWOODRAW with ID 4110.
[19:46:36] [Server thread/INFO]: Injected new Forge item material TWILIGHTFOREST_ITEM_IRONWOODINGOT with ID 4111.
[19:46:36] [Server thread/INFO]: Injected new Forge item material TWILIGHTFOREST_ITEM_IRONWOODHELM with ID 4112.
[19:46:36] [Server thread/INFO]: Injected new Forge item material TWILIGHTFOREST_ITEM_IRONWOODPLATE with ID 4113.
[19:46:36] [Server thread/INFO]: Injected new Forge item material TWILIGHTFOREST_ITEM_IRONWOODLEGS with ID 4114.
[19:46:36] [Server thread/INFO]: Injected new Forge item material TWILIGHTFOREST_ITEM_IRONWOODBOOTS with ID 4115.
[19:46:36] [Server thread/INFO]: Injected new Forge item material TWILIGHTFOREST_ITEM_IRONWOODSWORD with ID 4116.
[19:46:36] [Server thread/INFO]: Injected new Forge item material TWILIGHTFOREST_ITEM_IRONWOODSHOVEL with ID 4117.
[19:46:36] [Server thread/INFO]: Injected new Forge item material TWILIGHTFOREST_ITEM_IRONWOODPICK with ID 4118.
[19:46:36] [Server thread/INFO]: Injected new Forge item material TWILIGHTFOREST_ITEM_IRONWOODAXE with ID 4119.
[19:46:36] [Server thread/INFO]: Injected new Forge item material TWILIGHTFOREST_ITEM_IRONWOODHOE with ID 4120.
[19:46:36] [Server thread/INFO]: Injected new Forge item material TWILIGHTFOREST_ITEM_TORCHBERRIES with ID 4121.
[19:46:36] [Server thread/INFO]: Injected new Forge item material TWILIGHTFOREST_ITEM_VENISONRAW with ID 4122.
[19:46:36] [Server thread/INFO]: Injected new Forge item material TWILIGHTFOREST_ITEM_VENISONCOOKED with ID 4123.
[19:46:36] [Server thread/INFO]: Injected new Forge item material TWILIGHTFOREST_ITEM_HYDRACHOP with ID 4124.
[19:46:36] [Server thread/INFO]: Injected new Forge item material TWILIGHTFOREST_ITEM_FIERYBLOOD with ID 4125.
[19:46:36] [Server thread/INFO]: Injected new Forge item material TWILIGHTFOREST_ITEM_TROPHY with ID 4126.
[19:46:36] [Server thread/INFO]: Injected new Forge item material TWILIGHTFOREST_ITEM_FIERYINGOT with ID 4127.
[19:46:36] [Server thread/INFO]: Injected new Forge item material TWILIGHTFOREST_ITEM_FIERYHELM with ID 4128.
[19:46:36] [Server thread/INFO]: Injected new Forge item material TWILIGHTFOREST_ITEM_FIERYPLATE with ID 4129.
[19:46:36] [Server thread/INFO]: Injected new Forge item material TWILIGHTFOREST_ITEM_FIERYLEGS with ID 4130.
[19:46:36] [Server thread/INFO]: Injected new Forge item material TWILIGHTFOREST_ITEM_FIERYBOOTS with ID 4131.
[19:46:36] [Server thread/INFO]: Injected new Forge item material TWILIGHTFOREST_ITEM_FIERYSWORD with ID 4132.
[19:46:36] [Server thread/INFO]: Injected new Forge item material TWILIGHTFOREST_ITEM_FIERYPICK with ID 4133.
[19:46:36] [Server thread/INFO]: Injected new Forge item material TWILIGHTFOREST_ITEM_STEELEAFINGOT with ID 4134.
[19:46:36] [Server thread/INFO]: Injected new Forge item material TWILIGHTFOREST_ITEM_STEELEAFHELM with ID 4135.
[19:46:36] [Server thread/INFO]: Injected new Forge item material TWILIGHTFOREST_ITEM_STEELEAFPLATE with ID 4136.
[19:46:36] [Server thread/INFO]: Injected new Forge item material TWILIGHTFOREST_ITEM_STEELEAFLEGS with ID 4137.
[19:46:36] [Server thread/INFO]: Injected new Forge item material TWILIGHTFOREST_ITEM_STEELEAFBOOTS with ID 4138.
[19:46:36] [Server thread/INFO]: Injected new Forge item material TWILIGHTFOREST_ITEM_STEELEAFSWORD with ID 4139.
[19:46:36] [Server thread/INFO]: Injected new Forge item material TWILIGHTFOREST_ITEM_STEELEAFSHOVEL with ID 4140.
[19:46:36] [Server thread/INFO]: Injected new Forge item material TWILIGHTFOREST_ITEM_STEELEAFPICK with ID 4141.
[19:46:36] [Server thread/INFO]: Injected new Forge item material TWILIGHTFOREST_ITEM_STEELEAFAXE with ID 4142.
[19:46:36] [Server thread/INFO]: Injected new Forge item material TWILIGHTFOREST_ITEM_STEELEAFHOE with ID 4143.
[19:46:36] [Server thread/INFO]: Injected new Forge item material TWILIGHTFOREST_ITEM_MINOTAURAXE with ID 4144.
[19:46:36] [Server thread/INFO]: Injected new Forge item material TWILIGHTFOREST_ITEM_MAZEBREAKERPICK with ID 4145.
[19:46:36] [Server thread/INFO]: Injected new Forge item material TWILIGHTFOREST_ITEM_TRANSFORMPOWDER with ID 4146.
[19:46:36] [Server thread/INFO]: Injected new Forge item material TWILIGHTFOREST_ITEM_MEEFRAW with ID 4147.
[19:46:36] [Server thread/INFO]: Injected new Forge item material TWILIGHTFOREST_ITEM_MEEFSTEAK with ID 4148.
[19:46:36] [Server thread/INFO]: Injected new Forge item material TWILIGHTFOREST_ITEM_MEEFSTROGANOFF with ID 4149.
[19:46:36] [Server thread/INFO]: Injected new Forge item material TWILIGHTFOREST_ITEM_MAZEWAFER with ID 4150.
[19:46:36] [Server thread/INFO]: Injected new Forge item material TWILIGHTFOREST_ITEM_EMPTYMAGICMAP with ID 4151.
[19:46:36] [Server thread/INFO]: Injected new Forge item material TWILIGHTFOREST_ITEM_EMPTYMAZEMAP with ID 4152.
[19:46:36] [Server thread/INFO]: Injected new Forge item material TWILIGHTFOREST_ITEM_EMPTYOREMAP with ID 4153.
[19:46:36] [Server thread/INFO]: Injected new Forge item material TWILIGHTFOREST_ITEM_OREMAGNET with ID 4154.
[19:46:36] [Server thread/INFO]: Injected new Forge item material TWILIGHTFOREST_ITEM_CRUMBLEHORN with ID 4155.
[19:46:36] [Server thread/INFO]: Injected new Forge item material TWILIGHTFOREST_ITEM_PEACOCKFAN with ID 4156.
[19:46:36] [Server thread/INFO]: Injected new Forge item material TWILIGHTFOREST_ITEM_MOONWORMQUEEN with ID 4157.
[19:46:36] [Server thread/INFO]: Injected new Forge item material TWILIGHTFOREST_ITEM_CHARMOFLIFE1 with ID 4158.
[19:46:36] [Server thread/INFO]: Injected new Forge item material TWILIGHTFOREST_ITEM_CHARMOFLIFE2 with ID 4159.
[19:46:36] [Server thread/INFO]: Injected new Forge item material TWILIGHTFOREST_ITEM_CHARMOFKEEPING1 with ID 4160.
[19:46:36] [Server thread/INFO]: Injected new Forge item material TWILIGHTFOREST_ITEM_CHARMOFKEEPING2 with ID 4161.
[19:46:36] [Server thread/INFO]: Injected new Forge item material TWILIGHTFOREST_ITEM_CHARMOFKEEPING3 with ID 4162.
[19:46:36] [Server thread/INFO]: Injected new Forge item material TWILIGHTFOREST_ITEM_TOWERKEY with ID 4163.
[19:46:36] [Server thread/INFO]: Injected new Forge item material TWILIGHTFOREST_ITEM_BORERESSENCE with ID 4164.
[19:46:36] [Server thread/INFO]: Injected new Forge item material TWILIGHTFOREST_ITEM_CARMINITE with ID 4165.
[19:46:36] [Server thread/INFO]: Injected new Forge item material TWILIGHTFOREST_ITEM_EXPERIMENT115 with ID 4166.
[19:46:36] [Server thread/INFO]: Injected new Forge item material TWILIGHTFOREST_ITEM_ARMORSHARDS with ID 4167.
[19:46:36] [Server thread/INFO]: Injected new Forge item material TWILIGHTFOREST_ITEM_KNIGHTMETAL with ID 4168.
[19:46:36] [Server thread/INFO]: Injected new Forge item material TWILIGHTFOREST_ITEM_SHARDCLUSTER with ID 4169.
[19:46:36] [Server thread/INFO]: Injected new Forge item material TWILIGHTFOREST_ITEM_KNIGHTLYHELM with ID 4170.
[19:46:36] [Server thread/INFO]: Injected new Forge item material TWILIGHTFOREST_ITEM_KNIGHTLYPLATE with ID 4171.
[19:46:36] [Server thread/INFO]: Injected new Forge item material TWILIGHTFOREST_ITEM_KNIGHTLYLEGS with ID 4172.
[19:46:36] [Server thread/INFO]: Injected new Forge item material TWILIGHTFOREST_ITEM_KNIGHTLYBOOTS with ID 4173.
[19:46:36] [Server thread/INFO]: Injected new Forge item material TWILIGHTFOREST_ITEM_KNIGHTLYSWORD with ID 4174.
[19:46:36] [Server thread/INFO]: Injected new Forge item material TWILIGHTFOREST_ITEM_KNIGHTLYPICK with ID 4175.
[19:46:36] [Server thread/INFO]: Injected new Forge item material TWILIGHTFOREST_ITEM_KNIGHTLYAXE with ID 4176.
[19:46:36] [Server thread/INFO]: Injected new Forge item material TWILIGHTFOREST_ITEM_PHANTOMHELM with ID 4177.
[19:46:36] [Server thread/INFO]: Injected new Forge item material TWILIGHTFOREST_ITEM_PHANTOMPLATE with ID 4178.
[19:46:36] [Server thread/INFO]: Injected new Forge item material TWILIGHTFOREST_ITEM_LAMPOFCINDERS with ID 4179.
[19:46:36] [Server thread/INFO]: Injected new Forge item material TWILIGHTFOREST_ITEM_FIERYTEARS with ID 4180.
[19:46:36] [Server thread/INFO]: Injected new Forge item material TWILIGHTFOREST_ITEM_ALPHAFUR with ID 4181.
[19:46:36] [Server thread/INFO]: Injected new Forge item material TWILIGHTFOREST_ITEM_YETIHELM with ID 4182.
[19:46:36] [Server thread/INFO]: Injected new Forge item material TWILIGHTFOREST_ITEM_YETIPLATE with ID 4183.
[19:46:36] [Server thread/INFO]: Injected new Forge item material TWILIGHTFOREST_ITEM_YETILEGS with ID 4184.
[19:46:36] [Server thread/INFO]: Injected new Forge item material TWILIGHTFOREST_ITEM_YETIBOOTS with ID 4185.
[19:46:36] [Server thread/INFO]: Injected new Forge item material TWILIGHTFOREST_ITEM_ICEBOMB with ID 4186.
[19:46:36] [Server thread/INFO]: Injected new Forge item material TWILIGHTFOREST_ITEM_ARCTICFUR with ID 4187.
[19:46:36] [Server thread/INFO]: Injected new Forge item material TWILIGHTFOREST_ITEM_ARCTICHELM with ID 4188.
[19:46:36] [Server thread/INFO]: Injected new Forge item material TWILIGHTFOREST_ITEM_ARCTICPLATE with ID 4189.
[19:46:36] [Server thread/INFO]: Injected new Forge item material TWILIGHTFOREST_ITEM_ARCTICLEGS with ID 4190.
[19:46:36] [Server thread/INFO]: Injected new Forge item material TWILIGHTFOREST_ITEM_ARCTICBOOTS with ID 4191.
[19:46:36] [Server thread/INFO]: Injected new Forge item material TWILIGHTFOREST_ITEM_MAGICBEANS with ID 4192.
[19:46:36] [Server thread/INFO]: Injected new Forge item material TWILIGHTFOREST_ITEM_GIANTPICK with ID 4193.
[19:46:36] [Server thread/INFO]: Injected new Forge item material TWILIGHTFOREST_ITEM_GIANTSWORD with ID 4194.
[19:46:36] [Server thread/INFO]: Injected new Forge item material TWILIGHTFOREST_ITEM_TRIPLEBOW with ID 4195.
[19:46:36] [Server thread/INFO]: Injected new Forge item material TWILIGHTFOREST_ITEM_SEEKERBOW with ID 4196.
[19:46:36] [Server thread/INFO]: Injected new Forge item material TWILIGHTFOREST_ITEM_ICEBOW with ID 4197.
[19:46:36] [Server thread/INFO]: Injected new Forge item material TWILIGHTFOREST_ITEM_ENDERBOW with ID 4198.
[19:46:36] [Server thread/INFO]: Injected new Forge item material TWILIGHTFOREST_ITEM_ICESWORD with ID 4199.
[19:46:36] [Server thread/INFO]: Injected new Forge item material TWILIGHTFOREST_ITEM_GLASSSWORD with ID 4200.
[19:46:36] [Server thread/INFO]: Injected new Forge item material TWILIGHTFOREST_ITEM_TFSPAWNEGG with ID 4201.
[19:46:36] [Server thread/INFO]: Injected new Forge item material BAMBOOMOD_BOILEDEGG with ID 4202.
[19:46:36] [Server thread/INFO]: Injected new Forge item material BAMBOOMOD_BAMBOOBOW with ID 4203.
[19:46:36] [Server thread/INFO]: Injected new Forge item material BAMBOOMOD_ITEMTOMATO with ID 4204.
[19:46:36] [Server thread/INFO]: Injected new Forge item material BAMBOOMOD_ITEMBAMBOO with ID 4205.
[19:46:36] [Server thread/INFO]: Injected new Forge item material BAMBOOMOD_SLIDEDOOR with ID 4206.
[19:46:36] [Server thread/INFO]: Injected new Forge item material BAMBOOMOD_TUDURA with ID 4207.
[19:46:36] [Server thread/INFO]: Injected new Forge item material BAMBOOMOD_COOKINGRECIPE with ID 4208.
[19:46:36] [Server thread/INFO]: Injected new Forge item material BAMBOOMOD_ITEMSACK with ID 4209.
[19:46:36] [Server thread/INFO]: Injected new Forge item material BAMBOOMOD_ITEMFIREFLYBOTTLE with ID 4210.
[19:46:36] [Server thread/INFO]: Injected new Forge item material BAMBOOMOD_ITEMSEAWEED with ID 4211.
[19:46:36] [Server thread/INFO]: Injected new Forge item material BAMBOOMOD_ZABUTON with ID 4212.
[19:46:36] [Server thread/INFO]: Injected new Forge item material BAMBOOMOD_OBON with ID 4213.
[19:46:36] [Server thread/INFO]: Injected new Forge item material BAMBOOMOD_FIRECRACKER with ID 4214.
[19:46:36] [Server thread/INFO]: Injected new Forge item material BAMBOOMOD_SEEDRICE with ID 4215.
[19:46:36] [Server thread/INFO]: Injected new Forge item material BAMBOOMOD_BAMBOOFLOUR with ID 4216.
[19:46:36] [Server thread/INFO]: Injected new Forge item material BAMBOOMOD_BAMBOODUSTCRAY with ID 4217.
[19:46:36] [Server thread/INFO]: Injected new Forge item material BAMBOOMOD_BAMBOOPICKAXE with ID 4218.
[19:46:36] [Server thread/INFO]: Injected new Forge item material BAMBOOMOD_BAMBOODOUGH with ID 4219.
[19:46:36] [Server thread/INFO]: Injected new Forge item material BAMBOOMOD_RAWRICE with ID 4220.
[19:46:36] [Server thread/INFO]: Injected new Forge item material BAMBOOMOD_STRAW with ID 4221.
[19:46:36] [Server thread/INFO]: Injected new Forge item material BAMBOOMOD_MAGATAMA with ID 4222.
[19:46:36] [Server thread/INFO]: Injected new Forge item material BAMBOOMOD_KAKEZIKU with ID 4223.
[19:46:36] [Server thread/INFO]: Injected new Forge item material BAMBOOMOD_BAMBOOFOOD with ID 4224.
[19:46:36] [Server thread/INFO]: Injected new Forge item material BAMBOOMOD_WINDCHIME with ID 4225.
[19:46:36] [Server thread/INFO]: Injected new Forge item material BAMBOOMOD_WINDMILL with ID 4226.
[19:46:36] [Server thread/INFO]: Injected new Forge item material BAMBOOMOD_FAN with ID 4227.
[19:46:36] [Server thread/INFO]: Injected new Forge item material BAMBOOMOD_WATERWHEEL with ID 4228.
[19:46:36] [Server thread/INFO]: Injected new Forge item material BAMBOOMOD_SNOWBALL with ID 4229.
[19:46:36] [Server thread/INFO]: Injected new Forge item material BAMBOOMOD_SEEDSEAWEED with ID 4230.
[19:46:36] [Server thread/INFO]: Injected new Forge item material BAMBOOMOD_BAMBOOBASKET with ID 4231.
[19:46:36] [Server thread/INFO]: Injected new Forge item material BAMBOOMOD_BAMBOOSWORD with ID 4232.
[19:46:36] [Server thread/INFO]: Injected new Forge item material BAMBOOMOD_KATANA with ID 4233.
[19:46:36] [Server thread/INFO]: Injected new Forge item material BAMBOOMOD_HUTON with ID 4234.
[19:46:36] [Server thread/INFO]: Injected new Forge item material BAMBOOMOD_SHAVEDICE with ID 4235.
[19:46:36] [Server thread/INFO]: Injected new Forge item material BAMBOOMOD_BAMBOOSPEAR with ID 4236.
[19:46:36] [Server thread/INFO]: Injected new Forge item material BAMBOOMOD_ITEMBEAN with ID 4237.
[19:46:36] [Server thread/INFO]: Injected new Forge item material BAMBOOMOD_KAGINAWA with ID 4238.
[19:46:36] [Server thread/INFO]: Injected new Forge item material IRONCHEST_WOODIRONUPGRADE with ID 4239.
[19:46:36] [Server thread/INFO]: Injected new Forge item material IRONCHEST_DIAMONDOBSIDIANUPGRADE with ID 4240.
[19:46:36] [Server thread/INFO]: Injected new Forge item material IRONCHEST_GOLDDIAMONDUPGRADE with ID 4241.
[19:46:36] [Server thread/INFO]: Injected new Forge item material IRONCHEST_DIAMONDCRYSTALUPGRADE with ID 4242.
[19:46:36] [Server thread/INFO]: Injected new Forge item material IRONCHEST_COPPERSILVERUPGRADE with ID 4243.
[19:46:36] [Server thread/INFO]: Injected new Forge item material IRONCHEST_WOODCOPPERUPGRADE with ID 4244.
[19:46:36] [Server thread/INFO]: Injected new Forge item material IRONCHEST_COPPERIRONUPGRADE with ID 4245.
[19:46:36] [Server thread/INFO]: Injected new Forge item material IRONCHEST_IRONGOLDUPGRADE with ID 4246.
[19:46:36] [Server thread/INFO]: Injected new Forge item material IRONCHEST_SILVERGOLDUPGRADE with ID 4247.
[19:46:36] [Server thread/INFO]: Injected new Forge item material IC2_REACTORMOXQUADDEPLETED with ID 4248.
[19:46:36] [Server thread/INFO]: Injected new Forge item material IC2_ITEMBATSU with ID 4249.
[19:46:36] [Server thread/INFO]: Injected new Forge item material IC2_ITEMTURNINGBLANKS with ID 4250.
[19:46:36] [Server thread/INFO]: Injected new Forge item material IC2_REACTORMOXDUAL with ID 4251.
[19:46:36] [Server thread/INFO]: Injected new Forge item material IC2_ITEMDUST with ID 4252.
[19:46:36] [Server thread/INFO]: Injected new Forge item material IC2_ITEMMOX with ID 4253.
[19:46:36] [Server thread/INFO]: Injected new Forge item material IC2_ITEMLATHINGTOOL with ID 4254.
[19:46:36] [Server thread/INFO]: Injected new Forge item material IC2_ITEMTOOLCUTTER with ID 4255.
[19:46:36] [Server thread/INFO]: Injected new Forge item material IC2_ITEMTREETAPELECTRIC with ID 4256.
[19:46:36] [Server thread/INFO]: Injected new Forge item material IC2_ITEMUPGRADEKIT with ID 4257.
[19:46:36] [Server thread/INFO]: Injected new Forge item material IC2_ITEMDUST2 with ID 4258.
[19:46:36] [Server thread/INFO]: Injected new Forge item material IC2_ITEMFLUIDCELL with ID 4259.
[19:46:36] [Server thread/INFO]: Injected new Forge item material IC2_ITEMARMORJETPACKELECTRIC with ID 4260.
[19:46:36] [Server thread/INFO]: Injected new Forge item material IC2_ITEMPARTCARBONFIBRE with ID 4261.
[19:46:36] [Server thread/INFO]: Injected new Forge item material IC2_ITEMSTATICBOOTS with ID 4262.
[19:46:36] [Server thread/INFO]: Injected new Forge item material IC2_REACTORVENTGOLD with ID 4263.
[19:46:36] [Server thread/INFO]: Injected new Forge item material IC2_ITEMCELLEMPTY with ID 4264.
[19:46:36] [Server thread/INFO]: Injected new Forge item material IC2_ITEMARMORNANOLEGS with ID 4265.
[19:46:36] [Server thread/INFO]: Injected new Forge item material IC2_REACTORREFLECTORTHICK with ID 4266.
[19:46:36] [Server thread/INFO]: Injected new Forge item material IC2_ITEMPLUTONIUMSMALL with ID 4267.
[19:46:36] [Server thread/INFO]: Injected new Forge item material IC2_ITEMTOOLBRONZEAXE with ID 4268.
[19:46:36] [Server thread/INFO]: Injected new Forge item material IC2_ITEMBATRE with ID 4269.
[19:46:36] [Server thread/INFO]: Injected new Forge item material IC2_ITEMTOOLIRIDIUMDRILL with ID 4270.
[19:46:36] [Server thread/INFO]: Injected new Forge item material IC2_ITEMTREETAP with ID 4271.
[19:46:36] [Server thread/INFO]: Injected new Forge item material IC2_ITEMTOOLBRONZEPICKAXE with ID 4272.
[19:46:36] [Server thread/INFO]: Injected new Forge item material IC2_OBSCURATOR with ID 4273.
[19:46:36] [Server thread/INFO]: Injected new Forge item material IC2_ITEMTFBPIRRIGATION with ID 4274.
[19:46:36] [Server thread/INFO]: Injected new Forge item material IC2_ITEMTFBPMUSHROOM with ID 4275.
[19:46:36] [Server thread/INFO]: Injected new Forge item material IC2_REACTORPLATINGHEAT with ID 4276.
[19:46:36] [Server thread/INFO]: Injected new Forge item material IC2_ITEMPARTCOALBLOCK with ID 4277.
[19:46:36] [Server thread/INFO]: Injected new Forge item material IC2_ITEMPARTIRIDIUM with ID 4278.
[19:46:36] [Server thread/INFO]: Injected new Forge item material IC2_REACTORVENTCORE with ID 4279.
[19:46:36] [Server thread/INFO]: Injected new Forge item material IC2_REACTORCOOLANTTRIPLE with ID 4280.
[19:46:36] [Server thread/INFO]: Injected new Forge item material IC2_ITEMTOOLFORGEHAMMER with ID 4281.
[19:46:36] [Server thread/INFO]: Injected new Forge item material IC2_ITEMBATREDISCHARGED with ID 4282.
[19:46:36] [Server thread/INFO]: Injected new Forge item material IC2_ITEMCASING with ID 4283.
[19:46:36] [Server thread/INFO]: Injected new Forge item material IC2_ITEMARMORBRONZELEGS with ID 4284.
[19:46:36] [Server thread/INFO]: Injected new Forge item material IC2_ITEMARMORALLOYCHESTPLATE with ID 4285.
[19:46:36] [Server thread/INFO]: Injected new Forge item material IC2_ITEMFUELROD with ID 4286.
[19:46:36] [Server thread/INFO]: Injected new Forge item material IC2_ITEMTOOLBRONZESWORD with ID 4287.
[19:46:36] [Server thread/INFO]: Injected new Forge item material IC2_ITEMARMORBRONZEBOOTS with ID 4288.
[19:46:36] [Server thread/INFO]: Injected new Forge item material IC2_REACTORURANIUMQUAD with ID 4289.
[19:46:36] [Server thread/INFO]: Injected new Forge item material IC2_ITEMARMORENERGYPACK with ID 4290.
[19:46:36] [Server thread/INFO]: Injected new Forge item material IC2_ITEMTURNINGBLANKSWOOD with ID 4291.
[19:46:36] [Server thread/INFO]: Injected new Forge item material IC2_ITEMTOOLPAINTERCYAN with ID 4292.
[19:46:36] [Server thread/INFO]: Injected new Forge item material IC2_ITEMPURIFIEDCRUSHEDORE with ID 4293.
[19:46:36] [Server thread/INFO]: Injected new Forge item material IC2_ITEMARMORQUANTUMBOOTS with ID 4294.
[19:46:36] [Server thread/INFO]: Injected new Forge item material IC2_REACTORURANIUMSIMPLE with ID 4295.
[19:46:36] [Server thread/INFO]: Injected new Forge item material IC2_ITEMSHARDIRIDIUM with ID 4296.
[19:46:36] [Server thread/INFO]: Injected new Forge item material IC2_ITEMTOOLPAINTERYELLOW with ID 4297.
[19:46:36] [Server thread/INFO]: Injected new Forge item material IC2_ITEMTOOLPAINTERCLOUD with ID 4298.
[19:46:36] [Server thread/INFO]: Injected new Forge item material IC2_ITEMARMORNANOHELMET with ID 4299.
[19:46:36] [Server thread/INFO]: Injected new Forge item material IC2_ITEMTOOLPAINTERORANGE with ID 4300.
[19:46:36] [Server thread/INFO]: Injected new Forge item material IC2_REACTORCONDENSATORLAP with ID 4301.
[19:46:36] [Server thread/INFO]: Injected new Forge item material IC2_ITEMTOOLMININGLASER with ID 4302.
[19:46:36] [Server thread/INFO]: Injected new Forge item material IC2_ITEMTFBPFLATIFICATION with ID 4303.
[19:46:36] [Server thread/INFO]: Injected new Forge item material IC2_ITEMARMORHAZMATCHESTPLATE with ID 4304.
[19:46:36] [Server thread/INFO]: Injected new Forge item material IC2_UPGRADEMODULE with ID 4305.
[19:46:36] [Server thread/INFO]: Injected new Forge item material IC2_ITEMCOIN with ID 4306.
[19:46:36] [Server thread/INFO]: Injected new Forge item material IC2_ITEMARMORRUBBOOTS with ID 4307.
[19:46:36] [Server thread/INFO]: Injected new Forge item material IC2_ITEMPARTCFPOWDER with ID 4308.
[19:46:36] [Server thread/INFO]: Injected new Forge item material IC2_ITEMGRINPOWDER with ID 4309.
[19:46:36] [Server thread/INFO]: Injected new Forge item material IC2_ITEMINGOT with ID 4310.
[19:46:36] [Server thread/INFO]: Injected new Forge item material IC2_ITEMDENSEPLATES with ID 4311.
[19:46:36] [Server thread/INFO]: Injected new Forge item material IC2_ITEMWEEDINGTROWEL with ID 4312.
[19:46:36] [Server thread/INFO]: Injected new Forge item material IC2_ITEMTFBPDESERTIFICATION with ID 4313.
[19:46:36] [Server thread/INFO]: Injected new Forge item material IC2_ITEMTOOLPAINTER with ID 4314.
[19:46:36] [Server thread/INFO]: Injected new Forge item material IC2_ITEMPLATES with ID 4315.
[19:46:36] [Server thread/INFO]: Injected new Forge item material IC2_ITEMFERTILIZER with ID 4316.
[19:46:36] [Server thread/INFO]: Injected new Forge item material IC2_REACTORCONDENSATOR with ID 4317.
[19:46:36] [Server thread/INFO]: Injected new Forge item material IC2_ITEMARMORNANOBOOTS with ID 4318.
[19:46:36] [Server thread/INFO]: Injected new Forge item material IC2_ITEMPLUTONIUM with ID 4319.
[19:46:36] [Server thread/INFO]: Injected new Forge item material IC2_ITEMBOAT with ID 4320.
[19:46:36] [Server thread/INFO]: Injected new Forge item material IC2_ITEMMUGEMPTY with ID 4321.
[19:46:36] [Server thread/INFO]: Injected new Forge item material IC2_ITEMCOFEEBEANS with ID 4322.
[19:46:36] [Server thread/INFO]: Injected new Forge item material IC2_ITEMCOFEEPOWDER with ID 4323.
[19:46:36] [Server thread/INFO]: Injected new Forge item material IC2_REACTORMOXDUALDEPLETED with ID 4324.
[19:46:36] [Server thread/INFO]: Injected new Forge item material IC2_ITEMREMOTE with ID 4325.
[19:46:36] [Server thread/INFO]: Injected new Forge item material IC2_ITEMARMORHAZMATLEGGINGS with ID 4326.
[19:46:36] [Server thread/INFO]: Injected new Forge item material IC2_ITEMBATCHARGECRYSTAL with ID 4327.
[19:46:36] [Server thread/INFO]: Injected new Forge item material IC2_ITEMCROPSEED with ID 4328.
[19:46:36] [Server thread/INFO]: Injected new Forge item material IC2_ITEMIRONROTOR with ID 4329.
[19:46:36] [Server thread/INFO]: Injected new Forge item material IC2_ITEMTOOLPAINTERWHITE with ID 4330.
[19:46:36] [Server thread/INFO]: Injected new Forge item material IC2_ITEMWCARBONROTOR with ID 4331.
[19:46:36] [Server thread/INFO]: Injected new Forge item material IC2_REACTORHEATSWITCHCORE with ID 4332.
[19:46:36] [Server thread/INFO]: Injected new Forge item material IC2_ITEMARMORBRONZEHELMET with ID 4333.
[19:46:36] [Server thread/INFO]: Injected new Forge item material IC2_ITEMIRONBLOCKCUTTINGBLADE with ID 4334.
[19:46:36] [Server thread/INFO]: Injected new Forge item material IC2_ITEMADVIRONBLOCKCUTTINGBLADE with ID 4335.
[19:46:36] [Server thread/INFO]: Injected new Forge item material IC2_ITEMTOOLCHAINSAW with ID 4336.
[19:46:36] [Server thread/INFO]: Injected new Forge item material IC2_ITEMSCANNERADV with ID 4337.
[19:46:36] [Server thread/INFO]: Injected new Forge item material IC2_REACTORMOXSIMPLE with ID 4338.
[19:46:36] [Server thread/INFO]: Injected new Forge item material IC2_REACTORLITHIUMCELL with ID 4339.
[19:46:36] [Server thread/INFO]: Injected new Forge item material IC2_ITEMTOOLBRONZEHOE with ID 4340.
[19:46:36] [Server thread/INFO]: Injected new Forge item material IC2_ITEMCRYSTALMEMORY with ID 4341.
[19:46:36] [Server thread/INFO]: Injected new Forge item material IC2_ITEMARMORQUANTUMCHESTPLATE with ID 4342.
[19:46:36] [Server thread/INFO]: Injected new Forge item material IC2_REACTORVENTSPREAD with ID 4343.
[19:46:36] [Server thread/INFO]: Injected new Forge item material IC2_ITEMTOOLPAINTERLIGHTGREY with ID 4344.
[19:46:36] [Server thread/INFO]: Injected new Forge item material IC2_ITEMTOOLPAINTERBLUE with ID 4345.
[19:46:36] [Server thread/INFO]: Injected new Forge item material IC2_REACTORREFLECTOR with ID 4346.
[19:46:36] [Server thread/INFO]: Injected new Forge item material IC2_ITEMTOOLPAINTERMAGENTA with ID 4347.
[19:46:36] [Server thread/INFO]: Injected new Forge item material IC2_ITEMTOOLMETER with ID 4348.
[19:46:36] [Server thread/INFO]: Injected new Forge item material IC2_ITEMARMORNANOCHESTPLATE with ID 4349.
[19:46:36] [Server thread/INFO]: Injected new Forge item material IC2_ITEMSTEAMTURBINEBLADE with ID 4350.
[19:46:36] [Server thread/INFO]: Injected new Forge item material IC2_ITEMCONTAINMENTBOX with ID 4351.
[19:46:36] [Server thread/INFO]: Injected new Forge item material IC2_ITEMRECIPEPART with ID 4352.
[19:46:36] [Server thread/INFO]: Injected new Forge item material IC2_ITEMSCRAP with ID 4353.
[19:46:36] [Server thread/INFO]: Injected new Forge item material IC2_ITEMTINCAN with ID 4354.
[19:46:36] [Server thread/INFO]: Injected new Forge item material IC2_REACTORURANIUMDUAL with ID 4355.
[19:46:36] [Server thread/INFO]: Injected new Forge item material IC2_REACTORHEATSWITCHSPREAD with ID 4356.
[19:46:36] [Server thread/INFO]: Injected new Forge item material IC2_ITEMDYNAMITESTICKY with ID 4357.
[19:46:36] [Server thread/INFO]: Injected new Forge item material IC2_ITEMTOOLPAINTERRED with ID 4358.
[19:46:36] [Server thread/INFO]: Injected new Forge item material IC2_ITEMSCRAPBOX with ID 4359.
[19:46:36] [Server thread/INFO]: Injected new Forge item material IC2_ITEMBATLAMACRYSTAL with ID 4360.
[19:46:36] [Server thread/INFO]: Injected new Forge item material IC2_REACTORVENTDIAMOND with ID 4361.
[19:46:36] [Server thread/INFO]: Injected new Forge item material IC2_ITEMWEED with ID 4362.
[19:46:36] [Server thread/INFO]: Injected new Forge item material IC2_ITEMDOORALLOY with ID 4363.
[19:46:36] [Server thread/INFO]: Injected new Forge item material IC2_ITEMTOOLPAINTERPINK with ID 4364.
[19:46:36] [Server thread/INFO]: Injected new Forge item material IC2_REACTORCOOLANTSIX with ID 4365.
[19:46:36] [Server thread/INFO]: Injected new Forge item material IC2_ITEMTOOLPAINTERDARKGREY with ID 4366.
[19:46:36] [Server thread/INFO]: Injected new Forge item material IC2_ITEMTOOLDDRILL with ID 4367.
[19:46:36] [Server thread/INFO]: Injected new Forge item material IC2_ITEMARMORADVBATPACK with ID 4368.
[19:46:36] [Server thread/INFO]: Injected new Forge item material IC2_ITEMHOPS with ID 4369.
[19:46:36] [Server thread/INFO]: Injected new Forge item material IC2_ITEMSOLARHELMET with ID 4370.
[19:46:36] [Server thread/INFO]: Injected new Forge item material IC2_ITEMNANOSABER with ID 4371.
[19:46:36] [Server thread/INFO]: Injected new Forge item material IC2_ITEMDYNAMITE with ID 4372.
[19:46:36] [Server thread/INFO]: Injected new Forge item material IC2_ITEMFOAMSPRAYER with ID 4373.
[19:46:36] [Server thread/INFO]: Injected new Forge item material IC2_ITEMTOOLPAINTERGREEN with ID 4374.
[19:46:36] [Server thread/INFO]: Injected new Forge item material IC2_ITEMBARREL with ID 4375.
[19:46:36] [Server thread/INFO]: Injected new Forge item material IC2_ITEMNIGHTVISIONGOGGLES with ID 4376.
[19:46:36] [Server thread/INFO]: Injected new Forge item material IC2_ITEMTOOLPAINTERLIME with ID 4377.
[19:46:36] [Server thread/INFO]: Injected new Forge item material IC2_ITEMHARZ with ID 4378.
[19:46:36] [Server thread/INFO]: Injected new Forge item material IC2_WINDMETER with ID 4379.
[19:46:36] [Server thread/INFO]: Injected new Forge item material IC2_ITEMTERRAWART with ID 4380.
[19:46:36] [Server thread/INFO]: Injected new Forge item material IC2_REACTORURANIUMQUADDEPLETED with ID 4381.
[19:46:36] [Server thread/INFO]: Injected new Forge item material IC2_REACTORURANIUMDUALDEPLETED with ID 4382.
[19:46:36] [Server thread/INFO]: Injected new Forge item material IC2_ITEMTFBPCULTIVATION with ID 4383.
[19:46:36] [Server thread/INFO]: Injected new Forge item material IC2_ITEMSCANNER with ID 4384.
[19:46:36] [Server thread/INFO]: Injected new Forge item material IC2_REACTORMOXQUAD with ID 4385.
[19:46:36] [Server thread/INFO]: Injected new Forge item material IC2_ITEMURAN with ID 4386.
[19:46:36] [Server thread/INFO]: Injected new Forge item material IC2_ITEMBATCRYSTAL with ID 4387.
[19:46:36] [Server thread/INFO]: Injected new Forge item material IC2_ITEMTOOLWRENCHELECTRIC with ID 4388.
[19:46:36] [Server thread/INFO]: Injected new Forge item material IC2_REACTORHEATSWITCHDIAMOND with ID 4389.
[19:46:36] [Server thread/INFO]: Injected new Forge item material IC2_ITEMPARTINDUSTRIALDIAMOND with ID 4390.
[19:46:36] [Server thread/INFO]: Injected new Forge item material IC2_ITEMDUSTSMALL with ID 4391.
[19:46:36] [Server thread/INFO]: Injected new Forge item material IC2_ITEMTOOLWRENCH with ID 4392.
[19:46:36] [Server thread/INFO]: Injected new Forge item material IC2_ITEMTFBP with ID 4393.
[19:46:36] [Server thread/INFO]: Injected new Forge item material IC2_ITEMCELLHYDRANT with ID 4394.
[19:46:36] [Server thread/INFO]: Injected new Forge item material IC2_ITEMRTGPELLET with ID 4395.
[19:46:36] [Server thread/INFO]: Injected new Forge item material IC2_ITEMARMORQUANTUMHELMET with ID 4396.
[19:46:36] [Server thread/INFO]: Injected new Forge item material IC2_ITEMBATCHARGERE with ID 4397.
[19:46:36] [Server thread/INFO]: Injected new Forge item material IC2_ITEMTOOLDRILL with ID 4398.
[19:46:36] [Server thread/INFO]: Injected new Forge item material IC2_ITEMPARTCIRCUIT with ID 4399.
[19:46:36] [Server thread/INFO]: Injected new Forge item material IC2_PLASMALAUNCHER with ID 4400.
[19:46:36] [Server thread/INFO]: Injected new Forge item material IC2_ITEMSTEAMTURBINE with ID 4401.
[19:46:36] [Server thread/INFO]: Injected new Forge item material IC2_REACTORVENT with ID 4402.
[19:46:36] [Server thread/INFO]: Injected new Forge item material IC2_ITEMMUGBOOZE with ID 4403.
[19:46:36] [Server thread/INFO]: Injected new Forge item material IC2_ITEMCROPNALYZER with ID 4404.
[19:46:36] [Server thread/INFO]: Injected new Forge item material IC2_ITEMTOOLPAINTERPURPLE with ID 4405.
[19:46:36] [Server thread/INFO]: Injected new Forge item material IC2_ITEMPARTCOALBALL with ID 4406.
[19:46:36] [Server thread/INFO]: Injected new Forge item material IC2_ITEMTINCANFILLED with ID 4407.
[19:46:36] [Server thread/INFO]: Injected new Forge item material IC2_REACTORCOOLANTSIMPLE with ID 4408.
[19:46:36] [Server thread/INFO]: Injected new Forge item material IC2_ITEMTFBPCHILLING with ID 4409.
[19:46:36] [Server thread/INFO]: Injected new Forge item material IC2_ITEMCABLE with ID 4410.
[19:46:36] [Server thread/INFO]: Injected new Forge item material IC2_ITEMTRITIUMCELL with ID 4411.
[19:46:36] [Server thread/INFO]: Injected new Forge item material IC2_ITEMARMORBRONZECHESTPLATE with ID 4412.
[19:46:36] [Server thread/INFO]: Injected new Forge item material IC2_ITEMADVBAT with ID 4413.
[19:46:36] [Server thread/INFO]: Injected new Forge item material IC2_REACTORURANIUMSIMPLEDEPLETED with ID 4414.
[19:46:36] [Server thread/INFO]: Injected new Forge item material IC2_ITEMWEEDEX with ID 4415.
[19:46:36] [Server thread/INFO]: Injected new Forge item material IC2_ITEMPARTCARBONPLATE with ID 4416.
[19:46:36] [Server thread/INFO]: Injected new Forge item material IC2_ITEMARMORJETPACK with ID 4417.
[19:46:36] [Server thread/INFO]: Injected new Forge item material IC2_ITEMRUBBER with ID 4418.
[19:46:36] [Server thread/INFO]: Injected new Forge item material IC2_ITEMARMORBATPACK with ID 4419.
[19:46:36] [Server thread/INFO]: Injected new Forge item material IC2_ITEMFREQ with ID 4420.
[19:46:36] [Server thread/INFO]: Injected new Forge item material IC2_REACTORHEATSWITCH with ID 4421.
[19:46:36] [Server thread/INFO]: Injected new Forge item material IC2_ITEMBIOCHAFF with ID 4422.
[19:46:36] [Server thread/INFO]: Injected new Forge item material IC2_ITEMPARTALLOY with ID 4423.
[19:46:36] [Server thread/INFO]: Injected new Forge item material IC2_ITEMURAN235 with ID 4424.
[19:46:36] [Server thread/INFO]: Injected new Forge item material IC2_ITEMBATCHARGELAMACRYSTAL with ID 4425.
[19:46:36] [Server thread/INFO]: Injected new Forge item material IC2_ITEMTOOLBRONZESPADE with ID 4426.
[19:46:36] [Server thread/INFO]: Injected new Forge item material IC2_ITEMDEBUG with ID 4427.
[19:46:36] [Server thread/INFO]: Injected new Forge item material IC2_ITEMTOOLPAINTERBROWN with ID 4428.
[19:46:36] [Server thread/INFO]: Injected new Forge item material IC2_ITEMARMORQUANTUMLEGS with ID 4429.
[19:46:36] [Server thread/INFO]: Injected new Forge item material IC2_REACTORMOXSIMPLEDEPLETED with ID 4430.
[19:46:36] [Server thread/INFO]: Injected new Forge item material IC2_REACTORPLATING with ID 4431.
[19:46:36] [Server thread/INFO]: Injected new Forge item material IC2_ITEMDIAMONDBLOCKCUTTINGBLADE with ID 4432.
[19:46:36] [Server thread/INFO]: Injected new Forge item material IC2_ITEMURAN238 with ID 4433.
[19:46:36] [Server thread/INFO]: Injected new Forge item material IC2_REACTORPLATINGEXPLOSIVE with ID 4434.
[19:46:36] [Server thread/INFO]: Injected new Forge item material IC2_ITEMTOOLHOE with ID 4435.
[19:46:36] [Server thread/INFO]: Injected new Forge item material IC2_ITEMARMORCFPACK with ID 4436.
[19:46:36] [Server thread/INFO]: Injected new Forge item material IC2_ITEMSTEELROTOR with ID 4437.
[19:46:36] [Server thread/INFO]: Injected new Forge item material IC2_ITEMCRUSHEDORE with ID 4438.
[19:46:36] [Server thread/INFO]: Injected new Forge item material IC2_ITEMPARTCOALCHUNK with ID 4439.
[19:46:36] [Server thread/INFO]: Injected new Forge item material IC2_ITEMARMORHAZMATHELMET with ID 4440.
[19:46:36] [Server thread/INFO]: Injected new Forge item material IC2_ITEMSLAG with ID 4441.
[19:46:36] [Server thread/INFO]: Injected new Forge item material IC2_ITEMURAN235SMALL with ID 4442.
[19:46:36] [Server thread/INFO]: Injected new Forge item material IC2_ITEMOREIRIDIUM with ID 4443.
[19:46:36] [Server thread/INFO]: Injected new Forge item material IC2_ITEMTOOLBOX with ID 4444.
[19:46:36] [Server thread/INFO]: Injected new Forge item material IC2_ITEMTOOLPAINTERBLACK with ID 4445.
[19:46:36] [Server thread/INFO]: Injected new Forge item material IC2_ITEMMUGCOFFEE with ID 4446.
[19:46:36] [Server thread/INFO]: Injected new Forge item material IC2_ITEMWOODROTOR with ID 4447.
[19:46:36] [Server thread/INFO]: Injected new Forge item material IC2_ITEMFUELPLANTBALL with ID 4448.
[19:46:36] [Server thread/INFO]: Injected new Forge item material IC2_ITEMPARTCIRCUITADV with ID 4449.
[19:46:36] [Server thread/INFO]: Injected new Forge item material IC2_ITEMBATCHARGEADV with ID 4450.
[19:46:36] [Server thread/INFO]: Injected new Forge item material IC2_ITEMPARTCARBONMESH with ID 4451.
[19:46:37] [Server thread/INFO]: Mapping loaded 11 packages, 7841 classes, 26711 fields, 53884 methods, flags 1ffa
[19:46:37] [Server thread/INFO]: Loaded inheritance map of 895 classes
[19:46:37] [Server thread/WARN]: =============================================================
[19:46:37] [Server thread/WARN]: MOD HAS DIRECT REFERENCE System.exit() THIS IS NOT ALLOWED REROUTING TO FMLCommonHandler!
[19:46:37] [Server thread/WARN]: Offendor: net/md_5/specialsource/SpecialSource.main([Ljava/lang/String;)V
[19:46:37] [Server thread/WARN]: =============================================================
[19:46:37] [Server thread/WARN]: =============================================================
[19:46:37] [Server thread/WARN]: MOD HAS DIRECT REFERENCE System.exit() THIS IS NOT ALLOWED REROUTING TO FMLCommonHandler!
[19:46:37] [Server thread/WARN]: Offendor: net/md_5/specialsource/SpecialSource.main([Ljava/lang/String;)V
[19:46:37] [Server thread/WARN]: =============================================================
[19:46:37] [Server thread/WARN]: =============================================================
[19:46:37] [Server thread/WARN]: MOD HAS DIRECT REFERENCE System.exit() THIS IS NOT ALLOWED REROUTING TO FMLCommonHandler!
[19:46:37] [Server thread/WARN]: Offendor: net/md_5/specialsource/SpecialSource.main([Ljava/lang/String;)V
[19:46:37] [Server thread/WARN]: =============================================================
[19:46:37] [Server thread/WARN]: =============================================================
[19:46:37] [Server thread/WARN]: MOD HAS DIRECT REFERENCE System.exit() THIS IS NOT ALLOWED REROUTING TO FMLCommonHandler!
[19:46:37] [Server thread/WARN]: Offendor: net/md_5/specialsource/SpecialSource.main([Ljava/lang/String;)V
[19:46:37] [Server thread/WARN]: =============================================================
[19:46:37] [Server thread/INFO]: [Lockette] Loading Lockette v1.7.10
[19:46:37] [Server thread/INFO]: [WorldEdit] Loading WorldEdit v6.0;3342-78f975b9
[19:46:37] [Server thread/INFO]: [Essentials] Loading Essentials v2.13.1
[19:46:37] [Server thread/INFO]: [EssentialsChat] Loading EssentialsChat v2.13.1
[19:46:37] [Server thread/INFO]: [EssentialsProtect] Loading EssentialsProtect v2.13.1
[19:46:37] [Server thread/INFO]: [EssentialsSpawn] Loading EssentialsSpawn v2.13.1
[19:46:37] [Server thread/INFO]: [EssentialsAntiBuild] Loading EssentialsAntiBuild v2.13.1
[19:46:37] [Server thread/INFO]: [AuthMe] Loading AuthMe v3.5-SNAPSHOT
[19:46:37] [Server thread/INFO]: Adding biome mapping 40 Twilight Lake at BiomeBase[40]
[19:46:37] [Server thread/INFO]: Adding biome mapping 41 Twilight Forest at BiomeBase[41]
[19:46:37] [Server thread/INFO]: Adding biome mapping 42 Dense Twilight Forest at BiomeBase[42]
[19:46:37] [Server thread/INFO]: Adding biome mapping 43 Highlands at BiomeBase[43]
[19:46:37] [Server thread/INFO]: Adding biome mapping 44 Mushroom Forest at BiomeBase[44]
[19:46:37] [Server thread/INFO]: Adding biome mapping 45 Twilight Swamp at BiomeBase[45]
[19:46:37] [Server thread/INFO]: Adding biome mapping 46 Twilight Stream at BiomeBase[46]
[19:46:37] [Server thread/INFO]: Adding biome mapping 47 Snowy Forest at BiomeBase[47]
[19:46:37] [Server thread/INFO]: Adding biome mapping 48 Twilight Glacier at BiomeBase[48]
[19:46:37] [Server thread/INFO]: Adding biome mapping 49 Twilight Clearing at BiomeBase[49]
[19:46:37] [Server thread/INFO]: Adding biome mapping 50 Oak Savanna at BiomeBase[50]
[19:46:37] [Server thread/INFO]: Adding biome mapping 51 Lighted Forest at BiomeBase[51]
[19:46:37] [Server thread/INFO]: Adding biome mapping 52 Deep Mushroom Forest at BiomeBase[52]
[19:46:37] [Server thread/INFO]: Adding biome mapping 53 Dark Forest Center at BiomeBase[53]
[19:46:37] [Server thread/INFO]: Adding biome mapping 54 Highlands Center at BiomeBase[54]
[19:46:37] [Server thread/INFO]: Adding biome mapping 55 Dark Forest at BiomeBase[55]
[19:46:37] [Server thread/INFO]: Adding biome mapping 56 Enchanted Forest at BiomeBase[56]
[19:46:37] [Server thread/INFO]: Adding biome mapping 57 Fire Swamp at BiomeBase[57]
[19:46:37] [Server thread/INFO]: Adding biome mapping 58 Thornlands at BiomeBase[58]
[19:46:37] [Server thread/INFO]: Loading dimension 0 (skarn) (net.minecraft.server.dedicated.DedicatedServer@66040474)
[19:46:37] [Server thread/INFO]: Loading dimension 7 (DIM7) (net.minecraft.server.dedicated.DedicatedServer@66040474)
[19:46:38] [Server thread/INFO]: Loading dimension 1 (DIM1) (net.minecraft.server.dedicated.DedicatedServer@66040474)
[19:46:38] [Server thread/INFO]: Loading dimension -1 (DIM-1) (net.minecraft.server.dedicated.DedicatedServer@66040474)
[19:46:38] [Server thread/INFO]: Preparing start region for level 0
[19:46:38] [Server thread/INFO]: [Lockette] Enabling Lockette v1.7.10
[19:46:38] [Server thread/INFO]: [Lockette] Version 1.7.10 is being enabled!  Yay!  (Core version 1.3.7)
[19:46:38] [Server thread/WARN]: [Lockette] Craftbukkit build unrecognized, please be sure you have build [2502] or greater.
[19:46:38] [Server thread/INFO]: [Lockette] Custom lockable block list: [116, 84, 57, 145]
[19:46:38] [Server thread/INFO]: [Lockette] Ignoring linked plugins: [mcMMO]
[19:46:38] [Server thread/INFO]: [Lockette] Loading strings file for English by Acru
[19:46:38] [Server thread/INFO]: [Lockette] Using ops file for admin permissions.
[19:46:38] [Server thread/INFO]: [Lockette] Ready to protect your containers.
[19:46:38] [Server thread/INFO]: [WorldEdit] Enabling WorldEdit v6.0;3342-78f975b9
[19:46:39] [Server thread/INFO]: WEPIF: Using the Bukkit Permissions API.
[19:46:39] [Server thread/WARN]: [WorldEdit] 
**********************************************
** This WorldEdit version does not fully support your version of Bukkit.
**
** When working with blocks or undoing, chests will be empty, signs
** will be blank, and so on. There will be no support for entity
** and biome-related functions.
**
** Please see http://wiki.sk89q.com/wiki/WorldEdit/Bukkit_adapters
**********************************************

[19:46:39] [Server thread/INFO]: [Essentials] Enabling Essentials v2.13.1
[19:46:39] [Server thread/INFO]: Bukkit版本已改变
[19:46:39] [Server thread/INFO]: git-Cauldron-MCPC-Plus-1.7.10-1.1206.01.170 (MC: 1.7.10)
[19:46:39] [Server thread/INFO]: 1.7.10-R0.1-SNAPSHOT
[19:46:39] [Server thread/INFO]: Using locale zh
[19:46:39] [Server thread/INFO]: Using locale zh
[19:46:39] [Server thread/INFO]: Essentials: Using config file enhanced permissions.
[19:46:39] [Server thread/INFO]: Permissions listed in as player-commands will be given to all users.
[19:46:39] [Server thread/INFO]: [EssentialsChat] Enabling EssentialsChat v2.13.1
[19:46:39] [Server thread/INFO]: [EssentialsProtect] Enabling EssentialsProtect v2.13.1
[19:46:39] [Server thread/INFO]: [EssentialsSpawn] Enabling EssentialsSpawn v2.13.1
[19:46:39] [Server thread/INFO]: [EssentialsAntiBuild] Enabling EssentialsAntiBuild v2.13.1
[19:46:39] [Server thread/INFO]: [AuthMe] Enabling AuthMe v3.5-SNAPSHOT
[19:46:39] [Server thread/INFO]: [AuthMe] Loading Configuration File...
[19:46:39] [Server thread/INFO]: [AuthMe] Set Language: en
[19:46:39] [Server thread/INFO]: [AuthMe] Hook with Essentials plugin
[19:46:39] [Server thread/INFO]: [AuthMe] Hook with EssentialsSpawn plugin
[19:46:40] [Server thread/INFO]: [AuthMe] [LICENSE] This product includes GeoLite data created by MaxMind, available from http://www.maxmind.com
[19:46:40] [Server thread/INFO]: [AuthMe] [SPONSOR] AuthMe is sponsored and hook perfectly with server hosting VERYGAMES, rent your server for only 1.99$/months
[19:46:40] [Server thread/INFO]: [AuthMe] [SPONSOR] Look Minecraft and other offers on www.verygames.net ! 
[19:46:40] [Server thread/INFO]: [AuthMe] Authme 3.5-SNAPSHOT enabled
[19:46:40] [Server thread/INFO]: Server permissions file permissions.yml is empty, ignoring it
[19:46:40] [Server thread/INFO]: Done (3.697s)! For help, type "help" or "?"
[19:46:40] [Server thread/INFO]: Registered command forge with permission node net.minecraftforge.server.command.ForgeCommand
[19:46:40] [Server thread/INFO]: Registered command ic2 with permission node ic2.core.command.CommandIc2
[19:46:40] [Server thread/INFO]: Registered command tps with permission node ic2.core.command.CommandTps
[19:46:40] [Server thread/INFO]: Registered command tffeature with permission node twilightforest.CommandTFFeature
[19:47:03] [Server thread/INFO]: CONSOLE: Opped sola
